/data/json/#Busan_since_2010-01-01_until_2019-10-26?2014.json
/data/json/#China_since_2019-10-27_until_2019-12-31?2019.json
/data/json/#Busan_since_2010-01-01_until_2019-10-26?2014.json
/data/json/#China_since_2019-10-27_until_2019-12-31?2019.json
/data/json/#Taipei_since_2010-01-02_until_2019-12-31?2015.json
/data/json/#Tokyo_since_2015-01-13_until_2015-11-09?2015.json
/data/json/#iingwen_since_2016-06-28_until_2019-12-31?2018.json
/data/json/#NewZealand_since_2010-01-01_until_2019-07-30?2016.json
/data/json/#Malaysia_since_2010-01-01_until_2019-10-26.json
/data/json/#India_since_2015-09-10_until_2015-12-02?2015.json
/data/json/#JuliaGillard_since_2010-06-24_until_2013-06-27?2013.json
/data/json/#Vietnam_since_2010-01-01_until_2019-12-31?2017.json
/data/json/#Manila_since_2010-01-01_until_2019-10-26?2013.json
/data/json/#Bombay_since_2010-01-01_until_2019-12-31?2015.json
/data/json/#Bangkok_since_2010-01-01_until_2018-10-16?2013.json
/data/json/#Thailand_since_2019-09-10_until_2019-12-31.json
/data/json/#Altankhuyag_since_2012-09-08_until_2014-11-05?2014.json
/data/json/#Japan_since_2018-11-17_until_2019-03-18?2019.json
/data/json/#HongKong_since_2010-01-01_until_2014-10-06?2011.json
/data/json/#Vietnam_since_2010-01-01_until_2019-12-31?2019.json
/data/json/#UnitedStates_since_2010-01-01_until_2019-10-26?2013.json
/data/json/#Colombo_since_2010-01-01_until_2019-12-31?2017.json
/data/json/#Japan_since_2019-01-21_until_2019-03-18.json
parse error: Expected separator between values at line 1, column 494
/data/json/#Colombo_since_2010-01-01_until_2019-12-31?2013.json
/data/json/#HoChiMinhCity_since_2010-01-01_until_2019-12-31?2013.json
/data/json/#Sydney_since_2016-12-18_until_2019-10-26?2019.json
/data/json/#SriLanka_since_2016-07-28_until_2019-12-31?2018.json
/data/json/#AbeShinzo_since_2019-03-15_until_2019-12-31?2019.json
/data/json/#Taipei_since_2010-01-02_until_2019-12-31?2017.json
/data/json/#Busan_since_2010-01-01_until_2019-10-26?2011.json
/data/json/#Dhaka_since_2019-10-27_until_2019-12-31?2019.json
/data/json/#PresRajapaksa_since_2013-01-14_until_2015-01-09?2015.json
/data/json/#India_since_2015-12-03_until_2017-11-17.json
./json_to_bert-csv.sh: line 3:  2466 Killed                  jq -r '.[] | [.text] | @csv' $file_name > /data/csv/$new_file
/data/json/#Bombay_since_2010-01-01_until_2019-12-31?2010.json
/data/json/#Australia_since_2011-06-16_until_2014-04-25?2014.json
/data/json/#HoChiMinhCity_since_2010-01-01_until_2019-12-31?2016.json
/data/json/#BarackObama_since_2013-10-01_until_2017-01-20?2013.json
/data/json/#Taipei_since_2010-01-02_until_2019-12-31?2018.json
/data/json/#Taipei_since_2010-01-02_until_2019-12-31?2012.json
/data/json/#China_since_2013-09-30_until_2013-12-06?2013.json
/data/json/#UnitedStates_since_2010-01-01_until_2019-10-26?2010.json
/data/json/#Mongolia_since_2010-01-01_until_2019-12-31?2013.json
/data/json/#jokowi_since_2018-07-19_until_2019-12-31?2019.json
/data/json/#NajibRazak_since_2010-01-07_until_2018-05-10?2012.json
/data/json/#NewYork_since_2016-06-25_until_2016-10-27?2016.json
/data/json/#Bangkok_since_2010-01-01_until_2018-10-16?2010.json
/data/json/#Japan_since_2015-03-24_until_2017-01-26.json
./json_to_bert-csv.sh: line 3:  2508 Killed                  jq -r '.[] | [.text] | @csv' $file_name > /data/csv/$new_file
/data/json/#NewYork_since_2012-11-08_until_2015-02-02.json
./json_to_bert-csv.sh: line 3:  2509 Killed                  jq -r '.[] | [.text] | @csv' $file_name > /data/csv/$new_file
/data/json/#Indonesia_since_2013-03-09_until_2013-03-25?2013.json
/data/json/#Japan_since_2018-12-09_until_2019-12-31.json
/data/json/#Indonesia_since_2018-08-16_until_2019-12-31?2019.json
/data/json/#Vietnam_since_2010-01-01_until_2019-11-23?2019.json
File already exists
/data/json/#Bangladesh_since_2010-01-01_until_2019-10-26?2012.json
/data/json/#Japan_since_2018-11-17_until_2019-03-18?2018.json
/data/json/#HongKong_since_2019-09-05_until_2019-11-27?2019.json
/data/json/#SouthKorea_since_2010-01-01_until_2014-11-20?2013.json
/data/json/#Vietnam_since_2010-01-01_until_2019-11-23?2017.json
/data/json/#leehsienloong_since_2010-04-15_until_2019-12-31?2019.json
/data/json/#Bangkok_since_2010-01-01_until_2018-10-16?2012.json
/data/json/#BarackObama_since_2013-10-01_until_2017-01-20?2014.json
/data/json/#Dhaka_since_2010-01-01_until_2019-10-26?2019.json
/data/json/#Vietnam_since_2010-01-01_until_2019-12-31?2018.json
/data/json/#Bangkok_since_2018-10-17_until_2019-12-31?2018.json
/data/json/#Mongolia_since_2010-01-01_until_2019-12-31?2018.json
/data/json/#Dhaka_since_2010-01-01_until_2019-10-26?2018.json
/data/json/#narendramodi_since_2014-11-14_until_2015-06-25?2014.json
/data/json/#Indonesia_since_2013-08-28_until_2018-08-15.json
./json_to_bert-csv.sh: line 3:  2529 Killed                  jq -r '.[] | [.text] | @csv' $file_name > /data/csv/$new_file
/data/json/#noynoyaquino_since_2010-06-30_until_2016-06-30?2013.json
/data/json/#Sydney_since_2019-10-27_until_2019-12-31?2019.json
/data/json/#NajibRazak_since_2010-01-07_until_2018-05-10?2017.json
/data/json/#AbeShinzo_since_2012-12-26_until_2019-03-14?2015.json
/data/json/#HongKong_since_2010-01-01_until_2014-10-06?2014.json
/data/json/#TurnbullMalcolm_since_2015-09-15_until_2018-08-24?2018.json
/data/json/#Taiwan_since_2016-12-14_until_2019-12-31?2018.json
/data/json/#Japan_since_2019-03-19_until_2019-05-25?2019.json
/data/json/#China_since_2018-09-01_until_2019-10-26?2018.json
/data/json/#Vietnam_since_2010-01-01_until_2019-12-31?2016.json
/data/json/#Tokyo_since_2010-01-01_until_2015-01-12?2010.json
/data/json/#Ulaanbaatar_since_2010-01-01_until_2019-12-31?2011.json
/data/json/#JuliaGillard_since_2010-06-24_until_2013-06-27?2010.json
/data/json/#leehsienloong_since_2010-04-15_until_2019-12-31?2013.json
/data/json/#Colombo_since_2010-01-01_until_2019-12-31?2014.json
/data/json/#NajibRazak_since_2010-01-07_until_2018-05-10?2018.json
/data/json/#India_since_2017-11-18_until_2018-09-29?2017.json
/data/json/#Wellington_since_2018-11-12_until_2019-12-31?2019.json
/data/json/#Australia_since_2017-01-13_until_2019-04-10?2019.json
/data/json/#Singapore_since_2010-01-01_until_2019-04-19.json
./json_to_bert-csv.sh: line 3:  2550 Killed                  jq -r '.[] | [.text] | @csv' $file_name > /data/csv/$new_file
/data/json/#SouthKorea_since_2014-11-21_until_2019-12-31?2014.json
/data/json/#HoChiMinhCity_since_2010-01-01_until_2019-12-31?2018.json
/data/json/#AbeShinzo_since_2012-12-26_until_2019-03-14?2019.json
/data/json/#Mongolia_since_2010-01-01_until_2019-12-31?2017.json
/data/json/#Taiwan_since_2010-01-01_until_2016-12-13?2016.json
/data/json/#jokowi_since_2014-10-20_until_2018-07-18?2018.json
/data/json/#Sydney_since_2016-12-18_until_2019-10-26?2017.json
/data/json/#Taiwan_since_2010-01-01_until_2016-12-13?2015.json
/data/json/#China_since_2013-12-07_until_2014-11-18?2013.json
/data/json/#NaotoKan_since_2010-06-08_until_2011-09-02?2011.json
/data/json/#sheikhhasina_since_2011-01-27_until_2019-10-26?2014.json
/data/json/#NewZealand_since_2010-01-01_until_2019-07-30?2013.json
/data/json/#Japan_since_2016-06-30_until_2017-01-26.json
parse error: Expected separator between values at line 1, column 585
/data/json/#SriLanka_since_2011-09-17_until_2016-07-27?2012.json
/data/json/#Tokyo_since_2015-11-10_until_2017-09-06?2016.json
/data/json/#HoChiMinhCity_since_2010-01-01_until_2019-12-31?2011.json
/data/json/#nguyentandung_since_2010-01-21_until_2016-04-06?2015.json
/data/json/#Jakarta_since_2010-01-01_until_2012-07-28?2010.json
/data/json/#Bangladesh_since_2010-01-01_until_2019-10-26?2011.json
/data/json/#Tokyo_since_2017-09-07_until_2019-07-13?2019.json
/data/json/#China_since_2018-02-13_until_2018-02-27?2018.json
/data/json/#China_since_2014-11-19_until_2018-02-12.json
./json_to_bert-csv.sh: line 3:  2572 Killed                  jq -r '.[] | [.text] | @csv' $file_name > /data/csv/$new_file
/data/json/#JuliaGillard_since_2010-06-24_until_2013-06-27?2012.json
/data/json/#Shanghai_since_2011-08-20_until_2019-10-26?2016.json
/data/json/#moonriver365_since_2017-05-10_until_2019-12-31?2018.json
/data/json/#Taipei_since_2010-01-02_until_2019-12-31?2016.json
/data/json/#DonaldTsang_since_2010-01-16_until_2012-06-30?2012.json
/data/json/#HoChiMinhCity_since_2010-01-01_until_2019-12-31?2012.json
/data/json/#Tokyo_since_2010-01-01_until_2015-01-12?2013.json
/data/json/#Vietnam_since_2010-01-01_until_2019-12-31?2011.json
/data/json/#narendramodi_since_2014-05-26_until_2014-11-13?2014.json
/data/json/#UnitedStates_since_2010-01-01_until_2019-10-26?2019.json
/data/json/#Vietnam_since_2010-01-01_until_2019-11-23?2010.json
/data/json/#BarackObama_since_2010-01-01_until_2013-09-30?2012.json
/data/json/#Altankhuyag_since_2012-09-08_until_2014-11-05?2013.json
/data/json/#NewZealand_since_2010-01-01_until_2019-07-30?2012.json
/data/json/#CarrieLam_since_2017-07-01_until_2019-12-31?2017.json
/data/json/#Japan_since_2017-10-24_until_2017-12-07?2017.json
/data/json/#iingwen_since_2016-06-28_until_2019-12-31?2016.json
/data/json/#noynoyaquino_since_2010-06-30_until_2016-06-30?2014.json
/data/json/#hujintao_since_2010-01-04_until_2013-03-14?2011.json
/data/json/#Taiwan_since_2016-12-14_until_2019-12-31?2019.json
/data/json/#Tokyo_since_2010-01-01_until_2015-01-12?2014.json
/data/json/#Indonesia_since_2010-01-01_until_2013-03-08?2011.json
/data/json/#leehsienloong_since_2010-04-15_until_2019-12-31?2016.json
/data/json/#Bangladesh_since_2010-01-01_until_2019-10-26?2010.json
/data/json/#Jakarta_since_2012-11-25_until_2013-06-06?2013.json
/data/json/#HongKong_since_2015-07-05_until_2019-09-04?2019.json
/data/json/#Japan_since_2017-12-08_until_2018-09-05?2017.json
/data/json/#Japan_since_2010-01-01_until_2015-03-23.json
./json_to_bert-csv.sh: line 3:  2603 Killed                  jq -r '.[] | [.text] | @csv' $file_name > /data/csv/$new_file
/data/json/#Pakistan_since_2016-08-24_until_2018-09-08?2016.json
/data/json/#RRD_Davao_since_2016-06-30_until_2019-12-31?0.json
/data/json/#Dhaka_since_2010-01-01_until_2019-10-26?2016.json
/data/json/#Australia_since_2017-01-13_until_2019-04-10?2017.json
/data/json/#ScottMorrisonMP_since_2018-08-24_until_2019-10-26?2018.json
/data/json/#Pakistan_since_2013-10-26_until_2016-08-23.json
./json_to_bert-csv.sh: line 3:  2611 Killed                  jq -r '.[] | [.text] | @csv' $file_name > /data/csv/$new_file
/data/json/#SriLanka_since_2011-09-17_until_2016-07-27?2013.json
/data/json/#Shanghai_since_2011-08-20_until_2019-10-26?2012.json
/data/json/#Taiwan_since_2010-01-01_until_2016-12-13?2013.json
/data/json/#NewYork_since_2015-02-03_until_2016-06-24?2015.json
/data/json/#SouthKorea_since_2014-11-21_until_2019-12-31?2017.json
/data/json/#NawazSharif_since_2013-06-05_until_2017-07-28?2016.json
/data/json/#Australia_since_2019-10-27_until_2019-12-31?2019.json
/data/json/#SouthKorea_since_2010-01-01_until_2014-11-20?2011.json
/data/json/#Ulaanbaatar_since_2010-01-01_until_2019-12-31?2019.json
/data/json/#KualaLumpur_since_2010-01-01_until_2019-10-26?2017.json
/data/json/#Malaysia_since_2019-10-27_until_2019-12-31?2019.json
/data/json/#SriLanka_since_2016-07-28_until_2019-12-31?2017.json
/data/json/#sheikhhasina_since_2019-10-27_until_2019-12-31?2019.json
/data/json/#Wellington_since_2010-01-02_until_2018-11-11?2012.json
/data/json/#Mongolia_since_2010-01-01_until_2019-12-31?2010.json
/data/json/#PouYingluck_since_2011-08-06_until_2014-05-07?2014.json
/data/json/#RajaPervaizAshraf_since_2012-06-22_until_2013-03-24?2013.json
/data/json/#KualaLumpur_since_2010-01-01_until_2019-10-26?2012.json
/data/json/#narendramodi_since_2015-06-26_until_2019-12-31?2019.json
/data/json/#ScottMorrisonMP_since_2018-08-24_until_2019-10-26?2019.json
/data/json/#Vietnam_since_2010-01-01_until_2019-11-23?2011.json
/data/json/#NawazSharif_since_2013-06-05_until_2017-07-28?2015.json
/data/json/#Bangkok_since_2018-10-17_until_2019-12-31?2019.json
/data/json/#narendramodi_since_2014-11-14_until_2015-06-25?2015.json
/data/json/#nguyentandung_since_2010-01-21_until_2016-04-06?2014.json
/data/json/#Manila_since_2010-01-01_until_2019-10-26?2015.json
/data/json/#HongKong_since_2015-07-05_until_2019-09-04?2015.json
/data/json/#SouthKorea_since_2010-01-01_until_2014-11-20?2014.json
/data/json/#Wellington_since_2010-01-02_until_2018-11-11?2011.json
/data/json/#Jakarta_since_2017-07-11_until_2018-03-22?2017.json
/data/json/#Jakarta_since_2012-11-25_until_2013-06-06?2012.json
/data/json/#Thailand_since_2018-01-05_until_2019-09-09?2018.json
/data/json/#China_since_2018-09-01_until_2019-10-26?2019.json
/data/json/#jokowi_since_2018-07-19_until_2019-12-31?2018.json
/data/json/#Thailand_since_2018-01-05_until_2019-09-09?2019.json
/data/json/#India_since_2018-09-30_until_2019-01-03?2018.json
/data/json/#Manila_since_2010-01-01_until_2019-10-26?2012.json
/data/json/#NewYork_since_2016-10-28_until_2019-06-28?2017.json
/data/json/#Shanghai_since_2011-08-20_until_2019-10-26?2014.json
/data/json/#Indonesia_since_2013-03-26_until_2013-08-27?2013.json
/data/json/#Bombay_since_2010-01-01_until_2019-12-31?2019.json
/data/json/#AbeShinzo_since_2012-12-26_until_2019-03-14?2018.json
/data/json/#KualaLumpur_since_2010-01-01_until_2019-10-26?2018.json
/data/json/#leehsienloong_since_2010-04-15_until_2019-12-31?2018.json
/data/json/#AbeShinzo_since_2012-12-26_until_2019-03-14?2013.json
/data/json/#YRGillani_since_2011-08-01_until_2012-06-19?2012.json
/data/json/#nguyentandung_since_2010-01-21_until_2016-04-06?2011.json
/data/json/#XiJingpingReal_since_2018-07-13_until_2019-10-26?2019.json
/data/json/#Wellington_since_2010-01-02_until_2018-11-11?2018.json
/data/json/#Mongolia_since_2010-01-01_until_2019-12-31?2019.json
/data/json/#hujintao_since_2010-01-04_until_2013-03-14?2010.json
/data/json/#noynoyaquino_since_2010-06-30_until_2016-06-30?2015.json
/data/json/#Colombo_since_2010-01-01_until_2019-12-31?2015.json
/data/json/#Shanghai_since_2010-01-01_until_2011-08-19?2010.json
/data/json/#realDonaldTrump_since_2017-01-20_until_2019-11-26?2017.json
/data/json/#UnitedStates_since_2010-01-01_until_2019-10-26?2017.json
/data/json/#Bangkok_since_2010-01-01_until_2018-10-16?2015.json
/data/json/#NawazSharif_since_2013-06-05_until_2017-07-28?2014.json
/data/json/#Indonesia_since_2010-01-01_until_2013-03-08?2010.json
/data/json/#BarackObama_since_2010-01-01_until_2013-09-30?2010.json
/data/json/#NewZealand_since_2010-01-01_until_2019-07-30?2011.json
/data/json/#SouthKorea_since_2014-11-21_until_2019-12-31?2015.json
/data/json/#Vietnam_since_2010-01-01_until_2019-11-23?2015.json
/data/json/#Bombay_since_2010-01-01_until_2019-12-31?2014.json
/data/json/#HongKong_since_2010-01-01_until_2014-10-06?2012.json
/data/json/#Japan_since_2017-12-08_until_2018-09-05?2018.json
/data/json/#NewZealand_since_2010-01-01_until_2019-07-30?2019.json
/data/json/#Bangkok_since_2010-01-01_until_2018-10-16?2011.json
/data/json/#khurelsukh_since_2017-10-04_until_2019-12-31?2017.json
/data/json/#SouthKorea_since_2014-11-21_until_2019-12-31?2016.json
/data/json/#HoChiMinhCity_since_2010-01-01_until_2019-12-31?2017.json
/data/json/#KualaLumpur_since_2010-01-01_until_2019-10-26?2015.json
/data/json/#Jakarta_since_2018-03-23_until_2019-12-31?2019.json
/data/json/#NewYork_since_2016-10-28_until_2019-06-28?2016.json
/data/json/#Bangladesh_since_2010-01-01_until_2019-10-26?2015.json
/data/json/#PresRajapaksa_since_2013-01-14_until_2015-01-09?2014.json
/data/json/#Colombo_since_2010-01-01_until_2019-12-31?2010.json
/data/json/#narendramodi_since_2015-06-26_until_2019-12-31?2017.json
/data/json/#India_since_2019-01-04_until_2019-10-19?2019.json
/data/json/#Vietnam_since_2010-01-01_until_2019-12-31?2015.json
/data/json/#leehsienloong_since_2010-04-15_until_2019-12-31?2012.json
/data/json/#leehsienloong_since_2010-04-15_until_2019-12-31?2017.json
/data/json/#Tokyo_since_2010-01-01_until_2015-01-12?2011.json
/data/json/#jokowi_since_2014-10-20_until_2018-07-18?2015.json
/data/json/#noynoyaquino_since_2010-06-30_until_2016-06-30?2010.json
/data/json/#sheikhhasina_since_2011-01-27_until_2019-10-26?2013.json
/data/json/#BarackObama_since_2013-10-01_until_2017-01-20?2016.json
/data/json/#NewYork_since_2010-01-01_until_2012-11-07?2010.json
/data/json/#Busan_since_2010-01-01_until_2019-10-26?2012.json
/data/json/#GH_PARK_since_2013-03-03_until_2017-03-10?0.json
/data/json/#KualaLumpur_since_2010-01-01_until_2019-10-26?2010.json
/data/json/#Wellington_since_2010-01-02_until_2018-11-11?2013.json
/data/json/#sheikhhasina_since_2011-01-27_until_2019-10-26?2015.json
/data/json/#Jakarta_since_2013-06-07_until_2017-07-10.json
./json_to_bert-csv.sh: line 3:  2708 Killed                  jq -r '.[] | [.text] | @csv' $file_name > /data/csv/$new_file
/data/json/#YRGillani_since_2011-08-01_until_2012-06-19?2011.json
/data/json/#Dhaka_since_2010-01-01_until_2019-10-26?2012.json
/data/json/#Bombay_since_2010-01-01_until_2019-12-31?2017.json
/data/json/#hujintao_since_2010-01-04_until_2013-03-14?2012.json
/data/json/#SouthKorea_since_2014-11-21_until_2019-12-31?2019.json
/data/json/#Saikhanbileg_since_2014-11-21_until_2016-07-07?2016.json
/data/json/#Colombo_since_2010-01-01_until_2019-12-31?2012.json
/data/json/#Tokyo_since_2017-09-07_until_2019-07-13?2018.json
/data/json/#NewYork_since_2010-01-01_until_2012-11-07?2011.json
/data/json/#leehsienloong_since_2010-04-15_until_2019-12-31?2011.json
/data/json/#Ulaanbaatar_since_2010-01-01_until_2019-12-31?2014.json
/data/json/#chedetofficial_since_2018-05-10_until_2019-12-31?2018.json
/data/json/#RajaPervaizAshraf_since_2012-06-22_until_2013-03-24?2012.json
/data/json/#Bangkok_since_2010-01-01_until_2018-10-16?2016.json
/data/json/#Taipei_since_2010-01-02_until_2019-12-31?2019.json
/data/json/#Jakarta_since_2018-03-23_until_2019-12-31?2018.json
/data/json/#Mongolia_since_2010-01-01_until_2019-12-31?2014.json
/data/json/#TurnbullMalcolm_since_2015-09-15_until_2018-08-24?2015.json
/data/json/#Thailand_since_2017-01-28_until_2017-01-29.json
/data/json/#Ulaanbaatar_since_2010-01-01_until_2019-12-31?2017.json
/data/json/#NewZealand_since_2010-01-01_until_2019-07-30?2015.json
/data/json/#Vietnam_since_2010-01-01_until_2019-12-31?2012.json
/data/json/#Bangkok_since_2010-01-01_until_2018-10-16?2017.json
/data/json/#NajibRazak_since_2010-01-07_until_2018-05-10?2010.json
/data/json/#nguyentandung_since_2010-01-21_until_2016-04-06?2013.json
/data/json/#CarrieLam_since_2017-07-01_until_2019-12-31?2019.json
/data/json/#Tokyo_since_2017-09-07_until_2019-07-13?2017.json
/data/json/#khurelsukh_since_2017-10-04_until_2019-12-31?2019.json
/data/json/#Bombay_since_2010-01-01_until_2019-12-31?2016.json
/data/json/#Sydney_since_2015-11-07_until_2016-12-17.json
parse error: Expected separator between values at line 1, column 492
/data/json/#NajibRazak_since_2010-01-07_until_2018-05-10?2016.json
/data/json/#narendramodi_since_2015-06-26_until_2019-12-31?2016.json
/data/json/#Taiwan_since_2010-01-01_until_2016-12-13?2014.json
/data/json/#Wellington_since_2010-01-02_until_2018-11-11?2017.json
/data/json/#realDonaldTrump_since_2019-11-27_until_2019-12-31?2019.json
/data/json/#Vietnam_since_2010-01-01_until_2019-12-31?2014.json
/data/json/#KualaLumpur_since_2010-01-01_until_2019-10-26?2014.json
/data/json/#BarackObama_since_2010-01-01_until_2013-09-30?2011.json
/data/json/#leehsienloong_since_2010-04-15_until_2019-12-31?2015.json
/data/json/#noynoyaquino_since_2010-06-30_until_2016-06-30?2012.json
/data/json/#Bombay_since_2010-01-01_until_2019-12-31?2013.json
/data/json/#MaithripalaS_since_2015-05-27_until_2019-12-31?2018.json
/data/json/#Australia_since_2011-06-16_until_2014-04-25?2012.json
/data/json/#sheikhhasina_since_2011-01-27_until_2019-10-26?2018.json
/data/json/#khurelsukh_since_2017-10-04_until_2019-12-31?2018.json
/data/json/#Taipei_since_2010-01-02_until_2019-12-31?2013.json
/data/json/#DonaldTsang_since_2010-01-16_until_2012-06-30?2011.json
/data/json/#Bangladesh_since_2019-10-27_until_2019-12-31?2019.json
/data/json/#Vietnam_since_2010-01-01_until_2019-11-23?2012.json
/data/json/#Thailand_since_2010-01-01_until_2017-01-27.json
./json_to_bert-csv.sh: line 3:  2762 Killed                  jq -r '.[] | [.text] | @csv' $file_name > /data/csv/$new_file
/data/json/#SriLanka_since_2011-09-17_until_2016-07-27?2015.json
/data/json/#Ulaanbaatar_since_2010-01-01_until_2019-12-31?2012.json
/data/json/#NawazSharif_since_2013-06-05_until_2017-07-28?2013.json
/data/json/#SriLanka_since_2016-07-28_until_2019-12-31?2016.json
/data/json/#sheikhhasina_since_2011-01-27_until_2019-10-26?2011.json
/data/json/#hujintao_since_2010-01-04_until_2013-03-14?2013.json
/data/json/#chedetofficial_since_2018-05-10_until_2019-12-31?2019.json
/data/json/#Indonesia_since_2010-01-01_until_2013-03-08?2012.json
/data/json/#Japan_since_2018-09-24_until_2018-11-16?2018.json
/data/json/#PouYingluck_since_2011-08-06_until_2014-05-07?2011.json
/data/json/#iingwen_since_2016-06-28_until_2019-12-31?2019.json
/data/json/#Karachi_since_2010-01-01_until_2019-12-31.json
./json_to_bert-csv.sh: line 3:  2775 Killed                  jq -r '.[] | [.text] | @csv' $file_name > /data/csv/$new_file
/data/json/#KualaLumpur_since_2010-01-01_until_2019-10-26?2016.json
/data/json/#HoChiMinhCity_since_2010-01-01_until_2019-12-31?2010.json
/data/json/#NajibRazak_since_2010-01-07_until_2018-05-10?2015.json
/data/json/#leehsienloong_since_2010-04-15_until_2019-12-31?2014.json
/data/json/#moonriver365_since_2017-05-10_until_2019-12-31?2019.json
/data/json/#sheikhhasina_since_2011-01-27_until_2019-10-26?2019.json
/data/json/#Vietnam_since_2010-01-01_until_2019-12-31?2013.json
/data/json/#Sydney_since_2016-12-18_until_2019-10-26?2018.json
/data/json/#Tokyo_since_2019-10-19_until_2019-12-31?2019.json
/data/json/#Taipei_since_2010-01-02_until_2019-12-31?2014.json
/data/json/#Busan_since_2010-01-01_until_2019-10-26?2013.json
/data/json/#noynoyaquino_since_2010-06-30_until_2016-06-30?2011.json
/data/json/#Jakarta_since_2010-01-01_until_2012-07-28?2012.json
/data/json/#HongKong_since_2015-07-05_until_2019-09-04?2018.json
/data/json/#Jakarta_since_2017-07-11_until_2018-03-22?2018.json
/data/json/#NewZealand_since_2010-01-01_until_2019-07-30?2014.json
/data/json/#Colombo_since_2010-01-01_until_2019-12-31?2018.json
/data/json/#KualaLumpur_since_2010-01-01_until_2019-10-26?2011.json
/data/json/#Busan_since_2010-01-01_until_2019-10-26?2010.json
/data/json/#Busan_since_2010-01-01_until_2019-10-26?2019.json
/data/json/#Colombo_since_2010-01-01_until_2019-12-31?2011.json
/data/json/#Jakarta_since_2012-07-29_until_2012-11-24?2012.json
/data/json/#Australia_since_2014-04-26_until_2014-06-21?2014.json
/data/json/#NewZealand_since_2010-01-01_until_2019-07-30?2017.json
/data/json/#UnitedStates_since_2010-01-01_until_2019-10-26?2016.json
/data/json/#Mongolia_since_2010-01-01_until_2019-12-31?2012.json
/data/json/#Pakistan_since_2013-05-16_until_2013-10-25?2013.json
/data/json/#DonaldTsang_since_2010-01-16_until_2012-06-30?2010.json
/data/json/#realDonaldTrump_since_2017-01-20_until_2019-11-26?2018.json
/data/json/#ScottMorrisonMP_since_2019-10-28_until_2019-12-31?2019.json
/data/json/#Sydney_since_2010-01-01_until_2016-12-17.json
./json_to_bert-csv.sh: line 3:  2806 Killed                  jq -r '.[] | [.text] | @csv' $file_name > /data/csv/$new_file
/data/json/#UnitedStates_since_2010-01-01_until_2019-10-26?2015.json
/data/json/#Pakistan_since_2016-02-24_until_2016-08-23.json
parse error: Expected separator between values at line 1, column 459
/data/json/#jokowi_since_2014-10-20_until_2018-07-18?2016.json
/data/json/#SouthKorea_since_2014-11-21_until_2019-12-31?2018.json
/data/json/#Abhisit_DP_since_2011-05-15_until_2019-12-31?0.json
/data/json/#Mongolia_since_2010-01-01_until_2019-12-31?2016.json
/data/json/#Australia_since_2019-04-11_until_2019-10-26?2019.json
/data/json/#NaotoKan_since_2010-06-08_until_2011-09-02?2010.json
/data/json/#Bangladesh_since_2018-04-18_until_2019-10-26?2019.json
/data/json/#XiJingpingReal_since_2018-07-13_until_2019-10-26?2018.json
/data/json/#Manila_since_2010-01-01_until_2019-10-26?2011.json
/data/json/#JuliaGillard_since_2010-06-24_until_2013-06-27?2011.json
/data/json/#BarackObama_since_2013-10-01_until_2017-01-20?2017.json
/data/json/#PresRajapaksa_since_2013-01-14_until_2015-01-09?2013.json
/data/json/#HoChiMinhCity_since_2010-01-01_until_2019-12-31?2014.json
/data/json/#Bangladesh_since_2010-01-01_until_2019-10-26?2019.json
/data/json/#Vietnam_since_2010-01-01_until_2019-11-23?2018.json
/data/json/#TurnbullMalcolm_since_2015-09-15_until_2018-08-24?2017.json
/data/json/#NewYork_since_2019-10-27_until_2019-12-31?2019.json
/data/json/#Taiwan_since_2010-01-01_until_2016-12-13?2011.json
/data/json/#Bombay_since_2010-01-01_until_2019-12-31?2018.json
/data/json/#NewYork_since_2010-01-01_until_2012-11-07?2012.json
/data/json/#Manila_since_2010-01-01_until_2019-10-26?2017.json
/data/json/#Shanghai_since_2010-01-01_until_2011-08-19?2011.json
/data/json/#Australia_since_2014-06-22_until_2017-01-12.json
./json_to_bert-csv.sh: line 3:  2833 Killed                  jq -r '.[] | [.text] | @csv' $file_name > /data/csv/$new_file
/data/json/#SriLanka_since_2016-07-28_until_2019-12-31?2019.json
/data/json/#noynoyaquino_since_2010-06-30_until_2016-06-30?2016.json
/data/json/#Singapore_since_2017-05-19_until_2019-04-19.json
parse error: Expected separator between values at line 1, column 546
/data/json/#Manila_since_2010-01-01_until_2019-10-26?2010.json
/data/json/#Pakistan_since_2018-09-09_until_2019-12-31?2018.json
/data/json/#Saikhanbileg_since_2014-11-21_until_2016-07-07?2015.json
/data/json/#India_since_2013-03-14_until_2014-06-03?2013.json
/data/json/#Indonesia_since_2018-08-16_until_2019-12-31?2018.json
/data/json/#Busan_since_2010-01-01_until_2019-10-26?2017.json
/data/json/#sheikhhasina_since_2011-01-27_until_2019-10-26?2012.json
/data/json/#PresidentLee_since_2010-01-19_until_2013-02-25.json
parse error: Expected value before ',' at line 1, column 473
/data/json/#Mongolia_since_2010-01-01_until_2019-12-31?2015.json
/data/json/#HongKong_since_2014-10-07_until_2015-07-04?2014.json
/data/json/#Bangladesh_since_2010-01-01_until_2019-10-26?2013.json
/data/json/#nguyentandung_since_2010-01-21_until_2016-04-06?2016.json
/data/json/#SriLanka_since_2010-01-01_until_2011-09-16?2010.json
/data/json/#SriLanka_since_2011-09-17_until_2016-07-27?2011.json
/data/json/#Pakistan_since_2018-09-09_until_2019-12-31?2019.json
/data/json/#Taiwan_since_2010-01-01_until_2016-12-13?2010.json
/data/json/#China_since_2013-12-07_until_2014-11-18?2014.json
/data/json/#Indonesia_since_2010-01-01_until_2013-03-08?2013.json
/data/json/#India_since_2010-01-01_until_2013-03-13.json
./json_to_bert-csv.sh: line 3:  2855 Killed                  jq -r '.[] | [.text] | @csv' $file_name > /data/csv/$new_file
/data/json/#nguyentandung_since_2010-01-21_until_2016-04-06?2010.json
/data/json/#Shanghai_since_2011-08-20_until_2019-10-26?2013.json
/data/json/#Wellington_since_2018-11-12_until_2019-12-31?2018.json
/data/json/#erdenebat_since_2016-07-13_until_2017-10-04?2016.json
/data/json/#BarackObama_since_2013-10-01_until_2017-01-20?2015.json
/data/json/#ImranKhanPTI_since_2018-08-18_until_2019-12-31?2018.json
/data/json/#Tokyo_since_2010-01-01_until_2015-01-12?2012.json
/data/json/#Shanghai_since_2011-08-20_until_2019-10-26?2015.json
/data/json/#NewZealand_since_2010-01-01_until_2019-07-30?2018.json
/data/json/#MaithripalaS_since_2015-05-27_until_2019-12-31?2016.json
/data/json/#Singapore_since_2019-04-20_until_2019-12-31?2019.json
/data/json/#MaithripalaS_since_2015-05-27_until_2019-12-31?2015.json
/data/json/#Manila_since_2010-01-01_until_2019-10-26?2019.json
/data/json/#HongKong_since_2015-07-05_until_2019-09-04?2016.json
/data/json/#Pakistan_since_2016-08-24_until_2018-09-08?2017.json
/data/json/#prayutofficial_since_2018-10-14_until_2019-12-31?2018.json
/data/json/#Bangladesh_since_2010-01-01_until_2019-10-26?2016.json
/data/json/#PouYingluck_since_2011-08-06_until_2014-05-07?2012.json
/data/json/#narendramodi_since_2015-06-26_until_2019-12-31?2018.json
/data/json/#India_since_2019-10-29_until_2019-12-31?2019.json
/data/json/#UnitedStates_since_2010-01-01_until_2019-10-26?2014.json
/data/json/#HoChiMinhCity_since_2010-01-01_until_2019-12-31?2019.json
/data/json/#Dhaka_since_2010-01-01_until_2019-10-26?2017.json
/data/json/#Dhaka_since_2010-01-01_until_2019-10-26?2013.json
/data/json/#Japan_since_2018-09-06_until_2018-09-23?2018.json
/data/json/#India_since_2017-11-18_until_2018-09-29?2018.json
/data/json/#Thailand_since_2018-01-05_until_2019-09-09.json
/data/json/#HongKong_since_2010-01-01_until_2014-10-06?2010.json
/data/json/#hatoyamayukio_since_2010-01-01_until_2010-06-08?2010.json
/data/json/#Manila_since_2019-10-27_until_2019-12-31?2019.json
/data/json/#HoChiMinhCity_since_2010-01-01_until_2019-12-31?2015.json
/data/json/#Shanghai_since_2011-08-20_until_2019-10-26?2018.json
/data/json/#Ulaanbaatar_since_2010-01-01_until_2019-12-31?2013.json
/data/json/#China_since_2010-01-01_until_2013-09-29.json
./json_to_bert-csv.sh: line 3:  2894 Killed                  jq -r '.[] | [.text] | @csv' $file_name > /data/csv/$new_file
/data/json/#leehsienloong_since_2010-04-15_until_2019-12-31?2010.json
/data/json/#Saikhanbileg_since_2014-11-21_until_2016-07-07?2014.json
/data/json/#Bangladesh_since_2010-01-01_until_2019-10-26?2017.json
/data/json/#India_since_2019-10-20_until_2019-10-28?2019.json
/data/json/#Bangkok_since_2010-01-01_until_2018-10-16?2014.json
/data/json/#Wellington_since_2010-01-02_until_2018-11-11?2010.json
/data/json/#erdenebat_since_2016-07-13_until_2017-10-04?2017.json
/data/json/#Colombo_since_2010-01-01_until_2019-12-31?2019.json
/data/json/#NewZealand_since_2019-07-31_until_2019-12-31?2019.json
/data/json/#Tokyo_since_2015-11-10_until_2017-09-06?2017.json
/data/json/#Thailand_since_2017-01-30_until_2018-01-04.json
/data/json/#UnitedStates_since_2010-01-01_until_2019-10-26?2018.json
/data/json/#Jakarta_since_2010-01-01_until_2012-07-28?2011.json
/data/json/#Busan_since_2010-01-01_until_2019-10-26?2016.json
/data/json/#Bombay_since_2010-01-01_until_2019-12-31?2012.json
/data/json/#HongKong_since_2010-01-01_until_2014-10-06?2013.json
/data/json/#MaithripalaS_since_2015-05-27_until_2019-12-31?2017.json
/data/json/#Japan_since_2019-05-26_until_2019-12-08?2019.json
/data/json/#Sydney_since_2016-12-18_until_2019-10-26?2016.json
/data/json/#sheikhhasina_since_2011-01-27_until_2019-10-26?2017.json
/data/json/#Colombo_since_2010-01-01_until_2019-12-31?2016.json
/data/json/#BarackObama_since_2010-01-01_until_2013-09-30?2013.json
/data/json/#NajibRazak_since_2010-01-07_until_2018-05-10?2011.json
/data/json/#SBYudhoyono_since_2013-04-13_until_2014-10-20?2014.json
/data/json/#China_since_2018-02-28_until_2018-08-31?2018.json
/data/json/#SriLanka_since_2010-01-01_until_2011-09-16?2011.json
/data/json/#HongKong_since_2014-10-07_until_2015-07-04?2015.json
/data/json/#moonriver365_since_2017-05-10_until_2019-12-31?2017.json
/data/json/#Shanghai_since_2011-08-20_until_2019-10-26?2017.json
/data/json/#Japan_since_2017-01-27_until_2017-10-23?2017.json
/data/json/#Australia_since_2011-06-16_until_2014-04-25?2013.json
/data/json/#SriLanka_since_2011-09-17_until_2016-07-27?2016.json
/data/json/#NajibRazak_since_2010-01-07_until_2018-05-10?2014.json
/data/json/#MaithripalaS_since_2015-05-27_until_2019-12-31?2019.json
/data/json/#sheikhhasina_since_2011-01-27_until_2019-10-26?2016.json
/data/json/#narendramodi_since_2015-06-26_until_2019-12-31?2015.json
/data/json/#NewYork_since_2016-10-28_until_2019-06-28?2018.json
/data/json/#Bombay_since_2010-01-01_until_2019-12-31?2011.json
/data/json/#Shanghai_since_2011-08-20_until_2019-10-26?2019.json
/data/json/#nguyentandung_since_2010-01-21_until_2016-04-06?2012.json
/data/json/#CarrieLam_since_2017-07-01_until_2019-12-31?2018.json
/data/json/#Vietnam_since_2010-01-01_until_2019-12-31?2010.json
/data/json/#SouthKorea_since_2010-01-01_until_2014-11-20?2012.json
/data/json/#Taiwan_since_2016-12-14_until_2019-12-31?2017.json
/data/json/#Wellington_since_2010-01-02_until_2018-11-11?2014.json
/data/json/#India_since_2018-09-30_until_2019-01-03?2019.json
/data/json/#Taiwan_since_2016-12-14_until_2019-12-31?2016.json
/data/json/#HongKong_since_2019-11-28_until_2019-12-31?2019.json
/data/json/#Taipei_since_2010-01-02_until_2019-12-31?2010.json
/data/json/#SouthKorea_since_2010-01-01_until_2014-11-20?2010.json
/data/json/#NewYork_since_2019-06-29_until_2019-10-26?2019.json
/data/json/#UnitedStates_since_2010-01-01_until_2019-10-26?2012.json
/data/json/#Thailand_since_2019-09-10_until_2019-12-31?2019.json
/data/json/#NewZealand_since_2010-01-01_until_2019-07-30?2010.json
/data/json/#Bangladesh_since_2018-04-18_until_2019-10-26?2018.json
/data/json/#KualaLumpur_since_2010-01-01_until_2019-10-26?2019.json
/data/json/#Wellington_since_2010-01-02_until_2018-11-11?2015.json
/data/json/#Philippines_since_2010-01-01_until_2019-10-26.json
/data/json/#prayutofficial_since_2018-10-14_until_2019-12-31?2019.json
/data/json/#Manila_since_2010-01-01_until_2019-10-26?2014.json
/data/json/#Tokyo_since_2019-07-14_until_2019-10-18?2019.json
/data/json/#Dhaka_since_2010-01-01_until_2019-10-26?2010.json
/data/json/#NajibRazak_since_2010-01-07_until_2018-05-10?2013.json
/data/json/#jacindaardern_since_2017-10-26_until_2019-12-31?2018.json
/data/json/#Australia_since_2010-01-01_until_2011-06-15?2011.json
/data/json/#Vietnam_since_2010-01-01_until_2019-11-23?2013.json
/data/json/#Vietnam_since_2010-01-01_until_2019-11-23?2016.json
/data/json/#UnitedStates_since_2019-10-27_until_2019-12-31?2019.json
/data/json/#KualaLumpur_since_2010-01-01_until_2019-10-26?2013.json
/data/json/#iingwen_since_2016-06-28_until_2019-12-31?2017.json
/data/json/#AbeShinzo_since_2012-12-26_until_2019-03-14?2012.json
/data/json/#Wellington_since_2010-01-02_until_2018-11-11?2016.json
/data/json/#NewYork_since_2015-02-03_until_2016-06-24?2016.json
/data/json/#SriLanka_since_2011-09-17_until_2016-07-27?2014.json
/data/json/#Taipei_since_2010-01-02_until_2019-12-31?2011.json
/data/json/#Bangkok_since_2010-01-01_until_2018-10-16?2018.json
/data/json/#AbeShinzo_since_2012-12-26_until_2019-03-14?2017.json
/data/json/#Ulaanbaatar_since_2010-01-01_until_2019-12-31?2016.json
/data/json/#Bangladesh_since_2010-01-01_until_2019-10-26?2018.json
/data/json/#Taiwan_since_2010-01-01_until_2016-12-13?2012.json
/data/json/#Vietnam_since_2010-01-01_until_2019-11-23?2014.json
/data/json/#realDonaldTrump_since_2017-01-20_until_2019-11-26?2019.json
/data/json/#jokowi_since_2014-10-20_until_2018-07-18?2014.json
/data/json/#Malaysia_since_2014-10-26_until_2019-10-26.json
parse error: Expected separator between values at line 1, column 705
/data/json/#Dhaka_since_2010-01-01_until_2019-10-26?2011.json
/data/json/#Altankhuyag_since_2012-09-08_until_2014-11-05?2012.json
/data/json/#jacindaardern_since_2017-10-26_until_2019-12-31?2019.json
/data/json/#Shanghai_since_2019-10-27_until_2019-12-31?2019.json
/data/json/#Ulaanbaatar_since_2010-01-01_until_2019-12-31?2018.json
/data/json/#India_since_2014-06-04_until_2015-09-09.json
/data/json/#NewYork_since_2016-10-28_until_2019-06-28?2019.json
/data/json/#Dhaka_since_2010-01-01_until_2019-10-26?2015.json
/data/json/#Shanghai_since_2011-08-20_until_2019-10-26?2011.json
/data/json/#jacindaardern_since_2017-10-26_until_2019-12-31?2017.json
/data/json/#Busan_since_2019-10-27_until_2019-12-31?2019.json
/data/json/#ImranKhanPTI_since_2018-08-18_until_2019-12-31?2019.json
/data/json/#Australia_since_2010-01-01_until_2011-06-15?2010.json
/data/json/#AbeShinzo_since_2012-12-26_until_2019-03-14?2016.json
/data/json/#Busan_since_2010-01-01_until_2019-10-26?2018.json
/data/json/#ManmohanSinghPM_since_2010-08-03_until_2014-05-26.json
parse error: Expected separator between values at line 1, column 465
/data/json/#NawazSharif_since_2013-06-05_until_2017-07-28?2017.json
/data/json/#HonTonyAbbott_since_2015-05-03_until_2015-09-15?2015.json
/data/json/#Pakistan_since_2010-01-01_until_2013-05-15.json
./json_to_bert-csv.sh: line 3:  3000 Killed                  jq -r '.[] | [.text] | @csv' $file_name > /data/csv/$new_file
/data/json/#HongKong_since_2015-07-05_until_2019-09-04?2017.json
/data/json/#Manila_since_2010-01-01_until_2019-10-26?2018.json
/data/json/#Tokyo_since_2015-11-10_until_2017-09-06?2015.json
/data/json/#PouYingluck_since_2011-08-06_until_2014-05-07?2013.json
/data/json/#India_since_2013-03-14_until_2014-06-03?2014.json
/data/json/#Mongolia_since_2010-01-01_until_2019-12-31?2011.json
/data/json/#Australia_since_2017-01-13_until_2019-04-10?2018.json
/data/json/#jokowi_since_2014-10-20_until_2018-07-18?2017.json
/data/json/#Tokyo_since_2010-01-01_until_2015-01-12?2015.json
/data/json/#Philippines_since_2019-10-27_until_2019-12-31?2019.json
/data/json/#KualaLumpur_since_2019-10-27_until_2019-12-31?2019.json
/data/json/#Ulaanbaatar_since_2010-01-01_until_2019-12-31?2010.json
/data/json/#Bangladesh_since_2010-01-01_until_2019-10-26?2014.json
/data/json/#Busan_since_2010-01-01_until_2019-10-26?2015.json
/data/json/#Dhaka_since_2010-01-01_until_2019-10-26?2014.json
/data/json/#Ulaanbaatar_since_2010-01-01_until_2019-12-31?2015.json
/data/json/#UnitedStates_since_2010-01-01_until_2019-10-26?2011.json
/data/json/#SBYudhoyono_since_2013-04-13_until_2014-10-20?2013.json
/data/json/#Australia_since_2011-06-16_until_2014-04-25?2011.json
/data/json/#AbeShinzo_since_2012-12-26_until_2019-03-14?2014.json
/data/json/#Manila_since_2010-01-01_until_2019-10-26?2016.json
/data/json/#TurnbullMalcolm_since_2015-09-15_until_2018-08-24?2016.json
/data/json/#Pakistan_since_2016-08-24_until_2018-09-08?2018.json
