nohup: ignoring input
2019-11-25 21:43:28 [scrapy.utils.log] INFO: Scrapy 1.8.0 started (bot: TweetScraper)
2019-11-25 21:43:28 [scrapy.utils.log] INFO: Versions: lxml 4.4.1.0, libxml2 2.9.9, cssselect 1.1.0, parsel 1.5.2, w3lib 1.21.0, Twisted 19.10.0, Python 3.6.8 (default, Oct  7 2019, 12:59:55) - [GCC 8.3.0], pyOpenSSL 19.1.0 (OpenSSL 1.1.1d  10 Sep 2019), cryptography 2.8, Platform Linux-4.15.0-70-generic-x86_64-with-Ubuntu-18.04-bionic
2019-11-25 21:43:28 [scrapy.crawler] INFO: Overridden settings: {'BOT_NAME': 'TweetScraper', 'LOG_LEVEL': 'INFO', 'NEWSPIDER_MODULE': 'TweetScraper.spiders', 'SPIDER_MODULES': ['TweetScraper.spiders'], 'USER_AGENT': 'TweetScraper'}
2019-11-25 21:43:28 [scrapy.extensions.telnet] INFO: Telnet Password: 5ba54f3e9e6732c3
2019-11-25 21:43:28 [scrapy.middleware] INFO: Enabled extensions:
['scrapy.extensions.corestats.CoreStats',
 'scrapy.extensions.telnet.TelnetConsole',
 'scrapy.extensions.memusage.MemoryUsage',
 'scrapy.extensions.logstats.LogStats']
2019-11-25 21:43:28 [scrapy.middleware] INFO: Enabled downloader middlewares:
['scrapy.downloadermiddlewares.httpauth.HttpAuthMiddleware',
 'scrapy.downloadermiddlewares.downloadtimeout.DownloadTimeoutMiddleware',
 'scrapy.downloadermiddlewares.defaultheaders.DefaultHeadersMiddleware',
 'scrapy.downloadermiddlewares.useragent.UserAgentMiddleware',
 'scrapy.downloadermiddlewares.retry.RetryMiddleware',
 'scrapy.downloadermiddlewares.redirect.MetaRefreshMiddleware',
 'scrapy.downloadermiddlewares.httpcompression.HttpCompressionMiddleware',
 'scrapy.downloadermiddlewares.redirect.RedirectMiddleware',
 'scrapy.downloadermiddlewares.cookies.CookiesMiddleware',
 'scrapy.downloadermiddlewares.httpproxy.HttpProxyMiddleware',
 'scrapy.downloadermiddlewares.stats.DownloaderStats']
2019-11-25 21:43:28 [scrapy.middleware] INFO: Enabled spider middlewares:
['scrapy.spidermiddlewares.httperror.HttpErrorMiddleware',
 'scrapy.spidermiddlewares.offsite.OffsiteMiddleware',
 'scrapy.spidermiddlewares.referer.RefererMiddleware',
 'scrapy.spidermiddlewares.urllength.UrlLengthMiddleware',
 'scrapy.spidermiddlewares.depth.DepthMiddleware']
2019-11-25 21:43:28 [scrapy.middleware] INFO: Enabled item pipelines:
['TweetScraper.pipelines.SaveToFilePipeline']
2019-11-25 21:43:28 [scrapy.core.engine] INFO: Spider opened
2019-11-25 21:43:28 [scrapy.extensions.logstats] INFO: Crawled 0 pages (at 0 pages/min), scraped 0 items (at 0 items/min)
2019-11-25 21:43:28 [scrapy.extensions.telnet] INFO: Telnet console listening on 127.0.0.1:6024
2019-11-25 21:44:28 [scrapy.extensions.logstats] INFO: Crawled 83 pages (at 83 pages/min), scraped 1649 items (at 1649 items/min)
2019-11-25 21:45:28 [scrapy.extensions.logstats] INFO: Crawled 168 pages (at 85 pages/min), scraped 3348 items (at 1699 items/min)
2019-11-25 21:46:28 [scrapy.extensions.logstats] INFO: Crawled 253 pages (at 85 pages/min), scraped 5037 items (at 1689 items/min)
2019-11-25 21:47:28 [scrapy.extensions.logstats] INFO: Crawled 338 pages (at 85 pages/min), scraped 6733 items (at 1696 items/min)
2019-11-25 21:48:28 [scrapy.extensions.logstats] INFO: Crawled 424 pages (at 86 pages/min), scraped 8441 items (at 1708 items/min)
2019-11-25 21:49:28 [scrapy.extensions.logstats] INFO: Crawled 510 pages (at 86 pages/min), scraped 10134 items (at 1693 items/min)
2019-11-25 21:50:28 [scrapy.extensions.logstats] INFO: Crawled 594 pages (at 84 pages/min), scraped 11833 items (at 1699 items/min)
2019-11-25 21:51:28 [scrapy.extensions.logstats] INFO: Crawled 679 pages (at 85 pages/min), scraped 13533 items (at 1700 items/min)
2019-11-25 21:52:28 [scrapy.extensions.logstats] INFO: Crawled 764 pages (at 85 pages/min), scraped 15231 items (at 1698 items/min)
2019-11-25 21:53:28 [scrapy.extensions.logstats] INFO: Crawled 849 pages (at 85 pages/min), scraped 16931 items (at 1700 items/min)
2019-11-25 21:54:28 [scrapy.extensions.logstats] INFO: Crawled 933 pages (at 84 pages/min), scraped 18609 items (at 1678 items/min)
2019-11-25 21:55:28 [scrapy.extensions.logstats] INFO: Crawled 1017 pages (at 84 pages/min), scraped 20289 items (at 1680 items/min)
2019-11-25 21:56:28 [scrapy.extensions.logstats] INFO: Crawled 1101 pages (at 84 pages/min), scraped 21969 items (at 1680 items/min)
2019-11-25 21:57:28 [scrapy.extensions.logstats] INFO: Crawled 1189 pages (at 88 pages/min), scraped 23694 items (at 1725 items/min)
2019-11-25 21:58:28 [scrapy.extensions.logstats] INFO: Crawled 1274 pages (at 85 pages/min), scraped 25374 items (at 1680 items/min)
2019-11-25 21:59:28 [scrapy.extensions.logstats] INFO: Crawled 1359 pages (at 85 pages/min), scraped 27072 items (at 1698 items/min)
2019-11-25 22:00:28 [scrapy.extensions.logstats] INFO: Crawled 1446 pages (at 87 pages/min), scraped 28804 items (at 1732 items/min)
2019-11-25 22:01:28 [scrapy.extensions.logstats] INFO: Crawled 1531 pages (at 85 pages/min), scraped 30491 items (at 1687 items/min)
2019-11-25 22:02:28 [scrapy.extensions.logstats] INFO: Crawled 1617 pages (at 86 pages/min), scraped 32195 items (at 1704 items/min)
2019-11-25 22:03:28 [scrapy.extensions.logstats] INFO: Crawled 1702 pages (at 85 pages/min), scraped 33890 items (at 1695 items/min)
2019-11-25 22:04:28 [scrapy.extensions.logstats] INFO: Crawled 1788 pages (at 86 pages/min), scraped 35610 items (at 1720 items/min)
2019-11-25 22:05:28 [scrapy.extensions.logstats] INFO: Crawled 1874 pages (at 86 pages/min), scraped 37287 items (at 1677 items/min)
2019-11-25 22:06:28 [scrapy.extensions.logstats] INFO: Crawled 1960 pages (at 86 pages/min), scraped 39007 items (at 1720 items/min)
2019-11-25 22:07:28 [scrapy.extensions.logstats] INFO: Crawled 2046 pages (at 86 pages/min), scraped 40656 items (at 1649 items/min)
2019-11-25 22:08:28 [scrapy.extensions.logstats] INFO: Crawled 2132 pages (at 86 pages/min), scraped 42382 items (at 1726 items/min)
2019-11-25 22:09:28 [scrapy.extensions.logstats] INFO: Crawled 2219 pages (at 87 pages/min), scraped 44092 items (at 1710 items/min)
2019-11-25 22:10:28 [scrapy.extensions.logstats] INFO: Crawled 2305 pages (at 86 pages/min), scraped 45791 items (at 1699 items/min)
2019-11-25 22:11:28 [scrapy.extensions.logstats] INFO: Crawled 2392 pages (at 87 pages/min), scraped 47465 items (at 1674 items/min)
2019-11-25 22:12:28 [scrapy.extensions.logstats] INFO: Crawled 2479 pages (at 87 pages/min), scraped 49225 items (at 1760 items/min)
2019-11-25 22:13:28 [scrapy.extensions.logstats] INFO: Crawled 2568 pages (at 89 pages/min), scraped 50998 items (at 1773 items/min)
2019-11-25 22:14:28 [scrapy.extensions.logstats] INFO: Crawled 2656 pages (at 88 pages/min), scraped 52737 items (at 1739 items/min)
2019-11-25 22:15:28 [scrapy.extensions.logstats] INFO: Crawled 2744 pages (at 88 pages/min), scraped 54483 items (at 1746 items/min)
2019-11-25 22:16:28 [scrapy.extensions.logstats] INFO: Crawled 2832 pages (at 88 pages/min), scraped 56240 items (at 1757 items/min)
2019-11-25 22:17:28 [scrapy.extensions.logstats] INFO: Crawled 2920 pages (at 88 pages/min), scraped 57959 items (at 1719 items/min)
2019-11-25 22:18:28 [scrapy.extensions.logstats] INFO: Crawled 3005 pages (at 85 pages/min), scraped 59661 items (at 1702 items/min)
2019-11-25 22:19:28 [scrapy.extensions.logstats] INFO: Crawled 3093 pages (at 88 pages/min), scraped 61406 items (at 1745 items/min)
2019-11-25 22:20:28 [scrapy.extensions.logstats] INFO: Crawled 3179 pages (at 86 pages/min), scraped 63087 items (at 1681 items/min)
2019-11-25 22:21:28 [scrapy.extensions.logstats] INFO: Crawled 3265 pages (at 86 pages/min), scraped 64746 items (at 1659 items/min)
2019-11-25 22:22:28 [scrapy.extensions.logstats] INFO: Crawled 3352 pages (at 87 pages/min), scraped 66484 items (at 1738 items/min)
2019-11-25 22:23:28 [scrapy.extensions.logstats] INFO: Crawled 3438 pages (at 86 pages/min), scraped 68179 items (at 1695 items/min)
2019-11-25 22:24:28 [scrapy.extensions.logstats] INFO: Crawled 3523 pages (at 85 pages/min), scraped 69848 items (at 1669 items/min)
2019-11-25 22:25:28 [scrapy.extensions.logstats] INFO: Crawled 3607 pages (at 84 pages/min), scraped 71501 items (at 1653 items/min)
2019-11-25 22:26:28 [scrapy.extensions.logstats] INFO: Crawled 3692 pages (at 85 pages/min), scraped 73183 items (at 1682 items/min)
2019-11-25 22:27:28 [scrapy.extensions.logstats] INFO: Crawled 3778 pages (at 86 pages/min), scraped 74880 items (at 1697 items/min)
2019-11-25 22:28:28 [scrapy.extensions.logstats] INFO: Crawled 3862 pages (at 84 pages/min), scraped 76529 items (at 1649 items/min)
2019-11-25 22:29:28 [scrapy.extensions.logstats] INFO: Crawled 3947 pages (at 85 pages/min), scraped 78207 items (at 1678 items/min)
2019-11-25 22:30:28 [scrapy.extensions.logstats] INFO: Crawled 4032 pages (at 85 pages/min), scraped 79887 items (at 1680 items/min)
2019-11-25 22:31:28 [scrapy.extensions.logstats] INFO: Crawled 4116 pages (at 84 pages/min), scraped 81481 items (at 1594 items/min)
2019-11-25 22:32:28 [scrapy.extensions.logstats] INFO: Crawled 4202 pages (at 86 pages/min), scraped 83148 items (at 1667 items/min)
2019-11-25 22:33:28 [scrapy.extensions.logstats] INFO: Crawled 4287 pages (at 85 pages/min), scraped 84844 items (at 1696 items/min)
2019-11-25 22:34:28 [scrapy.extensions.logstats] INFO: Crawled 4372 pages (at 85 pages/min), scraped 86524 items (at 1680 items/min)
2019-11-25 22:35:28 [scrapy.extensions.logstats] INFO: Crawled 4456 pages (at 84 pages/min), scraped 88210 items (at 1686 items/min)
2019-11-25 22:36:28 [scrapy.extensions.logstats] INFO: Crawled 4539 pages (at 83 pages/min), scraped 89869 items (at 1659 items/min)
2019-11-25 22:37:28 [scrapy.extensions.logstats] INFO: Crawled 4620 pages (at 81 pages/min), scraped 91473 items (at 1604 items/min)
2019-11-25 22:38:28 [scrapy.extensions.logstats] INFO: Crawled 4704 pages (at 84 pages/min), scraped 93104 items (at 1631 items/min)
2019-11-25 22:39:28 [scrapy.extensions.logstats] INFO: Crawled 4788 pages (at 84 pages/min), scraped 94745 items (at 1641 items/min)
2019-11-25 22:40:28 [scrapy.extensions.logstats] INFO: Crawled 4872 pages (at 84 pages/min), scraped 96408 items (at 1663 items/min)
2019-11-25 22:41:28 [scrapy.extensions.logstats] INFO: Crawled 4955 pages (at 83 pages/min), scraped 98087 items (at 1679 items/min)
2019-11-25 22:42:28 [scrapy.extensions.logstats] INFO: Crawled 5041 pages (at 86 pages/min), scraped 99807 items (at 1720 items/min)
2019-11-25 22:43:28 [scrapy.extensions.logstats] INFO: Crawled 5125 pages (at 84 pages/min), scraped 101478 items (at 1671 items/min)
2019-11-25 22:44:28 [scrapy.extensions.logstats] INFO: Crawled 5209 pages (at 84 pages/min), scraped 103158 items (at 1680 items/min)
2019-11-25 22:45:28 [scrapy.extensions.logstats] INFO: Crawled 5295 pages (at 86 pages/min), scraped 104877 items (at 1719 items/min)
2019-11-25 22:46:28 [scrapy.extensions.logstats] INFO: Crawled 5379 pages (at 84 pages/min), scraped 106557 items (at 1680 items/min)
2019-11-25 22:47:28 [scrapy.extensions.logstats] INFO: Crawled 5464 pages (at 85 pages/min), scraped 108239 items (at 1682 items/min)
2019-11-25 22:48:28 [scrapy.extensions.logstats] INFO: Crawled 5550 pages (at 86 pages/min), scraped 109959 items (at 1720 items/min)
2019-11-25 22:49:28 [scrapy.extensions.logstats] INFO: Crawled 5637 pages (at 87 pages/min), scraped 111617 items (at 1658 items/min)
2019-11-25 22:50:28 [scrapy.extensions.logstats] INFO: Crawled 5721 pages (at 84 pages/min), scraped 113298 items (at 1681 items/min)
2019-11-25 22:51:28 [scrapy.extensions.logstats] INFO: Crawled 5805 pages (at 84 pages/min), scraped 114978 items (at 1680 items/min)
2019-11-25 22:52:28 [scrapy.extensions.logstats] INFO: Crawled 5890 pages (at 85 pages/min), scraped 116659 items (at 1681 items/min)
2019-11-25 22:53:28 [scrapy.extensions.logstats] INFO: Crawled 5975 pages (at 85 pages/min), scraped 118356 items (at 1697 items/min)
2019-11-25 22:54:28 [scrapy.extensions.logstats] INFO: Crawled 6062 pages (at 87 pages/min), scraped 120096 items (at 1740 items/min)
2019-11-25 22:55:28 [scrapy.extensions.logstats] INFO: Crawled 6148 pages (at 86 pages/min), scraped 121809 items (at 1713 items/min)
2019-11-25 22:56:28 [scrapy.extensions.logstats] INFO: Crawled 6233 pages (at 85 pages/min), scraped 123500 items (at 1691 items/min)
2019-11-25 22:57:28 [scrapy.extensions.logstats] INFO: Crawled 6316 pages (at 83 pages/min), scraped 125159 items (at 1659 items/min)
2019-11-25 22:58:28 [scrapy.extensions.logstats] INFO: Crawled 6400 pages (at 84 pages/min), scraped 126839 items (at 1680 items/min)
2019-11-25 22:59:28 [scrapy.extensions.logstats] INFO: Crawled 6485 pages (at 85 pages/min), scraped 128527 items (at 1688 items/min)
2019-11-25 23:00:28 [scrapy.extensions.logstats] INFO: Crawled 6569 pages (at 84 pages/min), scraped 130199 items (at 1672 items/min)
2019-11-25 23:01:28 [scrapy.extensions.logstats] INFO: Crawled 6653 pages (at 84 pages/min), scraped 131879 items (at 1680 items/min)
2019-11-25 23:02:28 [scrapy.extensions.logstats] INFO: Crawled 6738 pages (at 85 pages/min), scraped 133564 items (at 1685 items/min)
2019-11-25 23:03:28 [scrapy.extensions.logstats] INFO: Crawled 6822 pages (at 84 pages/min), scraped 135244 items (at 1680 items/min)
2019-11-25 23:04:28 [scrapy.extensions.logstats] INFO: Crawled 6906 pages (at 84 pages/min), scraped 136924 items (at 1680 items/min)
2019-11-25 23:05:28 [scrapy.extensions.logstats] INFO: Crawled 6990 pages (at 84 pages/min), scraped 138601 items (at 1677 items/min)
2019-11-25 23:06:28 [scrapy.extensions.logstats] INFO: Crawled 7072 pages (at 82 pages/min), scraped 140244 items (at 1643 items/min)
2019-11-25 23:07:28 [scrapy.extensions.logstats] INFO: Crawled 7155 pages (at 83 pages/min), scraped 141903 items (at 1659 items/min)
2019-11-25 23:08:28 [scrapy.extensions.logstats] INFO: Crawled 7239 pages (at 84 pages/min), scraped 143583 items (at 1680 items/min)
2019-11-25 23:09:28 [scrapy.extensions.logstats] INFO: Crawled 7324 pages (at 85 pages/min), scraped 145283 items (at 1700 items/min)
2019-11-25 23:10:28 [scrapy.extensions.logstats] INFO: Crawled 7407 pages (at 83 pages/min), scraped 146940 items (at 1657 items/min)
2019-11-25 23:11:28 [scrapy.extensions.logstats] INFO: Crawled 7485 pages (at 78 pages/min), scraped 148499 items (at 1559 items/min)
2019-11-25 23:12:28 [scrapy.extensions.logstats] INFO: Crawled 7566 pages (at 81 pages/min), scraped 150099 items (at 1600 items/min)
2019-11-25 23:13:28 [scrapy.extensions.logstats] INFO: Crawled 7644 pages (at 78 pages/min), scraped 151626 items (at 1527 items/min)
2019-11-25 23:14:28 [scrapy.extensions.logstats] INFO: Crawled 7718 pages (at 74 pages/min), scraped 153105 items (at 1479 items/min)
2019-11-25 23:15:28 [scrapy.extensions.logstats] INFO: Crawled 7796 pages (at 78 pages/min), scraped 154652 items (at 1547 items/min)
2019-11-25 23:16:28 [scrapy.extensions.logstats] INFO: Crawled 7872 pages (at 76 pages/min), scraped 156152 items (at 1500 items/min)
2019-11-25 23:17:28 [scrapy.extensions.logstats] INFO: Crawled 7948 pages (at 76 pages/min), scraped 157675 items (at 1523 items/min)
2019-11-25 23:18:28 [scrapy.extensions.logstats] INFO: Crawled 8019 pages (at 71 pages/min), scraped 159040 items (at 1365 items/min)
2019-11-25 23:19:28 [scrapy.extensions.logstats] INFO: Crawled 8091 pages (at 72 pages/min), scraped 160475 items (at 1435 items/min)
2019-11-25 23:20:28 [scrapy.extensions.logstats] INFO: Crawled 8162 pages (at 71 pages/min), scraped 161895 items (at 1420 items/min)
2019-11-25 23:21:28 [scrapy.extensions.logstats] INFO: Crawled 8231 pages (at 69 pages/min), scraped 163275 items (at 1380 items/min)
2019-11-25 23:22:28 [scrapy.extensions.logstats] INFO: Crawled 8296 pages (at 65 pages/min), scraped 164575 items (at 1300 items/min)
2019-11-25 23:23:28 [scrapy.extensions.logstats] INFO: Crawled 8363 pages (at 67 pages/min), scraped 165896 items (at 1321 items/min)
2019-11-25 23:24:28 [scrapy.extensions.logstats] INFO: Crawled 8429 pages (at 66 pages/min), scraped 167216 items (at 1320 items/min)
2019-11-25 23:25:28 [scrapy.extensions.logstats] INFO: Crawled 8495 pages (at 66 pages/min), scraped 168536 items (at 1320 items/min)
2019-11-25 23:26:28 [scrapy.extensions.logstats] INFO: Crawled 8561 pages (at 66 pages/min), scraped 169856 items (at 1320 items/min)
2019-11-25 23:27:28 [scrapy.extensions.logstats] INFO: Crawled 8628 pages (at 67 pages/min), scraped 171183 items (at 1327 items/min)
2019-11-25 23:28:28 [scrapy.extensions.logstats] INFO: Crawled 8694 pages (at 66 pages/min), scraped 172501 items (at 1318 items/min)
2019-11-25 23:29:28 [scrapy.extensions.logstats] INFO: Crawled 8761 pages (at 67 pages/min), scraped 173822 items (at 1321 items/min)
2019-11-25 23:30:28 [scrapy.extensions.logstats] INFO: Crawled 8829 pages (at 68 pages/min), scraped 175199 items (at 1377 items/min)
2019-11-25 23:31:28 [scrapy.extensions.logstats] INFO: Crawled 8896 pages (at 67 pages/min), scraped 176510 items (at 1311 items/min)
2019-11-25 23:32:28 [scrapy.extensions.logstats] INFO: Crawled 8961 pages (at 65 pages/min), scraped 177811 items (at 1301 items/min)
2019-11-25 23:33:28 [scrapy.extensions.logstats] INFO: Crawled 9027 pages (at 66 pages/min), scraped 179117 items (at 1306 items/min)
2019-11-25 23:34:28 [scrapy.extensions.logstats] INFO: Crawled 9094 pages (at 67 pages/min), scraped 180454 items (at 1337 items/min)
2019-11-25 23:35:28 [scrapy.extensions.logstats] INFO: Crawled 9162 pages (at 68 pages/min), scraped 181809 items (at 1355 items/min)
2019-11-25 23:36:28 [scrapy.extensions.logstats] INFO: Crawled 9230 pages (at 68 pages/min), scraped 183163 items (at 1354 items/min)
2019-11-25 23:37:28 [scrapy.extensions.logstats] INFO: Crawled 9295 pages (at 65 pages/min), scraped 184442 items (at 1279 items/min)
2019-11-25 23:38:28 [scrapy.extensions.logstats] INFO: Crawled 9361 pages (at 66 pages/min), scraped 185760 items (at 1318 items/min)
2019-11-25 23:39:28 [scrapy.extensions.logstats] INFO: Crawled 9427 pages (at 66 pages/min), scraped 187072 items (at 1312 items/min)
2019-11-25 23:40:28 [scrapy.extensions.logstats] INFO: Crawled 9493 pages (at 66 pages/min), scraped 188389 items (at 1317 items/min)
2019-11-25 23:41:28 [scrapy.extensions.logstats] INFO: Crawled 9559 pages (at 66 pages/min), scraped 189709 items (at 1320 items/min)
2019-11-25 23:42:28 [scrapy.extensions.logstats] INFO: Crawled 9624 pages (at 65 pages/min), scraped 191008 items (at 1299 items/min)
2019-11-25 23:43:28 [scrapy.extensions.logstats] INFO: Crawled 9691 pages (at 67 pages/min), scraped 192332 items (at 1324 items/min)
2019-11-25 23:44:28 [scrapy.extensions.logstats] INFO: Crawled 9761 pages (at 70 pages/min), scraped 193701 items (at 1369 items/min)
2019-11-25 23:45:28 [scrapy.extensions.logstats] INFO: Crawled 9831 pages (at 70 pages/min), scraped 195101 items (at 1400 items/min)
2019-11-25 23:46:28 [scrapy.extensions.logstats] INFO: Crawled 9902 pages (at 71 pages/min), scraped 196521 items (at 1420 items/min)
2019-11-25 23:47:28 [scrapy.extensions.logstats] INFO: Crawled 9976 pages (at 74 pages/min), scraped 197994 items (at 1473 items/min)
2019-11-25 23:48:28 [scrapy.extensions.logstats] INFO: Crawled 10054 pages (at 78 pages/min), scraped 199549 items (at 1555 items/min)
2019-11-25 23:49:28 [scrapy.extensions.logstats] INFO: Crawled 10133 pages (at 79 pages/min), scraped 201090 items (at 1541 items/min)
2019-11-25 23:50:28 [scrapy.extensions.logstats] INFO: Crawled 10213 pages (at 80 pages/min), scraped 202674 items (at 1584 items/min)
2019-11-25 23:51:28 [scrapy.extensions.logstats] INFO: Crawled 10295 pages (at 82 pages/min), scraped 204239 items (at 1565 items/min)
2019-11-25 23:52:28 [scrapy.extensions.logstats] INFO: Crawled 10375 pages (at 80 pages/min), scraped 205838 items (at 1599 items/min)
2019-11-25 23:53:28 [scrapy.extensions.logstats] INFO: Crawled 10460 pages (at 85 pages/min), scraped 207535 items (at 1697 items/min)
2019-11-25 23:54:28 [scrapy.extensions.logstats] INFO: Crawled 10544 pages (at 84 pages/min), scraped 209167 items (at 1632 items/min)
2019-11-25 23:55:28 [scrapy.extensions.logstats] INFO: Crawled 10630 pages (at 86 pages/min), scraped 210874 items (at 1707 items/min)
2019-11-25 23:56:28 [scrapy.extensions.logstats] INFO: Crawled 10716 pages (at 86 pages/min), scraped 212574 items (at 1700 items/min)
2019-11-25 23:57:28 [scrapy.extensions.logstats] INFO: Crawled 10801 pages (at 85 pages/min), scraped 214251 items (at 1677 items/min)
2019-11-25 23:58:28 [scrapy.extensions.logstats] INFO: Crawled 10884 pages (at 83 pages/min), scraped 215904 items (at 1653 items/min)
2019-11-25 23:59:28 [scrapy.extensions.logstats] INFO: Crawled 10970 pages (at 86 pages/min), scraped 217606 items (at 1702 items/min)
2019-11-26 00:00:28 [scrapy.extensions.logstats] INFO: Crawled 11056 pages (at 86 pages/min), scraped 219306 items (at 1700 items/min)
2019-11-26 00:01:28 [scrapy.extensions.logstats] INFO: Crawled 11145 pages (at 89 pages/min), scraped 221062 items (at 1756 items/min)
2019-11-26 00:02:28 [scrapy.extensions.logstats] INFO: Crawled 11232 pages (at 87 pages/min), scraped 222748 items (at 1686 items/min)
2019-11-26 00:03:28 [scrapy.extensions.logstats] INFO: Crawled 11318 pages (at 86 pages/min), scraped 224376 items (at 1628 items/min)
2019-11-26 00:04:28 [scrapy.extensions.logstats] INFO: Crawled 11405 pages (at 87 pages/min), scraped 225995 items (at 1619 items/min)
2019-11-26 00:05:28 [scrapy.extensions.logstats] INFO: Crawled 11489 pages (at 84 pages/min), scraped 227600 items (at 1605 items/min)
2019-11-26 00:06:28 [scrapy.extensions.logstats] INFO: Crawled 11575 pages (at 86 pages/min), scraped 229220 items (at 1620 items/min)
2019-11-26 00:07:28 [scrapy.extensions.logstats] INFO: Crawled 11660 pages (at 85 pages/min), scraped 230940 items (at 1720 items/min)
2019-11-26 00:08:28 [scrapy.extensions.logstats] INFO: Crawled 11747 pages (at 87 pages/min), scraped 232661 items (at 1721 items/min)
2019-11-26 00:09:28 [scrapy.extensions.logstats] INFO: Crawled 11836 pages (at 89 pages/min), scraped 234440 items (at 1779 items/min)
2019-11-26 00:10:28 [scrapy.extensions.logstats] INFO: Crawled 11927 pages (at 91 pages/min), scraped 236277 items (at 1837 items/min)
2019-11-26 00:11:28 [scrapy.extensions.logstats] INFO: Crawled 12019 pages (at 92 pages/min), scraped 238117 items (at 1840 items/min)
2019-11-26 00:12:28 [scrapy.extensions.logstats] INFO: Crawled 12114 pages (at 95 pages/min), scraped 239989 items (at 1872 items/min)
2019-11-26 00:13:28 [scrapy.extensions.logstats] INFO: Crawled 12210 pages (at 96 pages/min), scraped 241899 items (at 1910 items/min)
2019-11-26 00:14:28 [scrapy.extensions.logstats] INFO: Crawled 12303 pages (at 93 pages/min), scraped 243771 items (at 1872 items/min)
2019-11-26 00:15:28 [scrapy.extensions.logstats] INFO: Crawled 12396 pages (at 93 pages/min), scraped 245629 items (at 1858 items/min)
2019-11-26 00:16:28 [scrapy.extensions.logstats] INFO: Crawled 12492 pages (at 96 pages/min), scraped 247548 items (at 1919 items/min)
2019-11-26 00:17:28 [scrapy.extensions.logstats] INFO: Crawled 12588 pages (at 96 pages/min), scraped 249458 items (at 1910 items/min)
2019-11-26 00:18:28 [scrapy.extensions.logstats] INFO: Crawled 12682 pages (at 94 pages/min), scraped 251312 items (at 1854 items/min)
2019-11-26 00:19:28 [scrapy.extensions.logstats] INFO: Crawled 12776 pages (at 94 pages/min), scraped 253210 items (at 1898 items/min)
2019-11-26 00:20:28 [scrapy.extensions.logstats] INFO: Crawled 12870 pages (at 94 pages/min), scraped 255088 items (at 1878 items/min)
2019-11-26 00:21:28 [scrapy.extensions.logstats] INFO: Crawled 12963 pages (at 93 pages/min), scraped 256919 items (at 1831 items/min)
2019-11-26 00:22:28 [scrapy.extensions.logstats] INFO: Crawled 13056 pages (at 93 pages/min), scraped 258771 items (at 1852 items/min)
2019-11-26 00:23:28 [scrapy.extensions.logstats] INFO: Crawled 13149 pages (at 93 pages/min), scraped 260647 items (at 1876 items/min)
2019-11-26 00:24:28 [scrapy.extensions.logstats] INFO: Crawled 13243 pages (at 94 pages/min), scraped 262523 items (at 1876 items/min)
2019-11-26 00:25:28 [scrapy.extensions.logstats] INFO: Crawled 13337 pages (at 94 pages/min), scraped 264391 items (at 1868 items/min)
2019-11-26 00:26:28 [scrapy.extensions.logstats] INFO: Crawled 13431 pages (at 94 pages/min), scraped 266268 items (at 1877 items/min)
2019-11-26 00:27:28 [scrapy.extensions.logstats] INFO: Crawled 13526 pages (at 95 pages/min), scraped 268163 items (at 1895 items/min)
2019-11-26 00:28:28 [scrapy.extensions.logstats] INFO: Crawled 13616 pages (at 90 pages/min), scraped 269941 items (at 1778 items/min)
2019-11-26 00:29:28 [scrapy.extensions.logstats] INFO: Crawled 13706 pages (at 90 pages/min), scraped 271591 items (at 1650 items/min)
2019-11-26 00:30:28 [scrapy.extensions.logstats] INFO: Crawled 13791 pages (at 85 pages/min), scraped 273207 items (at 1616 items/min)
2019-11-26 00:31:28 [scrapy.extensions.logstats] INFO: Crawled 13876 pages (at 85 pages/min), scraped 274780 items (at 1573 items/min)
2019-11-26 00:32:28 [scrapy.extensions.logstats] INFO: Crawled 13963 pages (at 87 pages/min), scraped 276494 items (at 1714 items/min)
2019-11-26 00:33:28 [scrapy.extensions.logstats] INFO: Crawled 14052 pages (at 89 pages/min), scraped 278241 items (at 1747 items/min)
2019-11-26 00:34:28 [scrapy.extensions.logstats] INFO: Crawled 14140 pages (at 88 pages/min), scraped 279897 items (at 1656 items/min)
2019-11-26 00:35:28 [scrapy.extensions.logstats] INFO: Crawled 14228 pages (at 88 pages/min), scraped 281590 items (at 1693 items/min)
2019-11-26 00:36:28 [scrapy.extensions.logstats] INFO: Crawled 14316 pages (at 88 pages/min), scraped 283210 items (at 1620 items/min)
2019-11-26 00:37:28 [scrapy.extensions.logstats] INFO: Crawled 14404 pages (at 88 pages/min), scraped 284904 items (at 1694 items/min)
2019-11-26 00:38:28 [scrapy.extensions.logstats] INFO: Crawled 14493 pages (at 89 pages/min), scraped 286591 items (at 1687 items/min)
2019-11-26 00:39:28 [scrapy.extensions.logstats] INFO: Crawled 14579 pages (at 86 pages/min), scraped 288240 items (at 1649 items/min)
2019-11-26 00:40:28 [scrapy.extensions.logstats] INFO: Crawled 14668 pages (at 89 pages/min), scraped 289935 items (at 1695 items/min)
2019-11-26 00:41:28 [scrapy.extensions.logstats] INFO: Crawled 14757 pages (at 89 pages/min), scraped 291632 items (at 1697 items/min)
2019-11-26 00:42:28 [scrapy.extensions.logstats] INFO: Crawled 14845 pages (at 88 pages/min), scraped 293392 items (at 1760 items/min)
2019-11-26 00:43:28 [scrapy.extensions.logstats] INFO: Crawled 14932 pages (at 87 pages/min), scraped 295129 items (at 1737 items/min)
2019-11-26 00:44:28 [scrapy.extensions.logstats] INFO: Crawled 15019 pages (at 87 pages/min), scraped 296846 items (at 1717 items/min)
2019-11-26 00:45:28 [scrapy.extensions.logstats] INFO: Crawled 15105 pages (at 86 pages/min), scraped 298572 items (at 1726 items/min)
2019-11-26 00:46:28 [scrapy.extensions.logstats] INFO: Crawled 15192 pages (at 87 pages/min), scraped 300271 items (at 1699 items/min)
2019-11-26 00:47:28 [scrapy.extensions.logstats] INFO: Crawled 15279 pages (at 87 pages/min), scraped 302004 items (at 1733 items/min)
2019-11-26 00:48:28 [scrapy.extensions.logstats] INFO: Crawled 15365 pages (at 86 pages/min), scraped 303704 items (at 1700 items/min)
2019-11-26 00:49:28 [scrapy.extensions.logstats] INFO: Crawled 15452 pages (at 87 pages/min), scraped 305424 items (at 1720 items/min)
2019-11-26 00:50:28 [scrapy.extensions.logstats] INFO: Crawled 15540 pages (at 88 pages/min), scraped 307146 items (at 1722 items/min)
2019-11-26 00:51:28 [scrapy.extensions.logstats] INFO: Crawled 15629 pages (at 89 pages/min), scraped 308926 items (at 1780 items/min)
2019-11-26 00:52:28 [scrapy.extensions.logstats] INFO: Crawled 15716 pages (at 87 pages/min), scraped 310666 items (at 1740 items/min)
2019-11-26 00:53:28 [scrapy.extensions.logstats] INFO: Crawled 15804 pages (at 88 pages/min), scraped 312373 items (at 1707 items/min)
2019-11-26 00:54:28 [scrapy.extensions.logstats] INFO: Crawled 15893 pages (at 89 pages/min), scraped 314172 items (at 1799 items/min)
2019-11-26 00:55:28 [scrapy.extensions.logstats] INFO: Crawled 15981 pages (at 88 pages/min), scraped 315926 items (at 1754 items/min)
2019-11-26 00:56:28 [scrapy.extensions.logstats] INFO: Crawled 16068 pages (at 87 pages/min), scraped 317628 items (at 1702 items/min)
2019-11-26 00:57:28 [scrapy.extensions.logstats] INFO: Crawled 16154 pages (at 86 pages/min), scraped 319357 items (at 1729 items/min)
2019-11-26 00:58:28 [scrapy.extensions.logstats] INFO: Crawled 16241 pages (at 87 pages/min), scraped 321077 items (at 1720 items/min)
2019-11-26 00:59:28 [scrapy.extensions.logstats] INFO: Crawled 16326 pages (at 85 pages/min), scraped 322794 items (at 1717 items/min)
2019-11-26 01:00:28 [scrapy.extensions.logstats] INFO: Crawled 16415 pages (at 89 pages/min), scraped 324545 items (at 1751 items/min)
2019-11-26 01:01:28 [scrapy.extensions.logstats] INFO: Crawled 16502 pages (at 87 pages/min), scraped 326292 items (at 1747 items/min)
2019-11-26 01:02:28 [scrapy.extensions.logstats] INFO: Crawled 16591 pages (at 89 pages/min), scraped 328039 items (at 1747 items/min)
2019-11-26 01:03:28 [scrapy.extensions.logstats] INFO: Crawled 16679 pages (at 88 pages/min), scraped 329757 items (at 1718 items/min)
2019-11-26 01:04:28 [scrapy.extensions.logstats] INFO: Crawled 16768 pages (at 89 pages/min), scraped 331474 items (at 1717 items/min)
2019-11-26 01:05:28 [scrapy.extensions.logstats] INFO: Crawled 16856 pages (at 88 pages/min), scraped 333239 items (at 1765 items/min)
2019-11-26 01:06:28 [scrapy.extensions.logstats] INFO: Crawled 16944 pages (at 88 pages/min), scraped 334976 items (at 1737 items/min)
2019-11-26 01:07:28 [scrapy.extensions.logstats] INFO: Crawled 17033 pages (at 89 pages/min), scraped 336744 items (at 1768 items/min)
2019-11-26 01:08:28 [scrapy.extensions.logstats] INFO: Crawled 17120 pages (at 87 pages/min), scraped 338443 items (at 1699 items/min)
2019-11-26 01:09:28 [scrapy.extensions.logstats] INFO: Crawled 17207 pages (at 87 pages/min), scraped 340174 items (at 1731 items/min)
2019-11-26 01:10:28 [scrapy.extensions.logstats] INFO: Crawled 17296 pages (at 89 pages/min), scraped 341934 items (at 1760 items/min)
2019-11-26 01:11:28 [scrapy.extensions.logstats] INFO: Crawled 17384 pages (at 88 pages/min), scraped 343711 items (at 1777 items/min)
2019-11-26 01:12:28 [scrapy.extensions.logstats] INFO: Crawled 17471 pages (at 87 pages/min), scraped 345447 items (at 1736 items/min)
2019-11-26 01:13:28 [scrapy.extensions.logstats] INFO: Crawled 17559 pages (at 88 pages/min), scraped 347206 items (at 1759 items/min)
2019-11-26 01:14:28 [scrapy.extensions.logstats] INFO: Crawled 17647 pages (at 88 pages/min), scraped 348966 items (at 1760 items/min)
2019-11-26 01:15:28 [scrapy.extensions.logstats] INFO: Crawled 17735 pages (at 88 pages/min), scraped 350707 items (at 1741 items/min)
2019-11-26 01:16:28 [scrapy.extensions.logstats] INFO: Crawled 17823 pages (at 88 pages/min), scraped 352459 items (at 1752 items/min)
2019-11-26 01:17:28 [scrapy.extensions.logstats] INFO: Crawled 17909 pages (at 86 pages/min), scraped 354179 items (at 1720 items/min)
2019-11-26 01:18:28 [scrapy.extensions.logstats] INFO: Crawled 17997 pages (at 88 pages/min), scraped 355917 items (at 1738 items/min)
2019-11-26 01:19:28 [scrapy.extensions.logstats] INFO: Crawled 18084 pages (at 87 pages/min), scraped 357677 items (at 1760 items/min)
2019-11-26 01:20:28 [scrapy.extensions.logstats] INFO: Crawled 18172 pages (at 88 pages/min), scraped 359430 items (at 1753 items/min)
2019-11-26 01:21:28 [scrapy.extensions.logstats] INFO: Crawled 18260 pages (at 88 pages/min), scraped 361192 items (at 1762 items/min)
2019-11-26 01:22:28 [scrapy.extensions.logstats] INFO: Crawled 18349 pages (at 89 pages/min), scraped 362966 items (at 1774 items/min)
2019-11-26 01:23:28 [scrapy.extensions.logstats] INFO: Crawled 18438 pages (at 89 pages/min), scraped 364746 items (at 1780 items/min)
2019-11-26 01:24:28 [scrapy.extensions.logstats] INFO: Crawled 18525 pages (at 87 pages/min), scraped 366463 items (at 1717 items/min)
2019-11-26 01:25:28 [scrapy.extensions.logstats] INFO: Crawled 18612 pages (at 87 pages/min), scraped 368200 items (at 1737 items/min)
2019-11-26 01:26:28 [scrapy.extensions.logstats] INFO: Crawled 18701 pages (at 89 pages/min), scraped 369993 items (at 1793 items/min)
2019-11-26 01:27:28 [scrapy.extensions.logstats] INFO: Crawled 18790 pages (at 89 pages/min), scraped 371741 items (at 1748 items/min)
2019-11-26 01:28:28 [scrapy.extensions.logstats] INFO: Crawled 18878 pages (at 88 pages/min), scraped 373482 items (at 1741 items/min)
2019-11-26 01:29:28 [scrapy.extensions.logstats] INFO: Crawled 18966 pages (at 88 pages/min), scraped 375244 items (at 1762 items/min)
2019-11-26 01:30:28 [scrapy.extensions.logstats] INFO: Crawled 19055 pages (at 89 pages/min), scraped 377022 items (at 1778 items/min)
2019-11-26 01:31:28 [scrapy.extensions.logstats] INFO: Crawled 19146 pages (at 91 pages/min), scraped 378825 items (at 1803 items/min)
2019-11-26 01:32:28 [scrapy.extensions.logstats] INFO: Crawled 19235 pages (at 89 pages/min), scraped 380601 items (at 1776 items/min)
2019-11-26 01:33:28 [scrapy.extensions.logstats] INFO: Crawled 19324 pages (at 89 pages/min), scraped 382372 items (at 1771 items/min)
2019-11-26 01:34:28 [scrapy.extensions.logstats] INFO: Crawled 19413 pages (at 89 pages/min), scraped 384137 items (at 1765 items/min)
2019-11-26 01:35:28 [scrapy.extensions.logstats] INFO: Crawled 19502 pages (at 89 pages/min), scraped 385917 items (at 1780 items/min)
2019-11-26 01:36:28 [scrapy.extensions.logstats] INFO: Crawled 19592 pages (at 90 pages/min), scraped 387706 items (at 1789 items/min)
2019-11-26 01:37:28 [scrapy.extensions.logstats] INFO: Crawled 19681 pages (at 89 pages/min), scraped 389489 items (at 1783 items/min)
2019-11-26 01:38:28 [scrapy.extensions.logstats] INFO: Crawled 19769 pages (at 88 pages/min), scraped 391175 items (at 1686 items/min)
2019-11-26 01:39:28 [scrapy.extensions.logstats] INFO: Crawled 19863 pages (at 94 pages/min), scraped 392534 items (at 1359 items/min)
2019-11-26 01:40:28 [scrapy.extensions.logstats] INFO: Crawled 19953 pages (at 90 pages/min), scraped 394199 items (at 1665 items/min)
2019-11-26 01:41:28 [scrapy.extensions.logstats] INFO: Crawled 20043 pages (at 90 pages/min), scraped 395800 items (at 1601 items/min)
2019-11-26 01:42:28 [scrapy.extensions.logstats] INFO: Crawled 20131 pages (at 88 pages/min), scraped 397493 items (at 1693 items/min)
2019-11-26 01:43:28 [scrapy.extensions.logstats] INFO: Crawled 20219 pages (at 88 pages/min), scraped 399230 items (at 1737 items/min)
2019-11-26 01:44:28 [scrapy.extensions.logstats] INFO: Crawled 20308 pages (at 89 pages/min), scraped 401027 items (at 1797 items/min)
2019-11-26 01:45:28 [scrapy.extensions.logstats] INFO: Crawled 20397 pages (at 89 pages/min), scraped 402797 items (at 1770 items/min)
2019-11-26 01:46:28 [scrapy.extensions.logstats] INFO: Crawled 20485 pages (at 88 pages/min), scraped 404557 items (at 1760 items/min)
2019-11-26 01:47:28 [scrapy.extensions.logstats] INFO: Crawled 20575 pages (at 90 pages/min), scraped 406308 items (at 1751 items/min)
2019-11-26 01:48:28 [scrapy.extensions.logstats] INFO: Crawled 20662 pages (at 87 pages/min), scraped 407997 items (at 1689 items/min)
2019-11-26 01:49:28 [scrapy.extensions.logstats] INFO: Crawled 20750 pages (at 88 pages/min), scraped 409770 items (at 1773 items/min)
2019-11-26 01:50:28 [scrapy.extensions.logstats] INFO: Crawled 20840 pages (at 90 pages/min), scraped 411533 items (at 1763 items/min)
2019-11-26 01:51:28 [scrapy.extensions.logstats] INFO: Crawled 20929 pages (at 89 pages/min), scraped 413329 items (at 1796 items/min)
2019-11-26 01:52:28 [scrapy.extensions.logstats] INFO: Crawled 21018 pages (at 89 pages/min), scraped 415079 items (at 1750 items/min)
2019-11-26 01:53:28 [scrapy.extensions.logstats] INFO: Crawled 21108 pages (at 90 pages/min), scraped 416834 items (at 1755 items/min)
2019-11-26 01:54:28 [scrapy.extensions.logstats] INFO: Crawled 21199 pages (at 91 pages/min), scraped 418496 items (at 1662 items/min)
2019-11-26 01:55:28 [scrapy.extensions.logstats] INFO: Crawled 21286 pages (at 87 pages/min), scraped 420222 items (at 1726 items/min)
2019-11-26 01:56:28 [scrapy.extensions.logstats] INFO: Crawled 21374 pages (at 88 pages/min), scraped 421951 items (at 1729 items/min)
2019-11-26 01:57:28 [scrapy.extensions.logstats] INFO: Crawled 21463 pages (at 89 pages/min), scraped 423714 items (at 1763 items/min)
2019-11-26 01:58:28 [scrapy.extensions.logstats] INFO: Crawled 21551 pages (at 88 pages/min), scraped 425443 items (at 1729 items/min)
2019-11-26 01:59:28 [scrapy.extensions.logstats] INFO: Crawled 21639 pages (at 88 pages/min), scraped 427147 items (at 1704 items/min)
2019-11-26 02:00:28 [scrapy.extensions.logstats] INFO: Crawled 21729 pages (at 90 pages/min), scraped 428883 items (at 1736 items/min)
2019-11-26 02:01:28 [scrapy.extensions.logstats] INFO: Crawled 21818 pages (at 89 pages/min), scraped 430648 items (at 1765 items/min)
2019-11-26 02:02:28 [scrapy.extensions.logstats] INFO: Crawled 21907 pages (at 89 pages/min), scraped 432394 items (at 1746 items/min)
2019-11-26 02:03:28 [scrapy.extensions.logstats] INFO: Crawled 21998 pages (at 91 pages/min), scraped 434207 items (at 1813 items/min)
2019-11-26 02:04:28 [scrapy.extensions.logstats] INFO: Crawled 22087 pages (at 89 pages/min), scraped 435987 items (at 1780 items/min)
2019-11-26 02:05:28 [scrapy.extensions.logstats] INFO: Crawled 22177 pages (at 90 pages/min), scraped 437775 items (at 1788 items/min)
2019-11-26 02:06:28 [scrapy.extensions.logstats] INFO: Crawled 22264 pages (at 87 pages/min), scraped 439526 items (at 1751 items/min)
2019-11-26 02:07:28 [scrapy.extensions.logstats] INFO: Crawled 22353 pages (at 89 pages/min), scraped 441305 items (at 1779 items/min)
2019-11-26 02:08:28 [scrapy.extensions.logstats] INFO: Crawled 22441 pages (at 88 pages/min), scraped 443065 items (at 1760 items/min)
2019-11-26 02:09:28 [scrapy.extensions.logstats] INFO: Crawled 22530 pages (at 89 pages/min), scraped 444845 items (at 1780 items/min)
2019-11-26 02:10:28 [scrapy.extensions.logstats] INFO: Crawled 22619 pages (at 89 pages/min), scraped 446625 items (at 1780 items/min)
2019-11-26 02:11:28 [scrapy.extensions.logstats] INFO: Crawled 22708 pages (at 89 pages/min), scraped 448361 items (at 1736 items/min)
2019-11-26 02:12:28 [scrapy.extensions.logstats] INFO: Crawled 22798 pages (at 90 pages/min), scraped 450159 items (at 1798 items/min)
2019-11-26 02:13:28 [scrapy.extensions.logstats] INFO: Crawled 22886 pages (at 88 pages/min), scraped 451919 items (at 1760 items/min)
2019-11-26 02:14:28 [scrapy.extensions.logstats] INFO: Crawled 22974 pages (at 88 pages/min), scraped 453679 items (at 1760 items/min)
2019-11-26 02:15:28 [scrapy.extensions.logstats] INFO: Crawled 23062 pages (at 88 pages/min), scraped 455434 items (at 1755 items/min)
2019-11-26 02:16:28 [scrapy.extensions.logstats] INFO: Crawled 23152 pages (at 90 pages/min), scraped 457234 items (at 1800 items/min)
2019-11-26 02:17:28 [scrapy.extensions.logstats] INFO: Crawled 23242 pages (at 90 pages/min), scraped 459014 items (at 1780 items/min)
2019-11-26 02:18:28 [scrapy.extensions.logstats] INFO: Crawled 23331 pages (at 89 pages/min), scraped 460792 items (at 1778 items/min)
2019-11-26 02:19:28 [scrapy.extensions.logstats] INFO: Crawled 23419 pages (at 88 pages/min), scraped 462552 items (at 1760 items/min)
2019-11-26 02:20:28 [scrapy.extensions.logstats] INFO: Crawled 23509 pages (at 90 pages/min), scraped 464364 items (at 1812 items/min)
2019-11-26 02:21:28 [scrapy.extensions.logstats] INFO: Crawled 23600 pages (at 91 pages/min), scraped 466164 items (at 1800 items/min)
2019-11-26 02:22:28 [scrapy.extensions.logstats] INFO: Crawled 23689 pages (at 89 pages/min), scraped 467946 items (at 1782 items/min)
2019-11-26 02:23:28 [scrapy.extensions.logstats] INFO: Crawled 23780 pages (at 91 pages/min), scraped 469745 items (at 1799 items/min)
2019-11-26 02:24:28 [scrapy.extensions.logstats] INFO: Crawled 23869 pages (at 89 pages/min), scraped 471545 items (at 1800 items/min)
2019-11-26 02:25:28 [scrapy.extensions.logstats] INFO: Crawled 23960 pages (at 91 pages/min), scraped 473329 items (at 1784 items/min)
2019-11-26 02:26:28 [scrapy.extensions.logstats] INFO: Crawled 24050 pages (at 90 pages/min), scraped 475128 items (at 1799 items/min)
2019-11-26 02:27:28 [scrapy.extensions.logstats] INFO: Crawled 24140 pages (at 90 pages/min), scraped 476900 items (at 1772 items/min)
2019-11-26 02:28:28 [scrapy.extensions.logstats] INFO: Crawled 24228 pages (at 88 pages/min), scraped 478633 items (at 1733 items/min)
2019-11-26 02:29:28 [scrapy.extensions.logstats] INFO: Crawled 24319 pages (at 91 pages/min), scraped 480377 items (at 1744 items/min)
2019-11-26 02:30:28 [scrapy.extensions.logstats] INFO: Crawled 24410 pages (at 91 pages/min), scraped 482047 items (at 1670 items/min)
2019-11-26 02:31:28 [scrapy.extensions.logstats] INFO: Crawled 24499 pages (at 89 pages/min), scraped 483820 items (at 1773 items/min)
2019-11-26 02:32:28 [scrapy.extensions.logstats] INFO: Crawled 24589 pages (at 90 pages/min), scraped 485616 items (at 1796 items/min)
2019-11-26 02:33:28 [scrapy.extensions.logstats] INFO: Crawled 24678 pages (at 89 pages/min), scraped 487394 items (at 1778 items/min)
2019-11-26 02:34:28 [scrapy.extensions.logstats] INFO: Crawled 24768 pages (at 90 pages/min), scraped 489193 items (at 1799 items/min)
2019-11-26 02:35:28 [scrapy.extensions.logstats] INFO: Crawled 24858 pages (at 90 pages/min), scraped 490972 items (at 1779 items/min)
2019-11-26 02:36:28 [scrapy.extensions.logstats] INFO: Crawled 24948 pages (at 90 pages/min), scraped 492787 items (at 1815 items/min)
2019-11-26 02:37:28 [scrapy.extensions.logstats] INFO: Crawled 25039 pages (at 91 pages/min), scraped 494587 items (at 1800 items/min)
2019-11-26 02:38:28 [scrapy.extensions.logstats] INFO: Crawled 25126 pages (at 87 pages/min), scraped 496344 items (at 1757 items/min)
2019-11-26 02:39:28 [scrapy.extensions.logstats] INFO: Crawled 25217 pages (at 91 pages/min), scraped 498120 items (at 1776 items/min)
2019-11-26 02:40:28 [scrapy.extensions.logstats] INFO: Crawled 25306 pages (at 89 pages/min), scraped 499899 items (at 1779 items/min)
2019-11-26 02:41:28 [scrapy.extensions.logstats] INFO: Crawled 25396 pages (at 90 pages/min), scraped 501719 items (at 1820 items/min)
2019-11-26 02:42:28 [scrapy.extensions.logstats] INFO: Crawled 25487 pages (at 91 pages/min), scraped 503517 items (at 1798 items/min)
2019-11-26 02:43:28 [scrapy.extensions.logstats] INFO: Crawled 25579 pages (at 92 pages/min), scraped 505329 items (at 1812 items/min)
2019-11-26 02:44:28 [scrapy.extensions.logstats] INFO: Crawled 25670 pages (at 91 pages/min), scraped 507110 items (at 1781 items/min)
2019-11-26 02:45:28 [scrapy.extensions.logstats] INFO: Crawled 25761 pages (at 91 pages/min), scraped 508876 items (at 1766 items/min)
2019-11-26 02:46:28 [scrapy.extensions.logstats] INFO: Crawled 25853 pages (at 92 pages/min), scraped 510680 items (at 1804 items/min)
2019-11-26 02:47:28 [scrapy.extensions.logstats] INFO: Crawled 25944 pages (at 91 pages/min), scraped 512455 items (at 1775 items/min)
2019-11-26 02:48:28 [scrapy.extensions.logstats] INFO: Crawled 26033 pages (at 89 pages/min), scraped 514208 items (at 1753 items/min)
2019-11-26 02:49:28 [scrapy.extensions.logstats] INFO: Crawled 26124 pages (at 91 pages/min), scraped 515964 items (at 1756 items/min)
2019-11-26 02:50:28 [scrapy.extensions.logstats] INFO: Crawled 26214 pages (at 90 pages/min), scraped 517720 items (at 1756 items/min)
2019-11-26 02:51:28 [scrapy.extensions.logstats] INFO: Crawled 26304 pages (at 90 pages/min), scraped 519479 items (at 1759 items/min)
2019-11-26 02:52:28 [scrapy.extensions.logstats] INFO: Crawled 26393 pages (at 89 pages/min), scraped 521218 items (at 1739 items/min)
2019-11-26 02:53:28 [scrapy.extensions.logstats] INFO: Crawled 26483 pages (at 90 pages/min), scraped 522995 items (at 1777 items/min)
2019-11-26 02:54:28 [scrapy.extensions.logstats] INFO: Crawled 26572 pages (at 89 pages/min), scraped 524771 items (at 1776 items/min)
2019-11-26 02:55:28 [scrapy.extensions.logstats] INFO: Crawled 26663 pages (at 91 pages/min), scraped 526564 items (at 1793 items/min)
2019-11-26 02:56:28 [scrapy.extensions.logstats] INFO: Crawled 26753 pages (at 90 pages/min), scraped 528292 items (at 1728 items/min)
2019-11-26 02:57:28 [scrapy.extensions.logstats] INFO: Crawled 26843 pages (at 90 pages/min), scraped 530068 items (at 1776 items/min)
2019-11-26 02:58:28 [scrapy.extensions.logstats] INFO: Crawled 26931 pages (at 88 pages/min), scraped 531791 items (at 1723 items/min)
2019-11-26 02:59:28 [scrapy.extensions.logstats] INFO: Crawled 27020 pages (at 89 pages/min), scraped 533540 items (at 1749 items/min)
2019-11-26 03:00:28 [scrapy.extensions.logstats] INFO: Crawled 27110 pages (at 90 pages/min), scraped 535302 items (at 1762 items/min)
2019-11-26 03:01:28 [scrapy.extensions.logstats] INFO: Crawled 27200 pages (at 90 pages/min), scraped 537057 items (at 1755 items/min)
2019-11-26 03:02:28 [scrapy.extensions.logstats] INFO: Crawled 27288 pages (at 88 pages/min), scraped 538771 items (at 1714 items/min)
2019-11-26 03:03:28 [scrapy.extensions.logstats] INFO: Crawled 27377 pages (at 89 pages/min), scraped 540539 items (at 1768 items/min)
2019-11-26 03:04:28 [scrapy.extensions.logstats] INFO: Crawled 27467 pages (at 90 pages/min), scraped 542234 items (at 1695 items/min)
2019-11-26 03:05:28 [scrapy.extensions.logstats] INFO: Crawled 27558 pages (at 91 pages/min), scraped 544022 items (at 1788 items/min)
2019-11-26 03:06:28 [scrapy.extensions.logstats] INFO: Crawled 27649 pages (at 91 pages/min), scraped 545784 items (at 1762 items/min)
2019-11-26 03:07:28 [scrapy.extensions.logstats] INFO: Crawled 27735 pages (at 86 pages/min), scraped 547507 items (at 1723 items/min)
2019-11-26 03:08:28 [scrapy.extensions.logstats] INFO: Crawled 27823 pages (at 88 pages/min), scraped 549221 items (at 1714 items/min)
2019-11-26 03:09:28 [scrapy.extensions.logstats] INFO: Crawled 27911 pages (at 88 pages/min), scraped 550915 items (at 1694 items/min)
2019-11-26 03:10:28 [scrapy.extensions.logstats] INFO: Crawled 27999 pages (at 88 pages/min), scraped 552661 items (at 1746 items/min)
2019-11-26 03:11:28 [scrapy.extensions.logstats] INFO: Crawled 28085 pages (at 86 pages/min), scraped 554340 items (at 1679 items/min)
2019-11-26 03:12:28 [scrapy.extensions.logstats] INFO: Crawled 28169 pages (at 84 pages/min), scraped 555998 items (at 1658 items/min)
2019-11-26 03:13:28 [scrapy.extensions.logstats] INFO: Crawled 28257 pages (at 88 pages/min), scraped 557727 items (at 1729 items/min)
2019-11-26 03:14:28 [scrapy.extensions.logstats] INFO: Crawled 28345 pages (at 88 pages/min), scraped 559437 items (at 1710 items/min)
2019-11-26 03:15:28 [scrapy.extensions.logstats] INFO: Crawled 28431 pages (at 86 pages/min), scraped 561131 items (at 1694 items/min)
2019-11-26 03:16:28 [scrapy.extensions.logstats] INFO: Crawled 28519 pages (at 88 pages/min), scraped 562856 items (at 1725 items/min)
2019-11-26 03:17:28 [scrapy.extensions.logstats] INFO: Crawled 28606 pages (at 87 pages/min), scraped 564575 items (at 1719 items/min)
2019-11-26 03:18:28 [scrapy.extensions.logstats] INFO: Crawled 28691 pages (at 85 pages/min), scraped 566213 items (at 1638 items/min)
2019-11-26 03:19:28 [scrapy.extensions.logstats] INFO: Crawled 28776 pages (at 85 pages/min), scraped 567829 items (at 1616 items/min)
2019-11-26 03:20:28 [scrapy.extensions.logstats] INFO: Crawled 28866 pages (at 90 pages/min), scraped 569428 items (at 1599 items/min)
2019-11-26 03:21:28 [scrapy.extensions.logstats] INFO: Crawled 28956 pages (at 90 pages/min), scraped 571073 items (at 1645 items/min)
2019-11-26 03:22:28 [scrapy.extensions.logstats] INFO: Crawled 29042 pages (at 86 pages/min), scraped 572718 items (at 1645 items/min)
2019-11-26 03:23:28 [scrapy.extensions.logstats] INFO: Crawled 29129 pages (at 87 pages/min), scraped 574377 items (at 1659 items/min)
2019-11-26 03:24:28 [scrapy.extensions.logstats] INFO: Crawled 29214 pages (at 85 pages/min), scraped 576011 items (at 1634 items/min)
2019-11-26 03:25:28 [scrapy.extensions.logstats] INFO: Crawled 29300 pages (at 86 pages/min), scraped 577594 items (at 1583 items/min)
2019-11-26 03:26:28 [scrapy.extensions.logstats] INFO: Crawled 29384 pages (at 84 pages/min), scraped 579190 items (at 1596 items/min)
2019-11-26 03:27:28 [scrapy.extensions.logstats] INFO: Crawled 29469 pages (at 85 pages/min), scraped 580809 items (at 1619 items/min)
2019-11-26 03:28:28 [scrapy.extensions.logstats] INFO: Crawled 29557 pages (at 88 pages/min), scraped 582375 items (at 1566 items/min)
2019-11-26 03:29:28 [scrapy.extensions.logstats] INFO: Crawled 29644 pages (at 87 pages/min), scraped 583999 items (at 1624 items/min)
2019-11-26 03:30:28 [scrapy.extensions.logstats] INFO: Crawled 29728 pages (at 84 pages/min), scraped 585555 items (at 1556 items/min)
2019-11-26 03:31:28 [scrapy.extensions.logstats] INFO: Crawled 29812 pages (at 84 pages/min), scraped 587165 items (at 1610 items/min)
2019-11-26 03:32:28 [scrapy.extensions.logstats] INFO: Crawled 29895 pages (at 83 pages/min), scraped 588694 items (at 1529 items/min)
2019-11-26 03:33:28 [scrapy.extensions.logstats] INFO: Crawled 29983 pages (at 88 pages/min), scraped 590197 items (at 1503 items/min)
2019-11-26 03:34:28 [scrapy.extensions.logstats] INFO: Crawled 30070 pages (at 87 pages/min), scraped 591787 items (at 1590 items/min)
2019-11-26 03:35:28 [scrapy.extensions.logstats] INFO: Crawled 30155 pages (at 85 pages/min), scraped 593305 items (at 1518 items/min)
2019-11-26 03:36:28 [scrapy.extensions.logstats] INFO: Crawled 30241 pages (at 86 pages/min), scraped 594784 items (at 1479 items/min)
2019-11-26 03:37:28 [scrapy.extensions.logstats] INFO: Crawled 30326 pages (at 85 pages/min), scraped 596356 items (at 1572 items/min)
2019-11-26 03:38:28 [scrapy.extensions.logstats] INFO: Crawled 30409 pages (at 83 pages/min), scraped 597977 items (at 1621 items/min)
2019-11-26 03:39:28 [scrapy.extensions.logstats] INFO: Crawled 30490 pages (at 81 pages/min), scraped 599556 items (at 1579 items/min)
2019-11-26 03:40:28 [scrapy.extensions.logstats] INFO: Crawled 30569 pages (at 79 pages/min), scraped 601066 items (at 1510 items/min)
2019-11-26 03:41:28 [scrapy.extensions.logstats] INFO: Crawled 30666 pages (at 97 pages/min), scraped 602336 items (at 1270 items/min)
2019-11-26 03:42:28 [scrapy.extensions.logstats] INFO: Crawled 30763 pages (at 97 pages/min), scraped 603554 items (at 1218 items/min)
2019-11-26 03:43:28 [scrapy.extensions.logstats] INFO: Crawled 30850 pages (at 87 pages/min), scraped 605046 items (at 1492 items/min)
2019-11-26 03:44:28 [scrapy.extensions.logstats] INFO: Crawled 30944 pages (at 94 pages/min), scraped 606722 items (at 1676 items/min)
2019-11-26 03:45:28 [scrapy.extensions.logstats] INFO: Crawled 31033 pages (at 89 pages/min), scraped 608500 items (at 1778 items/min)
2019-11-26 03:46:28 [scrapy.extensions.logstats] INFO: Crawled 31123 pages (at 90 pages/min), scraped 610295 items (at 1795 items/min)
2019-11-26 03:47:28 [scrapy.extensions.logstats] INFO: Crawled 31213 pages (at 90 pages/min), scraped 612068 items (at 1773 items/min)
2019-11-26 03:48:28 [scrapy.extensions.logstats] INFO: Crawled 31307 pages (at 94 pages/min), scraped 613967 items (at 1899 items/min)
2019-11-26 03:49:28 [scrapy.extensions.logstats] INFO: Crawled 31403 pages (at 96 pages/min), scraped 615887 items (at 1920 items/min)
2019-11-26 03:50:28 [scrapy.extensions.logstats] INFO: Crawled 31498 pages (at 95 pages/min), scraped 617787 items (at 1900 items/min)
2019-11-26 03:51:28 [scrapy.extensions.logstats] INFO: Crawled 31593 pages (at 95 pages/min), scraped 619684 items (at 1897 items/min)
2019-11-26 03:52:28 [scrapy.extensions.logstats] INFO: Crawled 31689 pages (at 96 pages/min), scraped 621604 items (at 1920 items/min)
2019-11-26 03:53:28 [scrapy.extensions.logstats] INFO: Crawled 31785 pages (at 96 pages/min), scraped 623523 items (at 1919 items/min)
2019-11-26 03:54:28 [scrapy.extensions.logstats] INFO: Crawled 31882 pages (at 97 pages/min), scraped 625456 items (at 1933 items/min)
2019-11-26 03:55:28 [scrapy.extensions.logstats] INFO: Crawled 31979 pages (at 97 pages/min), scraped 627376 items (at 1920 items/min)
2019-11-26 03:56:28 [scrapy.extensions.logstats] INFO: Crawled 32072 pages (at 93 pages/min), scraped 629254 items (at 1878 items/min)
2019-11-26 03:57:28 [scrapy.extensions.logstats] INFO: Crawled 32171 pages (at 99 pages/min), scraped 631234 items (at 1980 items/min)
2019-11-26 03:58:28 [scrapy.extensions.logstats] INFO: Crawled 32265 pages (at 94 pages/min), scraped 633114 items (at 1880 items/min)
2019-11-26 03:59:28 [scrapy.extensions.logstats] INFO: Crawled 32362 pages (at 97 pages/min), scraped 635053 items (at 1939 items/min)
2019-11-26 04:00:28 [scrapy.extensions.logstats] INFO: Crawled 32462 pages (at 100 pages/min), scraped 637050 items (at 1997 items/min)
2019-11-26 04:01:28 [scrapy.extensions.logstats] INFO: Crawled 32562 pages (at 100 pages/min), scraped 639050 items (at 2000 items/min)
2019-11-26 04:02:28 [scrapy.extensions.logstats] INFO: Crawled 32661 pages (at 99 pages/min), scraped 641030 items (at 1980 items/min)
2019-11-26 04:03:28 [scrapy.extensions.logstats] INFO: Crawled 32762 pages (at 101 pages/min), scraped 643047 items (at 2017 items/min)
2019-11-26 04:04:28 [scrapy.extensions.logstats] INFO: Crawled 32864 pages (at 102 pages/min), scraped 645087 items (at 2040 items/min)
2019-11-26 04:05:28 [scrapy.extensions.logstats] INFO: Crawled 32964 pages (at 100 pages/min), scraped 647065 items (at 1978 items/min)
2019-11-26 04:06:28 [scrapy.extensions.logstats] INFO: Crawled 33065 pages (at 101 pages/min), scraped 649069 items (at 2004 items/min)
2019-11-26 04:07:28 [scrapy.extensions.logstats] INFO: Crawled 33162 pages (at 97 pages/min), scraped 651021 items (at 1952 items/min)
2019-11-26 04:08:28 [scrapy.extensions.logstats] INFO: Crawled 33261 pages (at 99 pages/min), scraped 652996 items (at 1975 items/min)
2019-11-26 04:09:28 [scrapy.extensions.logstats] INFO: Crawled 33360 pages (at 99 pages/min), scraped 654966 items (at 1970 items/min)
2019-11-26 04:10:28 [scrapy.extensions.logstats] INFO: Crawled 33459 pages (at 99 pages/min), scraped 656938 items (at 1972 items/min)
2019-11-26 04:11:28 [scrapy.extensions.logstats] INFO: Crawled 33553 pages (at 94 pages/min), scraped 658801 items (at 1863 items/min)
2019-11-26 04:12:28 [scrapy.extensions.logstats] INFO: Crawled 33644 pages (at 91 pages/min), scraped 660595 items (at 1794 items/min)
2019-11-26 04:13:28 [scrapy.extensions.logstats] INFO: Crawled 33734 pages (at 90 pages/min), scraped 662394 items (at 1799 items/min)
2019-11-26 04:14:28 [scrapy.extensions.logstats] INFO: Crawled 33829 pages (at 95 pages/min), scraped 664257 items (at 1863 items/min)
2019-11-26 04:15:28 [scrapy.extensions.logstats] INFO: Crawled 33922 pages (at 93 pages/min), scraped 666079 items (at 1822 items/min)
2019-11-26 04:16:28 [scrapy.extensions.logstats] INFO: Crawled 34014 pages (at 92 pages/min), scraped 667939 items (at 1860 items/min)
2019-11-26 04:17:28 [scrapy.extensions.logstats] INFO: Crawled 34106 pages (at 92 pages/min), scraped 669751 items (at 1812 items/min)
2019-11-26 04:18:28 [scrapy.extensions.logstats] INFO: Crawled 34197 pages (at 91 pages/min), scraped 671539 items (at 1788 items/min)
2019-11-26 04:19:28 [scrapy.extensions.logstats] INFO: Crawled 34291 pages (at 94 pages/min), scraped 673376 items (at 1837 items/min)
2019-11-26 04:20:28 [scrapy.extensions.logstats] INFO: Crawled 34383 pages (at 92 pages/min), scraped 675231 items (at 1855 items/min)
2019-11-26 04:21:28 [scrapy.extensions.logstats] INFO: Crawled 34480 pages (at 97 pages/min), scraped 677166 items (at 1935 items/min)
2019-11-26 04:22:28 [scrapy.extensions.logstats] INFO: Crawled 34579 pages (at 99 pages/min), scraped 679101 items (at 1935 items/min)
2019-11-26 04:23:28 [scrapy.extensions.logstats] INFO: Crawled 34674 pages (at 95 pages/min), scraped 681001 items (at 1900 items/min)
2019-11-26 04:24:28 [scrapy.extensions.logstats] INFO: Crawled 34771 pages (at 97 pages/min), scraped 682917 items (at 1916 items/min)
2019-11-26 04:25:28 [scrapy.extensions.logstats] INFO: Crawled 34866 pages (at 95 pages/min), scraped 684808 items (at 1891 items/min)
2019-11-26 04:26:28 [scrapy.extensions.logstats] INFO: Crawled 34964 pages (at 98 pages/min), scraped 686752 items (at 1944 items/min)
2019-11-26 04:27:28 [scrapy.extensions.logstats] INFO: Crawled 35060 pages (at 96 pages/min), scraped 688663 items (at 1911 items/min)
2019-11-26 04:28:28 [scrapy.extensions.logstats] INFO: Crawled 35155 pages (at 95 pages/min), scraped 690556 items (at 1893 items/min)
2019-11-26 04:29:28 [scrapy.extensions.logstats] INFO: Crawled 35254 pages (at 99 pages/min), scraped 692496 items (at 1940 items/min)
2019-11-26 04:30:28 [scrapy.extensions.logstats] INFO: Crawled 35352 pages (at 98 pages/min), scraped 694474 items (at 1978 items/min)
2019-11-26 04:31:28 [scrapy.extensions.logstats] INFO: Crawled 35450 pages (at 98 pages/min), scraped 696399 items (at 1925 items/min)
2019-11-26 04:32:28 [scrapy.extensions.logstats] INFO: Crawled 35548 pages (at 98 pages/min), scraped 698368 items (at 1969 items/min)
2019-11-26 04:33:28 [scrapy.extensions.logstats] INFO: Crawled 35646 pages (at 98 pages/min), scraped 700319 items (at 1951 items/min)
2019-11-26 04:34:28 [scrapy.extensions.logstats] INFO: Crawled 35740 pages (at 94 pages/min), scraped 702174 items (at 1855 items/min)
2019-11-26 04:35:28 [scrapy.extensions.logstats] INFO: Crawled 35833 pages (at 93 pages/min), scraped 704037 items (at 1863 items/min)
2019-11-26 04:36:28 [scrapy.extensions.logstats] INFO: Crawled 35927 pages (at 94 pages/min), scraped 705909 items (at 1872 items/min)
2019-11-26 04:37:28 [scrapy.extensions.logstats] INFO: Crawled 36020 pages (at 93 pages/min), scraped 707742 items (at 1833 items/min)
2019-11-26 04:38:28 [scrapy.extensions.logstats] INFO: Crawled 36115 pages (at 95 pages/min), scraped 709654 items (at 1912 items/min)
2019-11-26 04:39:28 [scrapy.extensions.logstats] INFO: Crawled 36214 pages (at 99 pages/min), scraped 711608 items (at 1954 items/min)
2019-11-26 04:40:28 [scrapy.extensions.logstats] INFO: Crawled 36314 pages (at 100 pages/min), scraped 713621 items (at 2013 items/min)
2019-11-26 04:41:28 [scrapy.extensions.logstats] INFO: Crawled 36413 pages (at 99 pages/min), scraped 715576 items (at 1955 items/min)
2019-11-26 04:42:28 [scrapy.extensions.logstats] INFO: Crawled 36512 pages (at 99 pages/min), scraped 717542 items (at 1966 items/min)
2019-11-26 04:43:28 [scrapy.extensions.logstats] INFO: Crawled 36612 pages (at 100 pages/min), scraped 719556 items (at 2014 items/min)
2019-11-26 04:44:28 [scrapy.extensions.logstats] INFO: Crawled 36711 pages (at 99 pages/min), scraped 721510 items (at 1954 items/min)
2019-11-26 04:45:28 [scrapy.extensions.logstats] INFO: Crawled 36812 pages (at 101 pages/min), scraped 723538 items (at 2028 items/min)
2019-11-26 04:46:28 [scrapy.extensions.logstats] INFO: Crawled 36912 pages (at 100 pages/min), scraped 725515 items (at 1977 items/min)
2019-11-26 04:47:28 [scrapy.extensions.logstats] INFO: Crawled 37010 pages (at 98 pages/min), scraped 727449 items (at 1934 items/min)
2019-11-26 04:48:28 [scrapy.extensions.logstats] INFO: Crawled 37109 pages (at 99 pages/min), scraped 729439 items (at 1990 items/min)
2019-11-26 04:49:28 [scrapy.extensions.logstats] INFO: Crawled 37209 pages (at 100 pages/min), scraped 731426 items (at 1987 items/min)
2019-11-26 04:50:28 [scrapy.extensions.logstats] INFO: Crawled 37309 pages (at 100 pages/min), scraped 733421 items (at 1995 items/min)
2019-11-26 04:51:28 [scrapy.extensions.logstats] INFO: Crawled 37409 pages (at 100 pages/min), scraped 735400 items (at 1979 items/min)
2019-11-26 04:52:28 [scrapy.extensions.logstats] INFO: Crawled 37508 pages (at 99 pages/min), scraped 737350 items (at 1950 items/min)
2019-11-26 04:53:28 [scrapy.extensions.logstats] INFO: Crawled 37607 pages (at 99 pages/min), scraped 739331 items (at 1981 items/min)
2019-11-26 04:54:28 [scrapy.extensions.logstats] INFO: Crawled 37704 pages (at 97 pages/min), scraped 741240 items (at 1909 items/min)
2019-11-26 04:55:28 [scrapy.extensions.logstats] INFO: Crawled 37801 pages (at 97 pages/min), scraped 743183 items (at 1943 items/min)
2019-11-26 04:56:28 [scrapy.extensions.logstats] INFO: Crawled 37896 pages (at 95 pages/min), scraped 745076 items (at 1893 items/min)
2019-11-26 04:57:28 [scrapy.extensions.logstats] INFO: Crawled 37984 pages (at 88 pages/min), scraped 746811 items (at 1735 items/min)
2019-11-26 04:58:28 [scrapy.extensions.logstats] INFO: Crawled 38074 pages (at 90 pages/min), scraped 748610 items (at 1799 items/min)
2019-11-26 04:59:28 [scrapy.extensions.logstats] INFO: Crawled 38164 pages (at 90 pages/min), scraped 750408 items (at 1798 items/min)
2019-11-26 05:00:28 [scrapy.extensions.logstats] INFO: Crawled 38253 pages (at 89 pages/min), scraped 752164 items (at 1756 items/min)
2019-11-26 05:01:28 [scrapy.extensions.logstats] INFO: Crawled 38344 pages (at 91 pages/min), scraped 753992 items (at 1828 items/min)
2019-11-26 05:02:28 [scrapy.extensions.logstats] INFO: Crawled 38434 pages (at 90 pages/min), scraped 755766 items (at 1774 items/min)
2019-11-26 05:03:28 [scrapy.extensions.logstats] INFO: Crawled 38523 pages (at 89 pages/min), scraped 757561 items (at 1795 items/min)
2019-11-26 05:04:28 [scrapy.extensions.logstats] INFO: Crawled 38613 pages (at 90 pages/min), scraped 759353 items (at 1792 items/min)
2019-11-26 05:05:28 [scrapy.extensions.logstats] INFO: Crawled 38704 pages (at 91 pages/min), scraped 761163 items (at 1810 items/min)
2019-11-26 05:06:28 [scrapy.extensions.logstats] INFO: Crawled 38800 pages (at 96 pages/min), scraped 763080 items (at 1917 items/min)
2019-11-26 05:07:28 [scrapy.extensions.logstats] INFO: Crawled 38890 pages (at 90 pages/min), scraped 764877 items (at 1797 items/min)
2019-11-26 05:08:28 [scrapy.extensions.logstats] INFO: Crawled 38981 pages (at 91 pages/min), scraped 766691 items (at 1814 items/min)
2019-11-26 05:09:28 [scrapy.extensions.logstats] INFO: Crawled 39073 pages (at 92 pages/min), scraped 768526 items (at 1835 items/min)
2019-11-26 05:10:28 [scrapy.extensions.logstats] INFO: Crawled 39165 pages (at 92 pages/min), scraped 770358 items (at 1832 items/min)
2019-11-26 05:11:28 [scrapy.extensions.logstats] INFO: Crawled 39258 pages (at 93 pages/min), scraped 772214 items (at 1856 items/min)
2019-11-26 05:12:28 [scrapy.extensions.logstats] INFO: Crawled 39354 pages (at 96 pages/min), scraped 774111 items (at 1897 items/min)
2019-11-26 05:13:28 [scrapy.extensions.logstats] INFO: Crawled 39449 pages (at 95 pages/min), scraped 776009 items (at 1898 items/min)
2019-11-26 05:14:28 [scrapy.extensions.logstats] INFO: Crawled 39540 pages (at 91 pages/min), scraped 777841 items (at 1832 items/min)
2019-11-26 05:15:28 [scrapy.extensions.logstats] INFO: Crawled 39631 pages (at 91 pages/min), scraped 779658 items (at 1817 items/min)
2019-11-26 05:16:28 [scrapy.extensions.logstats] INFO: Crawled 39723 pages (at 92 pages/min), scraped 781498 items (at 1840 items/min)
2019-11-26 05:17:28 [scrapy.extensions.logstats] INFO: Crawled 39813 pages (at 90 pages/min), scraped 783292 items (at 1794 items/min)
2019-11-26 05:18:28 [scrapy.extensions.logstats] INFO: Crawled 39909 pages (at 96 pages/min), scraped 785208 items (at 1916 items/min)
2019-11-26 05:19:28 [scrapy.extensions.logstats] INFO: Crawled 40001 pages (at 92 pages/min), scraped 787046 items (at 1838 items/min)
2019-11-26 05:20:28 [scrapy.extensions.logstats] INFO: Crawled 40100 pages (at 99 pages/min), scraped 789004 items (at 1958 items/min)
2019-11-26 05:21:28 [scrapy.extensions.logstats] INFO: Crawled 40197 pages (at 97 pages/min), scraped 790961 items (at 1957 items/min)
2019-11-26 05:22:28 [scrapy.extensions.logstats] INFO: Crawled 40298 pages (at 101 pages/min), scraped 792960 items (at 1999 items/min)
2019-11-26 05:23:28 [scrapy.extensions.logstats] INFO: Crawled 40397 pages (at 99 pages/min), scraped 794959 items (at 1999 items/min)
2019-11-26 05:24:28 [scrapy.extensions.logstats] INFO: Crawled 40496 pages (at 99 pages/min), scraped 796937 items (at 1978 items/min)
2019-11-26 05:25:28 [scrapy.extensions.logstats] INFO: Crawled 40598 pages (at 102 pages/min), scraped 798968 items (at 2031 items/min)
2019-11-26 05:26:28 [scrapy.extensions.logstats] INFO: Crawled 40698 pages (at 100 pages/min), scraped 800964 items (at 1996 items/min)
2019-11-26 05:27:28 [scrapy.extensions.logstats] INFO: Crawled 40796 pages (at 98 pages/min), scraped 802912 items (at 1948 items/min)
2019-11-26 05:28:28 [scrapy.extensions.logstats] INFO: Crawled 40892 pages (at 96 pages/min), scraped 804838 items (at 1926 items/min)
2019-11-26 05:29:28 [scrapy.extensions.logstats] INFO: Crawled 40991 pages (at 99 pages/min), scraped 806798 items (at 1960 items/min)
2019-11-26 05:30:28 [scrapy.extensions.logstats] INFO: Crawled 41089 pages (at 98 pages/min), scraped 808761 items (at 1963 items/min)
2019-11-26 05:31:28 [scrapy.extensions.logstats] INFO: Crawled 41187 pages (at 98 pages/min), scraped 810718 items (at 1957 items/min)
2019-11-26 05:32:28 [scrapy.extensions.logstats] INFO: Crawled 41280 pages (at 93 pages/min), scraped 812578 items (at 1860 items/min)
2019-11-26 05:33:28 [scrapy.extensions.logstats] INFO: Crawled 41373 pages (at 93 pages/min), scraped 814436 items (at 1858 items/min)
2019-11-26 05:34:28 [scrapy.extensions.logstats] INFO: Crawled 41463 pages (at 90 pages/min), scraped 816230 items (at 1794 items/min)
2019-11-26 05:35:28 [scrapy.extensions.logstats] INFO: Crawled 41555 pages (at 92 pages/min), scraped 818045 items (at 1815 items/min)
2019-11-26 05:36:28 [scrapy.extensions.logstats] INFO: Crawled 41643 pages (at 88 pages/min), scraped 819823 items (at 1778 items/min)
2019-11-26 05:37:28 [scrapy.extensions.logstats] INFO: Crawled 41732 pages (at 89 pages/min), scraped 821602 items (at 1779 items/min)
2019-11-26 05:38:28 [scrapy.extensions.logstats] INFO: Crawled 41824 pages (at 92 pages/min), scraped 823431 items (at 1829 items/min)
2019-11-26 05:39:28 [scrapy.extensions.logstats] INFO: Crawled 41917 pages (at 93 pages/min), scraped 825275 items (at 1844 items/min)
2019-11-26 05:40:28 [scrapy.extensions.logstats] INFO: Crawled 42009 pages (at 92 pages/min), scraped 827114 items (at 1839 items/min)
2019-11-26 05:41:28 [scrapy.extensions.logstats] INFO: Crawled 42101 pages (at 92 pages/min), scraped 828973 items (at 1859 items/min)
2019-11-26 05:42:28 [scrapy.extensions.logstats] INFO: Crawled 42198 pages (at 97 pages/min), scraped 830900 items (at 1927 items/min)
2019-11-26 05:43:28 [scrapy.extensions.logstats] INFO: Crawled 42293 pages (at 95 pages/min), scraped 832803 items (at 1903 items/min)
2019-11-26 05:44:28 [scrapy.extensions.logstats] INFO: Crawled 42385 pages (at 92 pages/min), scraped 834618 items (at 1815 items/min)
2019-11-26 05:45:16 [scrapy.core.engine] INFO: Closing spider (finished)
2019-11-26 05:45:16 [scrapy.statscollectors] INFO: Dumping Scrapy stats:
{'downloader/request_bytes': 41695928,
 'downloader/request_count': 42461,
 'downloader/request_method_count/GET': 42461,
 'downloader/response_bytes': 690597282,
 'downloader/response_count': 42461,
 'downloader/response_status_count/200': 42460,
 'downloader/response_status_count/500': 1,
 'dupefilter/filtered': 1,
 'elapsed_time_seconds': 28907.931168,
 'finish_reason': 'finished',
 'finish_time': datetime.datetime(2019, 11, 25, 21, 45, 16, 460719),
 'item_scraped_count': 836116,
 'log_count/INFO': 491,
 'memusage/max': 77824000,
 'memusage/startup': 56463360,
 'request_depth_max': 42460,
 'response_received_count': 42460,
 'retry/count': 1,
 'retry/reason_count/500 Internal Server Error': 1,
 'scheduler/dequeued': 42461,
 'scheduler/dequeued/memory': 42461,
 'scheduler/enqueued': 42461,
 'scheduler/enqueued/memory': 42461,
 'start_time': datetime.datetime(2019, 11, 25, 13, 43, 28, 529551)}
2019-11-26 05:45:16 [scrapy.core.engine] INFO: Spider closed (finished)
