nohup: ignoring input
2019-11-25 16:08:27 [scrapy.utils.log] INFO: Scrapy 1.8.0 started (bot: TweetScraper)
2019-11-25 16:08:27 [scrapy.utils.log] INFO: Versions: lxml 4.4.1.0, libxml2 2.9.9, cssselect 1.1.0, parsel 1.5.2, w3lib 1.21.0, Twisted 19.10.0, Python 3.6.8 (default, Oct  7 2019, 12:59:55) - [GCC 8.3.0], pyOpenSSL 19.1.0 (OpenSSL 1.1.1d  10 Sep 2019), cryptography 2.8, Platform Linux-4.15.0-70-generic-x86_64-with-Ubuntu-18.04-bionic
2019-11-25 16:08:27 [scrapy.crawler] INFO: Overridden settings: {'BOT_NAME': 'TweetScraper', 'LOG_LEVEL': 'INFO', 'NEWSPIDER_MODULE': 'TweetScraper.spiders', 'SPIDER_MODULES': ['TweetScraper.spiders'], 'USER_AGENT': 'TweetScraper'}
2019-11-25 16:08:27 [scrapy.extensions.telnet] INFO: Telnet Password: 714c503e9cefecaf
2019-11-25 16:08:27 [scrapy.middleware] INFO: Enabled extensions:
['scrapy.extensions.corestats.CoreStats',
 'scrapy.extensions.telnet.TelnetConsole',
 'scrapy.extensions.memusage.MemoryUsage',
 'scrapy.extensions.logstats.LogStats']
2019-11-25 16:08:27 [scrapy.middleware] INFO: Enabled downloader middlewares:
['scrapy.downloadermiddlewares.httpauth.HttpAuthMiddleware',
 'scrapy.downloadermiddlewares.downloadtimeout.DownloadTimeoutMiddleware',
 'scrapy.downloadermiddlewares.defaultheaders.DefaultHeadersMiddleware',
 'scrapy.downloadermiddlewares.useragent.UserAgentMiddleware',
 'scrapy.downloadermiddlewares.retry.RetryMiddleware',
 'scrapy.downloadermiddlewares.redirect.MetaRefreshMiddleware',
 'scrapy.downloadermiddlewares.httpcompression.HttpCompressionMiddleware',
 'scrapy.downloadermiddlewares.redirect.RedirectMiddleware',
 'scrapy.downloadermiddlewares.cookies.CookiesMiddleware',
 'scrapy.downloadermiddlewares.httpproxy.HttpProxyMiddleware',
 'scrapy.downloadermiddlewares.stats.DownloaderStats']
2019-11-25 16:08:27 [scrapy.middleware] INFO: Enabled spider middlewares:
['scrapy.spidermiddlewares.httperror.HttpErrorMiddleware',
 'scrapy.spidermiddlewares.offsite.OffsiteMiddleware',
 'scrapy.spidermiddlewares.referer.RefererMiddleware',
 'scrapy.spidermiddlewares.urllength.UrlLengthMiddleware',
 'scrapy.spidermiddlewares.depth.DepthMiddleware']
2019-11-25 16:08:27 [scrapy.middleware] INFO: Enabled item pipelines:
['TweetScraper.pipelines.SaveToFilePipeline']
2019-11-25 16:08:27 [scrapy.core.engine] INFO: Spider opened
2019-11-25 16:08:27 [scrapy.extensions.logstats] INFO: Crawled 0 pages (at 0 pages/min), scraped 0 items (at 0 items/min)
2019-11-25 16:08:27 [scrapy.extensions.telnet] INFO: Telnet console listening on 127.0.0.1:6024
2019-11-25 16:09:27 [scrapy.extensions.logstats] INFO: Crawled 106 pages (at 106 pages/min), scraped 939 items (at 939 items/min)
2019-11-25 16:10:27 [scrapy.extensions.logstats] INFO: Crawled 212 pages (at 106 pages/min), scraped 1853 items (at 914 items/min)
2019-11-25 16:11:27 [scrapy.extensions.logstats] INFO: Crawled 317 pages (at 105 pages/min), scraped 2775 items (at 922 items/min)
2019-11-25 16:12:27 [scrapy.extensions.logstats] INFO: Crawled 417 pages (at 100 pages/min), scraped 3832 items (at 1057 items/min)
2019-11-25 16:13:27 [scrapy.extensions.logstats] INFO: Crawled 513 pages (at 96 pages/min), scraped 5130 items (at 1298 items/min)
2019-11-25 16:14:27 [scrapy.extensions.logstats] INFO: Crawled 607 pages (at 94 pages/min), scraped 6424 items (at 1294 items/min)
2019-11-25 16:15:27 [scrapy.extensions.logstats] INFO: Crawled 702 pages (at 95 pages/min), scraped 7699 items (at 1275 items/min)
2019-11-25 16:16:27 [scrapy.extensions.logstats] INFO: Crawled 796 pages (at 94 pages/min), scraped 8959 items (at 1260 items/min)
2019-11-25 16:17:27 [scrapy.extensions.logstats] INFO: Crawled 889 pages (at 93 pages/min), scraped 10247 items (at 1288 items/min)
2019-11-25 16:18:27 [scrapy.extensions.logstats] INFO: Crawled 981 pages (at 92 pages/min), scraped 11573 items (at 1326 items/min)
2019-11-25 16:19:27 [scrapy.extensions.logstats] INFO: Crawled 1077 pages (at 96 pages/min), scraped 12823 items (at 1250 items/min)
2019-11-25 16:20:27 [scrapy.extensions.logstats] INFO: Crawled 1171 pages (at 94 pages/min), scraped 14081 items (at 1258 items/min)
2019-11-25 16:21:27 [scrapy.extensions.logstats] INFO: Crawled 1265 pages (at 94 pages/min), scraped 15291 items (at 1210 items/min)
2019-11-25 16:22:27 [scrapy.extensions.logstats] INFO: Crawled 1358 pages (at 93 pages/min), scraped 16577 items (at 1286 items/min)
2019-11-25 16:23:27 [scrapy.extensions.logstats] INFO: Crawled 1452 pages (at 94 pages/min), scraped 17848 items (at 1271 items/min)
2019-11-25 16:24:27 [scrapy.extensions.logstats] INFO: Crawled 1546 pages (at 94 pages/min), scraped 19124 items (at 1276 items/min)
2019-11-25 16:25:27 [scrapy.extensions.logstats] INFO: Crawled 1636 pages (at 90 pages/min), scraped 20448 items (at 1324 items/min)
2019-11-25 16:26:27 [scrapy.extensions.logstats] INFO: Crawled 1729 pages (at 93 pages/min), scraped 21656 items (at 1208 items/min)
2019-11-25 16:27:27 [scrapy.extensions.logstats] INFO: Crawled 1825 pages (at 96 pages/min), scraped 22873 items (at 1217 items/min)
2019-11-25 16:28:27 [scrapy.extensions.logstats] INFO: Crawled 1922 pages (at 97 pages/min), scraped 24020 items (at 1147 items/min)
2019-11-25 16:29:27 [scrapy.extensions.logstats] INFO: Crawled 2018 pages (at 96 pages/min), scraped 25215 items (at 1195 items/min)
2019-11-25 16:30:27 [scrapy.extensions.logstats] INFO: Crawled 2113 pages (at 95 pages/min), scraped 26375 items (at 1160 items/min)
2019-11-25 16:31:27 [scrapy.extensions.logstats] INFO: Crawled 2206 pages (at 93 pages/min), scraped 27586 items (at 1211 items/min)
2019-11-25 16:32:27 [scrapy.extensions.logstats] INFO: Crawled 2296 pages (at 90 pages/min), scraped 28888 items (at 1302 items/min)
2019-11-25 16:33:27 [scrapy.extensions.logstats] INFO: Crawled 2385 pages (at 89 pages/min), scraped 30180 items (at 1292 items/min)
2019-11-25 16:34:27 [scrapy.extensions.logstats] INFO: Crawled 2473 pages (at 88 pages/min), scraped 31637 items (at 1457 items/min)
2019-11-25 16:35:27 [scrapy.extensions.logstats] INFO: Crawled 2564 pages (at 91 pages/min), scraped 32946 items (at 1309 items/min)
2019-11-25 16:36:27 [scrapy.extensions.logstats] INFO: Crawled 2657 pages (at 93 pages/min), scraped 34203 items (at 1257 items/min)
2019-11-25 16:37:27 [scrapy.extensions.logstats] INFO: Crawled 2751 pages (at 94 pages/min), scraped 35452 items (at 1249 items/min)
2019-11-25 16:38:27 [scrapy.extensions.logstats] INFO: Crawled 2845 pages (at 94 pages/min), scraped 36684 items (at 1232 items/min)
2019-11-25 16:39:27 [scrapy.extensions.logstats] INFO: Crawled 2936 pages (at 91 pages/min), scraped 38076 items (at 1392 items/min)
2019-11-25 16:40:27 [scrapy.extensions.logstats] INFO: Crawled 3022 pages (at 86 pages/min), scraped 39783 items (at 1707 items/min)
2019-11-25 16:41:27 [scrapy.extensions.logstats] INFO: Crawled 3105 pages (at 83 pages/min), scraped 41424 items (at 1641 items/min)
2019-11-25 16:42:27 [scrapy.extensions.logstats] INFO: Crawled 3190 pages (at 85 pages/min), scraped 43090 items (at 1666 items/min)
2019-11-25 16:43:27 [scrapy.extensions.logstats] INFO: Crawled 3275 pages (at 85 pages/min), scraped 44793 items (at 1703 items/min)
2019-11-25 16:44:27 [scrapy.extensions.logstats] INFO: Crawled 3362 pages (at 87 pages/min), scraped 46523 items (at 1730 items/min)
2019-11-25 16:45:27 [scrapy.extensions.logstats] INFO: Crawled 3447 pages (at 85 pages/min), scraped 48205 items (at 1682 items/min)
2019-11-25 16:46:27 [scrapy.extensions.logstats] INFO: Crawled 3533 pages (at 86 pages/min), scraped 49901 items (at 1696 items/min)
2019-11-25 16:47:27 [scrapy.extensions.logstats] INFO: Crawled 3616 pages (at 83 pages/min), scraped 51551 items (at 1650 items/min)
2019-11-25 16:48:27 [scrapy.extensions.logstats] INFO: Crawled 3701 pages (at 85 pages/min), scraped 53267 items (at 1716 items/min)
2019-11-25 16:49:27 [scrapy.extensions.logstats] INFO: Crawled 3787 pages (at 86 pages/min), scraped 54952 items (at 1685 items/min)
2019-11-25 16:50:27 [scrapy.extensions.logstats] INFO: Crawled 3874 pages (at 87 pages/min), scraped 56636 items (at 1684 items/min)
2019-11-25 16:51:27 [scrapy.extensions.logstats] INFO: Crawled 3959 pages (at 85 pages/min), scraped 58327 items (at 1691 items/min)
2019-11-25 16:52:27 [scrapy.extensions.logstats] INFO: Crawled 4046 pages (at 87 pages/min), scraped 60038 items (at 1711 items/min)
2019-11-25 16:53:27 [scrapy.extensions.logstats] INFO: Crawled 4134 pages (at 88 pages/min), scraped 61773 items (at 1735 items/min)
2019-11-25 16:54:27 [scrapy.extensions.logstats] INFO: Crawled 4222 pages (at 88 pages/min), scraped 63426 items (at 1653 items/min)
2019-11-25 16:55:27 [scrapy.extensions.logstats] INFO: Crawled 4309 pages (at 87 pages/min), scraped 65144 items (at 1718 items/min)
2019-11-25 16:56:27 [scrapy.extensions.logstats] INFO: Crawled 4395 pages (at 86 pages/min), scraped 66816 items (at 1672 items/min)
2019-11-25 16:57:27 [scrapy.extensions.logstats] INFO: Crawled 4480 pages (at 85 pages/min), scraped 68501 items (at 1685 items/min)
2019-11-25 16:58:27 [scrapy.extensions.logstats] INFO: Crawled 4566 pages (at 86 pages/min), scraped 70195 items (at 1694 items/min)
2019-11-25 16:59:27 [scrapy.extensions.logstats] INFO: Crawled 4653 pages (at 87 pages/min), scraped 71871 items (at 1676 items/min)
2019-11-25 17:00:27 [scrapy.extensions.logstats] INFO: Crawled 4740 pages (at 87 pages/min), scraped 73585 items (at 1714 items/min)
2019-11-25 17:01:27 [scrapy.extensions.logstats] INFO: Crawled 4826 pages (at 86 pages/min), scraped 75264 items (at 1679 items/min)
2019-11-25 17:02:27 [scrapy.extensions.logstats] INFO: Crawled 4914 pages (at 88 pages/min), scraped 76977 items (at 1713 items/min)
2019-11-25 17:03:27 [scrapy.extensions.logstats] INFO: Crawled 5000 pages (at 86 pages/min), scraped 78678 items (at 1701 items/min)
2019-11-25 17:04:27 [scrapy.extensions.logstats] INFO: Crawled 5085 pages (at 85 pages/min), scraped 80398 items (at 1720 items/min)
2019-11-25 17:05:27 [scrapy.extensions.logstats] INFO: Crawled 5170 pages (at 85 pages/min), scraped 82082 items (at 1684 items/min)
2019-11-25 17:06:27 [scrapy.extensions.logstats] INFO: Crawled 5256 pages (at 86 pages/min), scraped 83782 items (at 1700 items/min)
2019-11-25 17:07:27 [scrapy.extensions.logstats] INFO: Crawled 5343 pages (at 87 pages/min), scraped 85469 items (at 1687 items/min)
2019-11-25 17:08:27 [scrapy.extensions.logstats] INFO: Crawled 5429 pages (at 86 pages/min), scraped 87176 items (at 1707 items/min)
2019-11-25 17:09:27 [scrapy.extensions.logstats] INFO: Crawled 5515 pages (at 86 pages/min), scraped 88794 items (at 1618 items/min)
2019-11-25 17:10:27 [scrapy.extensions.logstats] INFO: Crawled 5604 pages (at 89 pages/min), scraped 90377 items (at 1583 items/min)
2019-11-25 17:11:27 [scrapy.extensions.logstats] INFO: Crawled 5692 pages (at 88 pages/min), scraped 92054 items (at 1677 items/min)
2019-11-25 17:12:27 [scrapy.extensions.logstats] INFO: Crawled 5778 pages (at 86 pages/min), scraped 93703 items (at 1649 items/min)
2019-11-25 17:13:27 [scrapy.extensions.logstats] INFO: Crawled 5865 pages (at 87 pages/min), scraped 95404 items (at 1701 items/min)
2019-11-25 17:14:27 [scrapy.extensions.logstats] INFO: Crawled 5952 pages (at 87 pages/min), scraped 97048 items (at 1644 items/min)
2019-11-25 17:15:27 [scrapy.extensions.logstats] INFO: Crawled 6037 pages (at 85 pages/min), scraped 98735 items (at 1687 items/min)
2019-11-25 17:16:27 [scrapy.extensions.logstats] INFO: Crawled 6122 pages (at 85 pages/min), scraped 100435 items (at 1700 items/min)
2019-11-25 17:17:27 [scrapy.extensions.logstats] INFO: Crawled 6209 pages (at 87 pages/min), scraped 102169 items (at 1734 items/min)
2019-11-25 17:18:27 [scrapy.extensions.logstats] INFO: Crawled 6297 pages (at 88 pages/min), scraped 103919 items (at 1750 items/min)
2019-11-25 17:19:27 [scrapy.extensions.logstats] INFO: Crawled 6384 pages (at 87 pages/min), scraped 105642 items (at 1723 items/min)
2019-11-25 17:20:27 [scrapy.extensions.logstats] INFO: Crawled 6470 pages (at 86 pages/min), scraped 107359 items (at 1717 items/min)
2019-11-25 17:21:27 [scrapy.extensions.logstats] INFO: Crawled 6557 pages (at 87 pages/min), scraped 109097 items (at 1738 items/min)
2019-11-25 17:22:27 [scrapy.extensions.logstats] INFO: Crawled 6643 pages (at 86 pages/min), scraped 110834 items (at 1737 items/min)
2019-11-25 17:23:27 [scrapy.extensions.logstats] INFO: Crawled 6730 pages (at 87 pages/min), scraped 112544 items (at 1710 items/min)
2019-11-25 17:24:27 [scrapy.extensions.logstats] INFO: Crawled 6816 pages (at 86 pages/min), scraped 114269 items (at 1725 items/min)
2019-11-25 17:25:27 [scrapy.extensions.logstats] INFO: Crawled 6904 pages (at 88 pages/min), scraped 115994 items (at 1725 items/min)
2019-11-25 17:26:27 [scrapy.extensions.logstats] INFO: Crawled 6992 pages (at 88 pages/min), scraped 117770 items (at 1776 items/min)
2019-11-25 17:27:27 [scrapy.extensions.logstats] INFO: Crawled 7080 pages (at 88 pages/min), scraped 119514 items (at 1744 items/min)
2019-11-25 17:28:27 [scrapy.extensions.logstats] INFO: Crawled 7167 pages (at 87 pages/min), scraped 121274 items (at 1760 items/min)
2019-11-25 17:29:27 [scrapy.extensions.logstats] INFO: Crawled 7255 pages (at 88 pages/min), scraped 123007 items (at 1733 items/min)
2019-11-25 17:30:27 [scrapy.extensions.logstats] INFO: Crawled 7342 pages (at 87 pages/min), scraped 124760 items (at 1753 items/min)
2019-11-25 17:31:27 [scrapy.extensions.logstats] INFO: Crawled 7432 pages (at 90 pages/min), scraped 126560 items (at 1800 items/min)
2019-11-25 17:32:27 [scrapy.extensions.logstats] INFO: Crawled 7521 pages (at 89 pages/min), scraped 128332 items (at 1772 items/min)
2019-11-25 17:33:27 [scrapy.extensions.logstats] INFO: Crawled 7610 pages (at 89 pages/min), scraped 130112 items (at 1780 items/min)
2019-11-25 17:34:27 [scrapy.extensions.logstats] INFO: Crawled 7699 pages (at 89 pages/min), scraped 131890 items (at 1778 items/min)
2019-11-25 17:35:27 [scrapy.extensions.logstats] INFO: Crawled 7788 pages (at 89 pages/min), scraped 133670 items (at 1780 items/min)
2019-11-25 17:36:27 [scrapy.extensions.logstats] INFO: Crawled 7880 pages (at 92 pages/min), scraped 135426 items (at 1756 items/min)
2019-11-25 17:37:27 [scrapy.extensions.logstats] INFO: Crawled 7971 pages (at 91 pages/min), scraped 137220 items (at 1794 items/min)
2019-11-25 17:38:27 [scrapy.extensions.logstats] INFO: Crawled 8062 pages (at 91 pages/min), scraped 139036 items (at 1816 items/min)
2019-11-25 17:39:27 [scrapy.extensions.logstats] INFO: Crawled 8155 pages (at 93 pages/min), scraped 140868 items (at 1832 items/min)
2019-11-25 17:40:27 [scrapy.extensions.logstats] INFO: Crawled 8247 pages (at 92 pages/min), scraped 142683 items (at 1815 items/min)
2019-11-25 17:41:27 [scrapy.extensions.logstats] INFO: Crawled 8338 pages (at 91 pages/min), scraped 144482 items (at 1799 items/min)
2019-11-25 17:42:27 [scrapy.extensions.logstats] INFO: Crawled 8429 pages (at 91 pages/min), scraped 146259 items (at 1777 items/min)
2019-11-25 17:43:27 [scrapy.extensions.logstats] INFO: Crawled 8520 pages (at 91 pages/min), scraped 148042 items (at 1783 items/min)
2019-11-25 17:44:27 [scrapy.extensions.logstats] INFO: Crawled 8610 pages (at 90 pages/min), scraped 149841 items (at 1799 items/min)
2019-11-25 17:45:27 [scrapy.extensions.logstats] INFO: Crawled 8701 pages (at 91 pages/min), scraped 151615 items (at 1774 items/min)
2019-11-25 17:46:27 [scrapy.extensions.logstats] INFO: Crawled 8794 pages (at 93 pages/min), scraped 153421 items (at 1806 items/min)
2019-11-25 17:47:27 [scrapy.extensions.logstats] INFO: Crawled 8885 pages (at 91 pages/min), scraped 155196 items (at 1775 items/min)
2019-11-25 17:48:27 [scrapy.extensions.logstats] INFO: Crawled 8978 pages (at 93 pages/min), scraped 157001 items (at 1805 items/min)
2019-11-25 17:49:27 [scrapy.extensions.logstats] INFO: Crawled 9070 pages (at 92 pages/min), scraped 158779 items (at 1778 items/min)
2019-11-25 17:50:27 [scrapy.extensions.logstats] INFO: Crawled 9162 pages (at 92 pages/min), scraped 160600 items (at 1821 items/min)
2019-11-25 17:51:27 [scrapy.extensions.logstats] INFO: Crawled 9256 pages (at 94 pages/min), scraped 162358 items (at 1758 items/min)
2019-11-25 17:52:27 [scrapy.extensions.logstats] INFO: Crawled 9347 pages (at 91 pages/min), scraped 164185 items (at 1827 items/min)
2019-11-25 17:53:27 [scrapy.extensions.logstats] INFO: Crawled 9438 pages (at 91 pages/min), scraped 165954 items (at 1769 items/min)
2019-11-25 17:54:27 [scrapy.extensions.logstats] INFO: Crawled 9530 pages (at 92 pages/min), scraped 167774 items (at 1820 items/min)
2019-11-25 17:55:27 [scrapy.extensions.logstats] INFO: Crawled 9622 pages (at 92 pages/min), scraped 169610 items (at 1836 items/min)
2019-11-25 17:56:27 [scrapy.extensions.logstats] INFO: Crawled 9711 pages (at 89 pages/min), scraped 171374 items (at 1764 items/min)
2019-11-25 17:57:27 [scrapy.extensions.logstats] INFO: Crawled 9802 pages (at 91 pages/min), scraped 173200 items (at 1826 items/min)
2019-11-25 17:58:27 [scrapy.extensions.logstats] INFO: Crawled 9893 pages (at 91 pages/min), scraped 174989 items (at 1789 items/min)
2019-11-25 17:59:27 [scrapy.extensions.logstats] INFO: Crawled 9986 pages (at 93 pages/min), scraped 176754 items (at 1765 items/min)
2019-11-25 18:00:27 [scrapy.extensions.logstats] INFO: Crawled 10078 pages (at 92 pages/min), scraped 178548 items (at 1794 items/min)
2019-11-25 18:01:27 [scrapy.extensions.logstats] INFO: Crawled 10170 pages (at 92 pages/min), scraped 180306 items (at 1758 items/min)
2019-11-25 18:02:27 [scrapy.extensions.logstats] INFO: Crawled 10262 pages (at 92 pages/min), scraped 182107 items (at 1801 items/min)
2019-11-25 18:03:27 [scrapy.extensions.logstats] INFO: Crawled 10355 pages (at 93 pages/min), scraped 183923 items (at 1816 items/min)
2019-11-25 18:04:27 [scrapy.extensions.logstats] INFO: Crawled 10446 pages (at 91 pages/min), scraped 185723 items (at 1800 items/min)
2019-11-25 18:05:27 [scrapy.extensions.logstats] INFO: Crawled 10538 pages (at 92 pages/min), scraped 187563 items (at 1840 items/min)
2019-11-25 18:06:27 [scrapy.extensions.logstats] INFO: Crawled 10631 pages (at 93 pages/min), scraped 189397 items (at 1834 items/min)
2019-11-25 18:07:27 [scrapy.extensions.logstats] INFO: Crawled 10724 pages (at 93 pages/min), scraped 191237 items (at 1840 items/min)
2019-11-25 18:08:27 [scrapy.extensions.logstats] INFO: Crawled 10814 pages (at 90 pages/min), scraped 193057 items (at 1820 items/min)
2019-11-25 18:09:27 [scrapy.extensions.logstats] INFO: Crawled 10905 pages (at 91 pages/min), scraped 194870 items (at 1813 items/min)
2019-11-25 18:10:27 [scrapy.extensions.logstats] INFO: Crawled 10997 pages (at 92 pages/min), scraped 196699 items (at 1829 items/min)
2019-11-25 18:11:27 [scrapy.extensions.logstats] INFO: Crawled 11089 pages (at 92 pages/min), scraped 198528 items (at 1829 items/min)
2019-11-25 18:12:27 [scrapy.extensions.logstats] INFO: Crawled 11180 pages (at 91 pages/min), scraped 200348 items (at 1820 items/min)
2019-11-25 18:13:27 [scrapy.extensions.logstats] INFO: Crawled 11271 pages (at 91 pages/min), scraped 202165 items (at 1817 items/min)
2019-11-25 18:14:27 [scrapy.extensions.logstats] INFO: Crawled 11362 pages (at 91 pages/min), scraped 204003 items (at 1838 items/min)
2019-11-25 18:15:27 [scrapy.extensions.logstats] INFO: Crawled 11456 pages (at 94 pages/min), scraped 205803 items (at 1800 items/min)
2019-11-25 18:16:27 [scrapy.extensions.logstats] INFO: Crawled 11548 pages (at 92 pages/min), scraped 207598 items (at 1795 items/min)
2019-11-25 18:17:27 [scrapy.extensions.logstats] INFO: Crawled 11640 pages (at 92 pages/min), scraped 209407 items (at 1809 items/min)
2019-11-25 18:18:27 [scrapy.extensions.logstats] INFO: Crawled 11733 pages (at 93 pages/min), scraped 211179 items (at 1772 items/min)
2019-11-25 18:19:27 [scrapy.extensions.logstats] INFO: Crawled 11825 pages (at 92 pages/min), scraped 212962 items (at 1783 items/min)
2019-11-25 18:20:27 [scrapy.extensions.logstats] INFO: Crawled 11920 pages (at 95 pages/min), scraped 214752 items (at 1790 items/min)
2019-11-25 18:21:27 [scrapy.extensions.logstats] INFO: Crawled 12012 pages (at 92 pages/min), scraped 216389 items (at 1637 items/min)
2019-11-25 18:22:27 [scrapy.extensions.logstats] INFO: Crawled 12105 pages (at 93 pages/min), scraped 218157 items (at 1768 items/min)
2019-11-25 18:23:27 [scrapy.extensions.logstats] INFO: Crawled 12197 pages (at 92 pages/min), scraped 219935 items (at 1778 items/min)
2019-11-25 18:24:27 [scrapy.extensions.logstats] INFO: Crawled 12291 pages (at 94 pages/min), scraped 221795 items (at 1860 items/min)
2019-11-25 18:25:27 [scrapy.extensions.logstats] INFO: Crawled 12385 pages (at 94 pages/min), scraped 223520 items (at 1725 items/min)
2019-11-25 18:26:27 [scrapy.extensions.logstats] INFO: Crawled 12477 pages (at 92 pages/min), scraped 225236 items (at 1716 items/min)
2019-11-25 18:27:27 [scrapy.extensions.logstats] INFO: Crawled 12570 pages (at 93 pages/min), scraped 226977 items (at 1741 items/min)
2019-11-25 18:28:27 [scrapy.extensions.logstats] INFO: Crawled 12661 pages (at 91 pages/min), scraped 228720 items (at 1743 items/min)
2019-11-25 18:29:27 [scrapy.extensions.logstats] INFO: Crawled 12754 pages (at 93 pages/min), scraped 230531 items (at 1811 items/min)
2019-11-25 18:30:27 [scrapy.extensions.logstats] INFO: Crawled 12845 pages (at 91 pages/min), scraped 232335 items (at 1804 items/min)
2019-11-25 18:31:27 [scrapy.extensions.logstats] INFO: Crawled 12939 pages (at 94 pages/min), scraped 234150 items (at 1815 items/min)
2019-11-25 18:32:27 [scrapy.extensions.logstats] INFO: Crawled 13033 pages (at 94 pages/min), scraped 235800 items (at 1650 items/min)
2019-11-25 18:33:27 [scrapy.extensions.logstats] INFO: Crawled 13126 pages (at 93 pages/min), scraped 237546 items (at 1746 items/min)
2019-11-25 18:34:27 [scrapy.extensions.logstats] INFO: Crawled 13218 pages (at 92 pages/min), scraped 239294 items (at 1748 items/min)
2019-11-25 18:35:27 [scrapy.extensions.logstats] INFO: Crawled 13310 pages (at 92 pages/min), scraped 241116 items (at 1822 items/min)
2019-11-25 18:36:27 [scrapy.extensions.logstats] INFO: Crawled 13401 pages (at 91 pages/min), scraped 242936 items (at 1820 items/min)
2019-11-25 18:37:27 [scrapy.extensions.logstats] INFO: Crawled 13493 pages (at 92 pages/min), scraped 244776 items (at 1840 items/min)
2019-11-25 18:38:27 [scrapy.extensions.logstats] INFO: Crawled 13585 pages (at 92 pages/min), scraped 246616 items (at 1840 items/min)
2019-11-25 18:39:27 [scrapy.extensions.logstats] INFO: Crawled 13677 pages (at 92 pages/min), scraped 248433 items (at 1817 items/min)
2019-11-25 18:40:27 [scrapy.extensions.logstats] INFO: Crawled 13770 pages (at 93 pages/min), scraped 250286 items (at 1853 items/min)
2019-11-25 18:41:27 [scrapy.extensions.logstats] INFO: Crawled 13861 pages (at 91 pages/min), scraped 252113 items (at 1827 items/min)
2019-11-25 18:42:27 [scrapy.extensions.logstats] INFO: Crawled 13952 pages (at 91 pages/min), scraped 253933 items (at 1820 items/min)
2019-11-25 18:43:27 [scrapy.extensions.logstats] INFO: Crawled 14045 pages (at 93 pages/min), scraped 255773 items (at 1840 items/min)
2019-11-25 18:44:27 [scrapy.extensions.logstats] INFO: Crawled 14138 pages (at 93 pages/min), scraped 257622 items (at 1849 items/min)
2019-11-25 18:45:27 [scrapy.extensions.logstats] INFO: Crawled 14230 pages (at 92 pages/min), scraped 259462 items (at 1840 items/min)
2019-11-25 18:46:27 [scrapy.extensions.logstats] INFO: Crawled 14324 pages (at 94 pages/min), scraped 261342 items (at 1880 items/min)
2019-11-25 18:47:27 [scrapy.extensions.logstats] INFO: Crawled 14416 pages (at 92 pages/min), scraped 263182 items (at 1840 items/min)
2019-11-25 18:48:27 [scrapy.extensions.logstats] INFO: Crawled 14508 pages (at 92 pages/min), scraped 265022 items (at 1840 items/min)
2019-11-25 18:49:27 [scrapy.extensions.logstats] INFO: Crawled 14600 pages (at 92 pages/min), scraped 266862 items (at 1840 items/min)
2019-11-25 18:50:27 [scrapy.extensions.logstats] INFO: Crawled 14693 pages (at 93 pages/min), scraped 268722 items (at 1860 items/min)
2019-11-25 18:51:27 [scrapy.extensions.logstats] INFO: Crawled 14784 pages (at 91 pages/min), scraped 270542 items (at 1820 items/min)
2019-11-25 18:52:27 [scrapy.extensions.logstats] INFO: Crawled 14877 pages (at 93 pages/min), scraped 272402 items (at 1860 items/min)
2019-11-25 18:53:27 [scrapy.extensions.logstats] INFO: Crawled 14968 pages (at 91 pages/min), scraped 274212 items (at 1810 items/min)
2019-11-25 18:54:27 [scrapy.extensions.logstats] INFO: Crawled 15059 pages (at 91 pages/min), scraped 276042 items (at 1830 items/min)
2019-11-25 18:55:27 [scrapy.extensions.logstats] INFO: Crawled 15149 pages (at 90 pages/min), scraped 277842 items (at 1800 items/min)
2019-11-25 18:56:27 [scrapy.extensions.logstats] INFO: Crawled 15241 pages (at 92 pages/min), scraped 279662 items (at 1820 items/min)
2019-11-25 18:57:27 [scrapy.extensions.logstats] INFO: Crawled 15334 pages (at 93 pages/min), scraped 281522 items (at 1860 items/min)
2019-11-25 18:58:27 [scrapy.extensions.logstats] INFO: Crawled 15427 pages (at 93 pages/min), scraped 283402 items (at 1880 items/min)
2019-11-25 18:59:27 [scrapy.extensions.logstats] INFO: Crawled 15520 pages (at 93 pages/min), scraped 285262 items (at 1860 items/min)
2019-11-25 19:00:27 [scrapy.extensions.logstats] INFO: Crawled 15613 pages (at 93 pages/min), scraped 287102 items (at 1840 items/min)
2019-11-25 19:01:27 [scrapy.extensions.logstats] INFO: Crawled 15705 pages (at 92 pages/min), scraped 288962 items (at 1860 items/min)
2019-11-25 19:02:27 [scrapy.extensions.logstats] INFO: Crawled 15798 pages (at 93 pages/min), scraped 290822 items (at 1860 items/min)
2019-11-25 19:03:27 [scrapy.extensions.logstats] INFO: Crawled 15889 pages (at 91 pages/min), scraped 292642 items (at 1820 items/min)
2019-11-25 19:04:27 [scrapy.extensions.logstats] INFO: Crawled 15982 pages (at 93 pages/min), scraped 294502 items (at 1860 items/min)
2019-11-25 19:05:27 [scrapy.extensions.logstats] INFO: Crawled 16075 pages (at 93 pages/min), scraped 296358 items (at 1856 items/min)
2019-11-25 19:06:27 [scrapy.extensions.logstats] INFO: Crawled 16169 pages (at 94 pages/min), scraped 298238 items (at 1880 items/min)
2019-11-25 19:07:27 [scrapy.extensions.logstats] INFO: Crawled 16262 pages (at 93 pages/min), scraped 300021 items (at 1783 items/min)
2019-11-25 19:08:27 [scrapy.extensions.logstats] INFO: Crawled 16355 pages (at 93 pages/min), scraped 301860 items (at 1839 items/min)
2019-11-25 19:09:27 [scrapy.extensions.logstats] INFO: Crawled 16448 pages (at 93 pages/min), scraped 303717 items (at 1857 items/min)
2019-11-25 19:10:27 [scrapy.extensions.logstats] INFO: Crawled 16541 pages (at 93 pages/min), scraped 305595 items (at 1878 items/min)
2019-11-25 19:11:27 [scrapy.extensions.logstats] INFO: Crawled 16634 pages (at 93 pages/min), scraped 307455 items (at 1860 items/min)
2019-11-25 19:12:27 [scrapy.extensions.logstats] INFO: Crawled 16728 pages (at 94 pages/min), scraped 309308 items (at 1853 items/min)
2019-11-25 19:13:27 [scrapy.extensions.logstats] INFO: Crawled 16820 pages (at 92 pages/min), scraped 311148 items (at 1840 items/min)
2019-11-25 19:14:27 [scrapy.extensions.logstats] INFO: Crawled 16913 pages (at 93 pages/min), scraped 313028 items (at 1880 items/min)
2019-11-25 19:15:27 [scrapy.extensions.logstats] INFO: Crawled 17006 pages (at 93 pages/min), scraped 314883 items (at 1855 items/min)
2019-11-25 19:16:27 [scrapy.extensions.logstats] INFO: Crawled 17100 pages (at 94 pages/min), scraped 316756 items (at 1873 items/min)
2019-11-25 19:17:27 [scrapy.extensions.logstats] INFO: Crawled 17193 pages (at 93 pages/min), scraped 318623 items (at 1867 items/min)
2019-11-25 19:18:27 [scrapy.extensions.logstats] INFO: Crawled 17285 pages (at 92 pages/min), scraped 320443 items (at 1820 items/min)
2019-11-25 19:19:27 [scrapy.extensions.logstats] INFO: Crawled 17378 pages (at 93 pages/min), scraped 322323 items (at 1880 items/min)
2019-11-25 19:20:27 [scrapy.extensions.logstats] INFO: Crawled 17472 pages (at 94 pages/min), scraped 324203 items (at 1880 items/min)
2019-11-25 19:21:27 [scrapy.extensions.logstats] INFO: Crawled 17567 pages (at 95 pages/min), scraped 326083 items (at 1880 items/min)
2019-11-25 19:22:27 [scrapy.extensions.logstats] INFO: Crawled 17661 pages (at 94 pages/min), scraped 327972 items (at 1889 items/min)
2019-11-25 19:23:27 [scrapy.extensions.logstats] INFO: Crawled 17755 pages (at 94 pages/min), scraped 329863 items (at 1891 items/min)
2019-11-25 19:24:27 [scrapy.extensions.logstats] INFO: Crawled 17847 pages (at 92 pages/min), scraped 331703 items (at 1840 items/min)
2019-11-25 19:25:27 [scrapy.extensions.logstats] INFO: Crawled 17939 pages (at 92 pages/min), scraped 333543 items (at 1840 items/min)
2019-11-25 19:26:27 [scrapy.extensions.logstats] INFO: Crawled 18033 pages (at 94 pages/min), scraped 335423 items (at 1880 items/min)
2019-11-25 19:27:27 [scrapy.extensions.logstats] INFO: Crawled 18129 pages (at 96 pages/min), scraped 337324 items (at 1901 items/min)
2019-11-25 19:28:27 [scrapy.extensions.logstats] INFO: Crawled 18224 pages (at 95 pages/min), scraped 339223 items (at 1899 items/min)
2019-11-25 19:29:27 [scrapy.extensions.logstats] INFO: Crawled 18320 pages (at 96 pages/min), scraped 341163 items (at 1940 items/min)
2019-11-25 19:30:27 [scrapy.extensions.logstats] INFO: Crawled 18415 pages (at 95 pages/min), scraped 343063 items (at 1900 items/min)
2019-11-25 19:31:27 [scrapy.extensions.logstats] INFO: Crawled 18509 pages (at 94 pages/min), scraped 344943 items (at 1880 items/min)
2019-11-25 19:32:27 [scrapy.extensions.logstats] INFO: Crawled 18603 pages (at 94 pages/min), scraped 346820 items (at 1877 items/min)
2019-11-25 19:33:27 [scrapy.extensions.logstats] INFO: Crawled 18697 pages (at 94 pages/min), scraped 348700 items (at 1880 items/min)
2019-11-25 19:34:27 [scrapy.extensions.logstats] INFO: Crawled 18790 pages (at 93 pages/min), scraped 350560 items (at 1860 items/min)
2019-11-25 19:35:27 [scrapy.extensions.logstats] INFO: Crawled 18881 pages (at 91 pages/min), scraped 352380 items (at 1820 items/min)
2019-11-25 19:36:27 [scrapy.extensions.logstats] INFO: Crawled 18975 pages (at 94 pages/min), scraped 354249 items (at 1869 items/min)
2019-11-25 19:37:27 [scrapy.extensions.logstats] INFO: Crawled 19068 pages (at 93 pages/min), scraped 356100 items (at 1851 items/min)
2019-11-25 19:38:27 [scrapy.extensions.logstats] INFO: Crawled 19161 pages (at 93 pages/min), scraped 357960 items (at 1860 items/min)
2019-11-25 19:39:27 [scrapy.extensions.logstats] INFO: Crawled 19256 pages (at 95 pages/min), scraped 359880 items (at 1920 items/min)
2019-11-25 19:40:27 [scrapy.extensions.logstats] INFO: Crawled 19349 pages (at 93 pages/min), scraped 361737 items (at 1857 items/min)
2019-11-25 19:41:27 [scrapy.extensions.logstats] INFO: Crawled 19442 pages (at 93 pages/min), scraped 363600 items (at 1863 items/min)
2019-11-25 19:42:27 [scrapy.extensions.logstats] INFO: Crawled 19535 pages (at 93 pages/min), scraped 365460 items (at 1860 items/min)
2019-11-25 19:43:27 [scrapy.extensions.logstats] INFO: Crawled 19628 pages (at 93 pages/min), scraped 367320 items (at 1860 items/min)
2019-11-25 19:44:27 [scrapy.extensions.logstats] INFO: Crawled 19722 pages (at 94 pages/min), scraped 369194 items (at 1874 items/min)
2019-11-25 19:45:27 [scrapy.extensions.logstats] INFO: Crawled 19816 pages (at 94 pages/min), scraped 371054 items (at 1860 items/min)
2019-11-25 19:46:27 [scrapy.extensions.logstats] INFO: Crawled 19910 pages (at 94 pages/min), scraped 372934 items (at 1880 items/min)
2019-11-25 19:47:27 [scrapy.extensions.logstats] INFO: Crawled 20000 pages (at 90 pages/min), scraped 374754 items (at 1820 items/min)
2019-11-25 19:48:27 [scrapy.extensions.logstats] INFO: Crawled 20093 pages (at 93 pages/min), scraped 376614 items (at 1860 items/min)
2019-11-25 19:49:27 [scrapy.extensions.logstats] INFO: Crawled 20187 pages (at 94 pages/min), scraped 378494 items (at 1880 items/min)
2019-11-25 19:50:27 [scrapy.extensions.logstats] INFO: Crawled 20280 pages (at 93 pages/min), scraped 380349 items (at 1855 items/min)
2019-11-25 19:51:27 [scrapy.extensions.logstats] INFO: Crawled 20372 pages (at 92 pages/min), scraped 382169 items (at 1820 items/min)
2019-11-25 19:52:27 [scrapy.extensions.logstats] INFO: Crawled 20465 pages (at 93 pages/min), scraped 384048 items (at 1879 items/min)
2019-11-25 19:53:27 [scrapy.extensions.logstats] INFO: Crawled 20558 pages (at 93 pages/min), scraped 385908 items (at 1860 items/min)
2019-11-25 19:54:27 [scrapy.extensions.logstats] INFO: Crawled 20649 pages (at 91 pages/min), scraped 387728 items (at 1820 items/min)
2019-11-25 19:55:27 [scrapy.extensions.logstats] INFO: Crawled 20743 pages (at 94 pages/min), scraped 389608 items (at 1880 items/min)
2019-11-25 19:56:27 [scrapy.extensions.logstats] INFO: Crawled 20836 pages (at 93 pages/min), scraped 391468 items (at 1860 items/min)
2019-11-25 19:57:27 [scrapy.extensions.logstats] INFO: Crawled 20930 pages (at 94 pages/min), scraped 393348 items (at 1880 items/min)
2019-11-25 19:58:27 [scrapy.extensions.logstats] INFO: Crawled 21024 pages (at 94 pages/min), scraped 395228 items (at 1880 items/min)
2019-11-25 19:59:27 [scrapy.extensions.logstats] INFO: Crawled 21118 pages (at 94 pages/min), scraped 397108 items (at 1880 items/min)
2019-11-25 20:00:27 [scrapy.extensions.logstats] INFO: Crawled 21212 pages (at 94 pages/min), scraped 398988 items (at 1880 items/min)
2019-11-25 20:01:27 [scrapy.extensions.logstats] INFO: Crawled 21306 pages (at 94 pages/min), scraped 400868 items (at 1880 items/min)
2019-11-25 20:02:27 [scrapy.extensions.logstats] INFO: Crawled 21400 pages (at 94 pages/min), scraped 402727 items (at 1859 items/min)
2019-11-25 20:03:27 [scrapy.extensions.logstats] INFO: Crawled 21494 pages (at 94 pages/min), scraped 404627 items (at 1900 items/min)
2019-11-25 20:04:27 [scrapy.extensions.logstats] INFO: Crawled 21587 pages (at 93 pages/min), scraped 406462 items (at 1835 items/min)
2019-11-25 20:05:27 [scrapy.extensions.logstats] INFO: Crawled 21680 pages (at 93 pages/min), scraped 408321 items (at 1859 items/min)
2019-11-25 20:06:27 [scrapy.extensions.logstats] INFO: Crawled 21772 pages (at 92 pages/min), scraped 410181 items (at 1860 items/min)
2019-11-25 20:07:27 [scrapy.extensions.logstats] INFO: Crawled 21866 pages (at 94 pages/min), scraped 412048 items (at 1867 items/min)
2019-11-25 20:08:27 [scrapy.extensions.logstats] INFO: Crawled 21960 pages (at 94 pages/min), scraped 413919 items (at 1871 items/min)
2019-11-25 20:09:27 [scrapy.extensions.logstats] INFO: Crawled 22054 pages (at 94 pages/min), scraped 415819 items (at 1900 items/min)
2019-11-25 20:10:27 [scrapy.extensions.logstats] INFO: Crawled 22146 pages (at 92 pages/min), scraped 417659 items (at 1840 items/min)
2019-11-25 20:11:27 [scrapy.extensions.logstats] INFO: Crawled 22238 pages (at 92 pages/min), scraped 419499 items (at 1840 items/min)
2019-11-25 20:12:27 [scrapy.extensions.logstats] INFO: Crawled 22331 pages (at 93 pages/min), scraped 421359 items (at 1860 items/min)
2019-11-25 20:13:27 [scrapy.extensions.logstats] INFO: Crawled 22426 pages (at 95 pages/min), scraped 423239 items (at 1880 items/min)
2019-11-25 20:14:27 [scrapy.extensions.logstats] INFO: Crawled 22519 pages (at 93 pages/min), scraped 425119 items (at 1880 items/min)
2019-11-25 20:15:27 [scrapy.extensions.logstats] INFO: Crawled 22612 pages (at 93 pages/min), scraped 426979 items (at 1860 items/min)
2019-11-25 20:16:27 [scrapy.extensions.logstats] INFO: Crawled 22704 pages (at 92 pages/min), scraped 428819 items (at 1840 items/min)
2019-11-25 20:17:27 [scrapy.extensions.logstats] INFO: Crawled 22798 pages (at 94 pages/min), scraped 430674 items (at 1855 items/min)
2019-11-25 20:18:27 [scrapy.extensions.logstats] INFO: Crawled 22891 pages (at 93 pages/min), scraped 432533 items (at 1859 items/min)
2019-11-25 20:19:27 [scrapy.extensions.logstats] INFO: Crawled 22984 pages (at 93 pages/min), scraped 434393 items (at 1860 items/min)
2019-11-25 20:20:27 [scrapy.extensions.logstats] INFO: Crawled 23077 pages (at 93 pages/min), scraped 436253 items (at 1860 items/min)
2019-11-25 20:21:27 [scrapy.extensions.logstats] INFO: Crawled 23170 pages (at 93 pages/min), scraped 438113 items (at 1860 items/min)
2019-11-25 20:22:27 [scrapy.extensions.logstats] INFO: Crawled 23263 pages (at 93 pages/min), scraped 439971 items (at 1858 items/min)
2019-11-25 20:23:27 [scrapy.extensions.logstats] INFO: Crawled 23356 pages (at 93 pages/min), scraped 441831 items (at 1860 items/min)
2019-11-25 20:24:27 [scrapy.extensions.logstats] INFO: Crawled 23450 pages (at 94 pages/min), scraped 443710 items (at 1879 items/min)
2019-11-25 20:25:27 [scrapy.extensions.logstats] INFO: Crawled 23543 pages (at 93 pages/min), scraped 445550 items (at 1840 items/min)
2019-11-25 20:26:27 [scrapy.extensions.logstats] INFO: Crawled 23636 pages (at 93 pages/min), scraped 447428 items (at 1878 items/min)
2019-11-25 20:27:27 [scrapy.extensions.logstats] INFO: Crawled 23729 pages (at 93 pages/min), scraped 449288 items (at 1860 items/min)
2019-11-25 20:28:27 [scrapy.extensions.logstats] INFO: Crawled 23822 pages (at 93 pages/min), scraped 451145 items (at 1857 items/min)
2019-11-25 20:29:27 [scrapy.extensions.logstats] INFO: Crawled 23914 pages (at 92 pages/min), scraped 452984 items (at 1839 items/min)
2019-11-25 20:30:27 [scrapy.extensions.logstats] INFO: Crawled 24007 pages (at 93 pages/min), scraped 454835 items (at 1851 items/min)
2019-11-25 20:31:27 [scrapy.extensions.logstats] INFO: Crawled 24098 pages (at 91 pages/min), scraped 456647 items (at 1812 items/min)
2019-11-25 20:32:27 [scrapy.extensions.logstats] INFO: Crawled 24189 pages (at 91 pages/min), scraped 458464 items (at 1817 items/min)
2019-11-25 20:33:27 [scrapy.extensions.logstats] INFO: Crawled 24281 pages (at 92 pages/min), scraped 460285 items (at 1821 items/min)
2019-11-25 20:34:27 [scrapy.extensions.logstats] INFO: Crawled 24372 pages (at 91 pages/min), scraped 462104 items (at 1819 items/min)
2019-11-25 20:35:27 [scrapy.extensions.logstats] INFO: Crawled 24465 pages (at 93 pages/min), scraped 463959 items (at 1855 items/min)
2019-11-25 20:36:27 [scrapy.extensions.logstats] INFO: Crawled 24558 pages (at 93 pages/min), scraped 465817 items (at 1858 items/min)
2019-11-25 20:37:27 [scrapy.extensions.logstats] INFO: Crawled 24652 pages (at 94 pages/min), scraped 467711 items (at 1894 items/min)
2019-11-25 20:38:27 [scrapy.extensions.logstats] INFO: Crawled 24745 pages (at 93 pages/min), scraped 469571 items (at 1860 items/min)
2019-11-25 20:39:27 [scrapy.extensions.logstats] INFO: Crawled 24839 pages (at 94 pages/min), scraped 471450 items (at 1879 items/min)
2019-11-25 20:40:27 [scrapy.extensions.logstats] INFO: Crawled 24931 pages (at 92 pages/min), scraped 473290 items (at 1840 items/min)
2019-11-25 20:41:27 [scrapy.extensions.logstats] INFO: Crawled 25023 pages (at 92 pages/min), scraped 475120 items (at 1830 items/min)
2019-11-25 20:42:27 [scrapy.extensions.logstats] INFO: Crawled 25116 pages (at 93 pages/min), scraped 476980 items (at 1860 items/min)
2019-11-25 20:43:27 [scrapy.extensions.logstats] INFO: Crawled 25209 pages (at 93 pages/min), scraped 478840 items (at 1860 items/min)
2019-11-25 20:44:27 [scrapy.extensions.logstats] INFO: Crawled 25303 pages (at 94 pages/min), scraped 480720 items (at 1880 items/min)
2019-11-25 20:45:27 [scrapy.extensions.logstats] INFO: Crawled 25397 pages (at 94 pages/min), scraped 482600 items (at 1880 items/min)
2019-11-25 20:46:27 [scrapy.extensions.logstats] INFO: Crawled 25493 pages (at 96 pages/min), scraped 484520 items (at 1920 items/min)
2019-11-25 20:47:27 [scrapy.extensions.logstats] INFO: Crawled 25588 pages (at 95 pages/min), scraped 486411 items (at 1891 items/min)
2019-11-25 20:48:27 [scrapy.extensions.logstats] INFO: Crawled 25683 pages (at 95 pages/min), scraped 488311 items (at 1900 items/min)
2019-11-25 20:48:35 [scrapy.core.engine] INFO: Closing spider (finished)
2019-11-25 20:48:35 [scrapy.statscollectors] INFO: Dumping Scrapy stats:
{'downloader/request_bytes': 25235086,
 'downloader/request_count': 25699,
 'downloader/request_method_count/GET': 25699,
 'downloader/response_bytes': 365993357,
 'downloader/response_count': 25699,
 'downloader/response_status_count/200': 25697,
 'downloader/response_status_count/500': 2,
 'dupefilter/filtered': 1,
 'elapsed_time_seconds': 16808.019017,
 'finish_reason': 'finished',
 'finish_time': datetime.datetime(2019, 11, 25, 12, 48, 35, 448175),
 'item_scraped_count': 488562,
 'log_count/INFO': 290,
 'memusage/max': 75649024,
 'memusage/startup': 56373248,
 'request_depth_max': 25697,
 'response_received_count': 25697,
 'retry/count': 2,
 'retry/reason_count/500 Internal Server Error': 2,
 'scheduler/dequeued': 25699,
 'scheduler/dequeued/memory': 25699,
 'scheduler/enqueued': 25699,
 'scheduler/enqueued/memory': 25699,
 'start_time': datetime.datetime(2019, 11, 25, 8, 8, 27, 429158)}
2019-11-25 20:48:35 [scrapy.core.engine] INFO: Spider closed (finished)
