nohup: ignoring input
2019-11-25 21:43:02 [scrapy.utils.log] INFO: Scrapy 1.8.0 started (bot: TweetScraper)
2019-11-25 21:43:02 [scrapy.utils.log] INFO: Versions: lxml 4.4.1.0, libxml2 2.9.9, cssselect 1.1.0, parsel 1.5.2, w3lib 1.21.0, Twisted 19.10.0, Python 3.6.8 (default, Oct  7 2019, 12:59:55) - [GCC 8.3.0], pyOpenSSL 19.1.0 (OpenSSL 1.1.1d  10 Sep 2019), cryptography 2.8, Platform Linux-4.15.0-70-generic-x86_64-with-Ubuntu-18.04-bionic
2019-11-25 21:43:02 [scrapy.crawler] INFO: Overridden settings: {'BOT_NAME': 'TweetScraper', 'LOG_LEVEL': 'INFO', 'NEWSPIDER_MODULE': 'TweetScraper.spiders', 'SPIDER_MODULES': ['TweetScraper.spiders'], 'USER_AGENT': 'TweetScraper'}
2019-11-25 21:43:02 [scrapy.extensions.telnet] INFO: Telnet Password: cebc9de06514f27f
2019-11-25 21:43:02 [scrapy.middleware] INFO: Enabled extensions:
['scrapy.extensions.corestats.CoreStats',
 'scrapy.extensions.telnet.TelnetConsole',
 'scrapy.extensions.memusage.MemoryUsage',
 'scrapy.extensions.logstats.LogStats']
2019-11-25 21:43:02 [scrapy.middleware] INFO: Enabled downloader middlewares:
['scrapy.downloadermiddlewares.httpauth.HttpAuthMiddleware',
 'scrapy.downloadermiddlewares.downloadtimeout.DownloadTimeoutMiddleware',
 'scrapy.downloadermiddlewares.defaultheaders.DefaultHeadersMiddleware',
 'scrapy.downloadermiddlewares.useragent.UserAgentMiddleware',
 'scrapy.downloadermiddlewares.retry.RetryMiddleware',
 'scrapy.downloadermiddlewares.redirect.MetaRefreshMiddleware',
 'scrapy.downloadermiddlewares.httpcompression.HttpCompressionMiddleware',
 'scrapy.downloadermiddlewares.redirect.RedirectMiddleware',
 'scrapy.downloadermiddlewares.cookies.CookiesMiddleware',
 'scrapy.downloadermiddlewares.httpproxy.HttpProxyMiddleware',
 'scrapy.downloadermiddlewares.stats.DownloaderStats']
2019-11-25 21:43:02 [scrapy.middleware] INFO: Enabled spider middlewares:
['scrapy.spidermiddlewares.httperror.HttpErrorMiddleware',
 'scrapy.spidermiddlewares.offsite.OffsiteMiddleware',
 'scrapy.spidermiddlewares.referer.RefererMiddleware',
 'scrapy.spidermiddlewares.urllength.UrlLengthMiddleware',
 'scrapy.spidermiddlewares.depth.DepthMiddleware']
2019-11-25 21:43:02 [scrapy.middleware] INFO: Enabled item pipelines:
['TweetScraper.pipelines.SaveToFilePipeline']
2019-11-25 21:43:02 [scrapy.core.engine] INFO: Spider opened
2019-11-25 21:43:02 [scrapy.extensions.logstats] INFO: Crawled 0 pages (at 0 pages/min), scraped 0 items (at 0 items/min)
2019-11-25 21:43:02 [scrapy.extensions.telnet] INFO: Telnet console listening on 127.0.0.1:6025
2019-11-25 21:44:02 [scrapy.extensions.logstats] INFO: Crawled 83 pages (at 83 pages/min), scraped 1634 items (at 1634 items/min)
2019-11-25 21:45:02 [scrapy.extensions.logstats] INFO: Crawled 168 pages (at 85 pages/min), scraped 3237 items (at 1603 items/min)
2019-11-25 21:46:02 [scrapy.extensions.logstats] INFO: Crawled 255 pages (at 87 pages/min), scraped 4888 items (at 1651 items/min)
2019-11-25 21:47:02 [scrapy.extensions.logstats] INFO: Crawled 340 pages (at 85 pages/min), scraped 6549 items (at 1661 items/min)
2019-11-25 21:48:02 [scrapy.extensions.logstats] INFO: Crawled 425 pages (at 85 pages/min), scraped 8199 items (at 1650 items/min)
2019-11-25 21:49:02 [scrapy.extensions.logstats] INFO: Crawled 510 pages (at 85 pages/min), scraped 9850 items (at 1651 items/min)
2019-11-25 21:50:02 [scrapy.extensions.logstats] INFO: Crawled 594 pages (at 84 pages/min), scraped 11528 items (at 1678 items/min)
2019-11-25 21:51:02 [scrapy.extensions.logstats] INFO: Crawled 678 pages (at 84 pages/min), scraped 13154 items (at 1626 items/min)
2019-11-25 21:52:02 [scrapy.extensions.logstats] INFO: Crawled 763 pages (at 85 pages/min), scraped 14768 items (at 1614 items/min)
2019-11-25 21:53:02 [scrapy.extensions.logstats] INFO: Crawled 848 pages (at 85 pages/min), scraped 16281 items (at 1513 items/min)
2019-11-25 21:54:02 [scrapy.extensions.logstats] INFO: Crawled 931 pages (at 83 pages/min), scraped 17945 items (at 1664 items/min)
2019-11-25 21:55:02 [scrapy.extensions.logstats] INFO: Crawled 1014 pages (at 83 pages/min), scraped 19584 items (at 1639 items/min)
2019-11-25 21:56:02 [scrapy.extensions.logstats] INFO: Crawled 1097 pages (at 83 pages/min), scraped 21215 items (at 1631 items/min)
2019-11-25 21:57:02 [scrapy.extensions.logstats] INFO: Crawled 1181 pages (at 84 pages/min), scraped 22875 items (at 1660 items/min)
2019-11-25 21:58:02 [scrapy.extensions.logstats] INFO: Crawled 1263 pages (at 82 pages/min), scraped 24518 items (at 1643 items/min)
2019-11-25 21:59:02 [scrapy.extensions.logstats] INFO: Crawled 1347 pages (at 84 pages/min), scraped 26195 items (at 1677 items/min)
2019-11-25 22:00:02 [scrapy.extensions.logstats] INFO: Crawled 1431 pages (at 84 pages/min), scraped 27820 items (at 1625 items/min)
2019-11-25 22:01:02 [scrapy.extensions.logstats] INFO: Crawled 1513 pages (at 82 pages/min), scraped 29452 items (at 1632 items/min)
2019-11-25 22:02:02 [scrapy.extensions.logstats] INFO: Crawled 1600 pages (at 87 pages/min), scraped 30993 items (at 1541 items/min)
2019-11-25 22:03:02 [scrapy.extensions.logstats] INFO: Crawled 1684 pages (at 84 pages/min), scraped 32623 items (at 1630 items/min)
2019-11-25 22:04:02 [scrapy.extensions.logstats] INFO: Crawled 1766 pages (at 82 pages/min), scraped 34249 items (at 1626 items/min)
2019-11-25 22:05:02 [scrapy.extensions.logstats] INFO: Crawled 1850 pages (at 84 pages/min), scraped 35878 items (at 1629 items/min)
2019-11-25 22:06:02 [scrapy.extensions.logstats] INFO: Crawled 1933 pages (at 83 pages/min), scraped 37506 items (at 1628 items/min)
2019-11-25 22:07:02 [scrapy.extensions.logstats] INFO: Crawled 2017 pages (at 84 pages/min), scraped 39115 items (at 1609 items/min)
2019-11-25 22:08:02 [scrapy.extensions.logstats] INFO: Crawled 2100 pages (at 83 pages/min), scraped 40755 items (at 1640 items/min)
2019-11-25 22:09:02 [scrapy.extensions.logstats] INFO: Crawled 2184 pages (at 84 pages/min), scraped 42390 items (at 1635 items/min)
2019-11-25 22:10:02 [scrapy.extensions.logstats] INFO: Crawled 2271 pages (at 87 pages/min), scraped 44036 items (at 1646 items/min)
2019-11-25 22:11:02 [scrapy.extensions.logstats] INFO: Crawled 2355 pages (at 84 pages/min), scraped 45681 items (at 1645 items/min)
2019-11-25 22:12:02 [scrapy.extensions.logstats] INFO: Crawled 2438 pages (at 83 pages/min), scraped 47348 items (at 1667 items/min)
2019-11-25 22:13:02 [scrapy.extensions.logstats] INFO: Crawled 2523 pages (at 85 pages/min), scraped 48949 items (at 1601 items/min)
2019-11-25 22:14:02 [scrapy.extensions.logstats] INFO: Crawled 2609 pages (at 86 pages/min), scraped 50634 items (at 1685 items/min)
2019-11-25 22:15:02 [scrapy.extensions.logstats] INFO: Crawled 2693 pages (at 84 pages/min), scraped 52265 items (at 1631 items/min)
2019-11-25 22:16:02 [scrapy.extensions.logstats] INFO: Crawled 2777 pages (at 84 pages/min), scraped 53906 items (at 1641 items/min)
2019-11-25 22:17:02 [scrapy.extensions.logstats] INFO: Crawled 2862 pages (at 85 pages/min), scraped 55587 items (at 1681 items/min)
2019-11-25 22:18:02 [scrapy.extensions.logstats] INFO: Crawled 2947 pages (at 85 pages/min), scraped 57266 items (at 1679 items/min)
2019-11-25 22:19:02 [scrapy.extensions.logstats] INFO: Crawled 3031 pages (at 84 pages/min), scraped 58933 items (at 1667 items/min)
2019-11-25 22:20:02 [scrapy.extensions.logstats] INFO: Crawled 3114 pages (at 83 pages/min), scraped 60571 items (at 1638 items/min)
2019-11-25 22:21:02 [scrapy.extensions.logstats] INFO: Crawled 3195 pages (at 81 pages/min), scraped 62149 items (at 1578 items/min)
2019-11-25 22:22:02 [scrapy.extensions.logstats] INFO: Crawled 3280 pages (at 85 pages/min), scraped 63808 items (at 1659 items/min)
2019-11-25 22:23:02 [scrapy.extensions.logstats] INFO: Crawled 3364 pages (at 84 pages/min), scraped 65481 items (at 1673 items/min)
2019-11-25 22:24:02 [scrapy.extensions.logstats] INFO: Crawled 3450 pages (at 86 pages/min), scraped 67166 items (at 1685 items/min)
2019-11-25 22:25:02 [scrapy.extensions.logstats] INFO: Crawled 3533 pages (at 83 pages/min), scraped 68808 items (at 1642 items/min)
2019-11-25 22:26:02 [scrapy.extensions.logstats] INFO: Crawled 3619 pages (at 86 pages/min), scraped 70464 items (at 1656 items/min)
2019-11-25 22:27:02 [scrapy.extensions.logstats] INFO: Crawled 3705 pages (at 86 pages/min), scraped 72079 items (at 1615 items/min)
2019-11-25 22:28:02 [scrapy.extensions.logstats] INFO: Crawled 3791 pages (at 86 pages/min), scraped 73726 items (at 1647 items/min)
2019-11-25 22:29:02 [scrapy.extensions.logstats] INFO: Crawled 3876 pages (at 85 pages/min), scraped 75389 items (at 1663 items/min)
2019-11-25 22:30:02 [scrapy.extensions.logstats] INFO: Crawled 3962 pages (at 86 pages/min), scraped 77030 items (at 1641 items/min)
2019-11-25 22:31:02 [scrapy.extensions.logstats] INFO: Crawled 4048 pages (at 86 pages/min), scraped 78679 items (at 1649 items/min)
2019-11-25 22:32:02 [scrapy.extensions.logstats] INFO: Crawled 4134 pages (at 86 pages/min), scraped 80262 items (at 1583 items/min)
2019-11-25 22:33:02 [scrapy.extensions.logstats] INFO: Crawled 4219 pages (at 85 pages/min), scraped 81924 items (at 1662 items/min)
2019-11-25 22:34:02 [scrapy.extensions.logstats] INFO: Crawled 4307 pages (at 88 pages/min), scraped 83577 items (at 1653 items/min)
2019-11-25 22:35:02 [scrapy.extensions.logstats] INFO: Crawled 4394 pages (at 87 pages/min), scraped 85312 items (at 1735 items/min)
2019-11-25 22:36:02 [scrapy.extensions.logstats] INFO: Crawled 4483 pages (at 89 pages/min), scraped 86908 items (at 1596 items/min)
2019-11-25 22:37:02 [scrapy.extensions.logstats] INFO: Crawled 4569 pages (at 86 pages/min), scraped 88585 items (at 1677 items/min)
2019-11-25 22:38:02 [scrapy.extensions.logstats] INFO: Crawled 4653 pages (at 84 pages/min), scraped 90263 items (at 1678 items/min)
2019-11-25 22:39:02 [scrapy.extensions.logstats] INFO: Crawled 4736 pages (at 83 pages/min), scraped 91920 items (at 1657 items/min)
2019-11-25 22:40:02 [scrapy.extensions.logstats] INFO: Crawled 4822 pages (at 86 pages/min), scraped 93609 items (at 1689 items/min)
2019-11-25 22:41:02 [scrapy.extensions.logstats] INFO: Crawled 4907 pages (at 85 pages/min), scraped 95263 items (at 1654 items/min)
2019-11-25 22:42:02 [scrapy.extensions.logstats] INFO: Crawled 4992 pages (at 85 pages/min), scraped 96912 items (at 1649 items/min)
2019-11-25 22:43:02 [scrapy.extensions.logstats] INFO: Crawled 5078 pages (at 86 pages/min), scraped 98560 items (at 1648 items/min)
2019-11-25 22:44:02 [scrapy.extensions.logstats] INFO: Crawled 5165 pages (at 87 pages/min), scraped 100145 items (at 1585 items/min)
2019-11-25 22:45:02 [scrapy.extensions.logstats] INFO: Crawled 5253 pages (at 88 pages/min), scraped 101838 items (at 1693 items/min)
2019-11-25 22:46:02 [scrapy.extensions.logstats] INFO: Crawled 5341 pages (at 88 pages/min), scraped 103492 items (at 1654 items/min)
2019-11-25 22:47:02 [scrapy.extensions.logstats] INFO: Crawled 5426 pages (at 85 pages/min), scraped 105185 items (at 1693 items/min)
2019-11-25 22:48:02 [scrapy.extensions.logstats] INFO: Crawled 5521 pages (at 95 pages/min), scraped 106486 items (at 1301 items/min)
2019-11-25 22:49:02 [scrapy.extensions.logstats] INFO: Crawled 5609 pages (at 88 pages/min), scraped 108073 items (at 1587 items/min)
2019-11-25 22:50:02 [scrapy.extensions.logstats] INFO: Crawled 5700 pages (at 91 pages/min), scraped 109742 items (at 1669 items/min)
2019-11-25 22:51:02 [scrapy.extensions.logstats] INFO: Crawled 5789 pages (at 89 pages/min), scraped 111498 items (at 1756 items/min)
2019-11-25 22:52:02 [scrapy.extensions.logstats] INFO: Crawled 5878 pages (at 89 pages/min), scraped 113276 items (at 1778 items/min)
2019-11-25 22:53:02 [scrapy.extensions.logstats] INFO: Crawled 5969 pages (at 91 pages/min), scraped 115046 items (at 1770 items/min)
2019-11-25 22:54:02 [scrapy.extensions.logstats] INFO: Crawled 6058 pages (at 89 pages/min), scraped 116843 items (at 1797 items/min)
2019-11-25 22:55:02 [scrapy.extensions.logstats] INFO: Crawled 6147 pages (at 89 pages/min), scraped 118622 items (at 1779 items/min)
2019-11-25 22:56:02 [scrapy.extensions.logstats] INFO: Crawled 6236 pages (at 89 pages/min), scraped 120393 items (at 1771 items/min)
2019-11-25 22:57:02 [scrapy.extensions.logstats] INFO: Crawled 6324 pages (at 88 pages/min), scraped 122140 items (at 1747 items/min)
2019-11-25 22:58:02 [scrapy.extensions.logstats] INFO: Crawled 6414 pages (at 90 pages/min), scraped 123920 items (at 1780 items/min)
2019-11-25 22:59:02 [scrapy.extensions.logstats] INFO: Crawled 6503 pages (at 89 pages/min), scraped 125643 items (at 1723 items/min)
2019-11-25 23:00:02 [scrapy.extensions.logstats] INFO: Crawled 6593 pages (at 90 pages/min), scraped 127425 items (at 1782 items/min)
2019-11-25 23:01:02 [scrapy.extensions.logstats] INFO: Crawled 6680 pages (at 87 pages/min), scraped 129162 items (at 1737 items/min)
2019-11-25 23:02:02 [scrapy.extensions.logstats] INFO: Crawled 6768 pages (at 88 pages/min), scraped 130922 items (at 1760 items/min)
2019-11-25 23:03:02 [scrapy.extensions.logstats] INFO: Crawled 6858 pages (at 90 pages/min), scraped 132648 items (at 1726 items/min)
2019-11-25 23:04:02 [scrapy.extensions.logstats] INFO: Crawled 6946 pages (at 88 pages/min), scraped 134344 items (at 1696 items/min)
2019-11-25 23:05:02 [scrapy.extensions.logstats] INFO: Crawled 7034 pages (at 88 pages/min), scraped 136045 items (at 1701 items/min)
2019-11-25 23:06:02 [scrapy.extensions.logstats] INFO: Crawled 7122 pages (at 88 pages/min), scraped 137734 items (at 1689 items/min)
2019-11-25 23:07:02 [scrapy.extensions.logstats] INFO: Crawled 7210 pages (at 88 pages/min), scraped 139414 items (at 1680 items/min)
2019-11-25 23:08:02 [scrapy.extensions.logstats] INFO: Crawled 7298 pages (at 88 pages/min), scraped 141074 items (at 1660 items/min)
2019-11-25 23:09:02 [scrapy.extensions.logstats] INFO: Crawled 7384 pages (at 86 pages/min), scraped 142653 items (at 1579 items/min)
2019-11-25 23:10:02 [scrapy.extensions.logstats] INFO: Crawled 7473 pages (at 89 pages/min), scraped 144281 items (at 1628 items/min)
2019-11-25 23:11:02 [scrapy.extensions.logstats] INFO: Crawled 7559 pages (at 86 pages/min), scraped 145856 items (at 1575 items/min)
2019-11-25 23:12:02 [scrapy.extensions.logstats] INFO: Crawled 7645 pages (at 86 pages/min), scraped 147444 items (at 1588 items/min)
2019-11-25 23:13:02 [scrapy.extensions.logstats] INFO: Crawled 7728 pages (at 83 pages/min), scraped 148959 items (at 1515 items/min)
2019-11-25 23:14:02 [scrapy.extensions.logstats] INFO: Crawled 7811 pages (at 83 pages/min), scraped 150459 items (at 1500 items/min)
2019-11-25 23:15:02 [scrapy.extensions.logstats] INFO: Crawled 7896 pages (at 85 pages/min), scraped 151948 items (at 1489 items/min)
2019-11-25 23:16:02 [scrapy.extensions.logstats] INFO: Crawled 7979 pages (at 83 pages/min), scraped 153397 items (at 1449 items/min)
2019-11-25 23:17:02 [scrapy.extensions.logstats] INFO: Crawled 8060 pages (at 81 pages/min), scraped 154806 items (at 1409 items/min)
2019-11-25 23:18:02 [scrapy.extensions.logstats] INFO: Crawled 8142 pages (at 82 pages/min), scraped 156162 items (at 1356 items/min)
2019-11-25 23:19:02 [scrapy.extensions.logstats] INFO: Crawled 8221 pages (at 79 pages/min), scraped 157562 items (at 1400 items/min)
2019-11-25 23:20:02 [scrapy.extensions.logstats] INFO: Crawled 8298 pages (at 77 pages/min), scraped 158939 items (at 1377 items/min)
2019-11-25 23:21:02 [scrapy.extensions.logstats] INFO: Crawled 8379 pages (at 81 pages/min), scraped 160337 items (at 1398 items/min)
2019-11-25 23:22:02 [scrapy.extensions.logstats] INFO: Crawled 8454 pages (at 75 pages/min), scraped 161654 items (at 1317 items/min)
2019-11-25 23:23:02 [scrapy.extensions.logstats] INFO: Crawled 8529 pages (at 75 pages/min), scraped 163038 items (at 1384 items/min)
2019-11-25 23:24:02 [scrapy.extensions.logstats] INFO: Crawled 8604 pages (at 75 pages/min), scraped 164431 items (at 1393 items/min)
2019-11-25 23:25:02 [scrapy.extensions.logstats] INFO: Crawled 8677 pages (at 73 pages/min), scraped 165779 items (at 1348 items/min)
2019-11-25 23:26:02 [scrapy.extensions.logstats] INFO: Crawled 8751 pages (at 74 pages/min), scraped 167150 items (at 1371 items/min)
2019-11-25 23:27:02 [scrapy.extensions.logstats] INFO: Crawled 8825 pages (at 74 pages/min), scraped 168466 items (at 1316 items/min)
2019-11-25 23:28:02 [scrapy.extensions.logstats] INFO: Crawled 8899 pages (at 74 pages/min), scraped 169868 items (at 1402 items/min)
2019-11-25 23:29:02 [scrapy.extensions.logstats] INFO: Crawled 8972 pages (at 73 pages/min), scraped 171212 items (at 1344 items/min)
2019-11-25 23:30:02 [scrapy.extensions.logstats] INFO: Crawled 9050 pages (at 78 pages/min), scraped 172443 items (at 1231 items/min)
2019-11-25 23:31:02 [scrapy.extensions.logstats] INFO: Crawled 9126 pages (at 76 pages/min), scraped 173681 items (at 1238 items/min)
2019-11-25 23:32:02 [scrapy.extensions.logstats] INFO: Crawled 9203 pages (at 77 pages/min), scraped 174942 items (at 1261 items/min)
2019-11-25 23:33:02 [scrapy.extensions.logstats] INFO: Crawled 9282 pages (at 79 pages/min), scraped 175981 items (at 1039 items/min)
2019-11-25 23:34:02 [scrapy.extensions.logstats] INFO: Crawled 9362 pages (at 80 pages/min), scraped 177087 items (at 1106 items/min)
2019-11-25 23:35:02 [scrapy.extensions.logstats] INFO: Crawled 9441 pages (at 79 pages/min), scraped 178244 items (at 1157 items/min)
2019-11-25 23:36:02 [scrapy.extensions.logstats] INFO: Crawled 9518 pages (at 77 pages/min), scraped 179364 items (at 1120 items/min)
2019-11-25 23:37:02 [scrapy.extensions.logstats] INFO: Crawled 9596 pages (at 78 pages/min), scraped 180531 items (at 1167 items/min)
2019-11-25 23:38:02 [scrapy.extensions.logstats] INFO: Crawled 9673 pages (at 77 pages/min), scraped 181712 items (at 1181 items/min)
2019-11-25 23:39:02 [scrapy.extensions.logstats] INFO: Crawled 9751 pages (at 78 pages/min), scraped 182845 items (at 1133 items/min)
2019-11-25 23:40:02 [scrapy.extensions.logstats] INFO: Crawled 9830 pages (at 79 pages/min), scraped 183959 items (at 1114 items/min)
2019-11-25 23:41:02 [scrapy.extensions.logstats] INFO: Crawled 9908 pages (at 78 pages/min), scraped 185138 items (at 1179 items/min)
2019-11-25 23:42:02 [scrapy.extensions.logstats] INFO: Crawled 9982 pages (at 74 pages/min), scraped 186347 items (at 1209 items/min)
2019-11-25 23:43:02 [scrapy.extensions.logstats] INFO: Crawled 10063 pages (at 81 pages/min), scraped 187457 items (at 1110 items/min)
2019-11-25 23:44:02 [scrapy.extensions.logstats] INFO: Crawled 10150 pages (at 87 pages/min), scraped 188430 items (at 973 items/min)
2019-11-25 23:45:02 [scrapy.extensions.logstats] INFO: Crawled 10234 pages (at 84 pages/min), scraped 189526 items (at 1096 items/min)
2019-11-25 23:46:02 [scrapy.extensions.logstats] INFO: Crawled 10317 pages (at 83 pages/min), scraped 190680 items (at 1154 items/min)
2019-11-25 23:47:02 [scrapy.extensions.logstats] INFO: Crawled 10406 pages (at 89 pages/min), scraped 191859 items (at 1179 items/min)
2019-11-25 23:48:02 [scrapy.extensions.logstats] INFO: Crawled 10494 pages (at 88 pages/min), scraped 193007 items (at 1148 items/min)
2019-11-25 23:49:02 [scrapy.extensions.logstats] INFO: Crawled 10585 pages (at 91 pages/min), scraped 194207 items (at 1200 items/min)
2019-11-25 23:50:02 [scrapy.extensions.logstats] INFO: Crawled 10676 pages (at 91 pages/min), scraped 195397 items (at 1190 items/min)
2019-11-25 23:51:02 [scrapy.extensions.logstats] INFO: Crawled 10771 pages (at 95 pages/min), scraped 196561 items (at 1164 items/min)
2019-11-25 23:52:02 [scrapy.extensions.logstats] INFO: Crawled 10867 pages (at 96 pages/min), scraped 197704 items (at 1143 items/min)
2019-11-25 23:53:02 [scrapy.extensions.logstats] INFO: Crawled 10963 pages (at 96 pages/min), scraped 198923 items (at 1219 items/min)
2019-11-25 23:54:02 [scrapy.extensions.logstats] INFO: Crawled 11057 pages (at 94 pages/min), scraped 200268 items (at 1345 items/min)
2019-11-25 23:55:02 [scrapy.extensions.logstats] INFO: Crawled 11152 pages (at 95 pages/min), scraped 201678 items (at 1410 items/min)
2019-11-25 23:56:02 [scrapy.extensions.logstats] INFO: Crawled 11246 pages (at 94 pages/min), scraped 203073 items (at 1395 items/min)
2019-11-25 23:57:02 [scrapy.extensions.logstats] INFO: Crawled 11341 pages (at 95 pages/min), scraped 204432 items (at 1359 items/min)
2019-11-25 23:58:02 [scrapy.extensions.logstats] INFO: Crawled 11436 pages (at 95 pages/min), scraped 205667 items (at 1235 items/min)
2019-11-25 23:59:02 [scrapy.extensions.logstats] INFO: Crawled 11535 pages (at 99 pages/min), scraped 206916 items (at 1249 items/min)
2019-11-26 00:00:02 [scrapy.extensions.logstats] INFO: Crawled 11631 pages (at 96 pages/min), scraped 208244 items (at 1328 items/min)
2019-11-26 00:01:02 [scrapy.extensions.logstats] INFO: Crawled 11728 pages (at 97 pages/min), scraped 209500 items (at 1256 items/min)
2019-11-26 00:02:02 [scrapy.extensions.logstats] INFO: Crawled 11825 pages (at 97 pages/min), scraped 210781 items (at 1281 items/min)
2019-11-26 00:03:02 [scrapy.extensions.logstats] INFO: Crawled 11922 pages (at 97 pages/min), scraped 212021 items (at 1240 items/min)
2019-11-26 00:04:02 [scrapy.extensions.logstats] INFO: Crawled 12019 pages (at 97 pages/min), scraped 213349 items (at 1328 items/min)
2019-11-26 00:05:02 [scrapy.extensions.logstats] INFO: Crawled 12115 pages (at 96 pages/min), scraped 214675 items (at 1326 items/min)
2019-11-26 00:06:02 [scrapy.extensions.logstats] INFO: Crawled 12211 pages (at 96 pages/min), scraped 215981 items (at 1306 items/min)
2019-11-26 00:07:02 [scrapy.extensions.logstats] INFO: Crawled 12309 pages (at 98 pages/min), scraped 217254 items (at 1273 items/min)
2019-11-26 00:08:02 [scrapy.extensions.logstats] INFO: Crawled 12401 pages (at 92 pages/min), scraped 218575 items (at 1321 items/min)
2019-11-26 00:09:02 [scrapy.extensions.logstats] INFO: Crawled 12494 pages (at 93 pages/min), scraped 219955 items (at 1380 items/min)
2019-11-26 00:10:02 [scrapy.extensions.logstats] INFO: Crawled 12590 pages (at 96 pages/min), scraped 221292 items (at 1337 items/min)
2019-11-26 00:11:02 [scrapy.extensions.logstats] INFO: Crawled 12686 pages (at 96 pages/min), scraped 222689 items (at 1397 items/min)
2019-11-26 00:12:02 [scrapy.extensions.logstats] INFO: Crawled 12777 pages (at 91 pages/min), scraped 224205 items (at 1516 items/min)
2019-11-26 00:13:02 [scrapy.extensions.logstats] INFO: Crawled 12871 pages (at 94 pages/min), scraped 225540 items (at 1335 items/min)
2019-11-26 00:14:02 [scrapy.extensions.logstats] INFO: Crawled 12965 pages (at 94 pages/min), scraped 226954 items (at 1414 items/min)
2019-11-26 00:15:02 [scrapy.extensions.logstats] INFO: Crawled 13058 pages (at 93 pages/min), scraped 228369 items (at 1415 items/min)
2019-11-26 00:16:02 [scrapy.extensions.logstats] INFO: Crawled 13151 pages (at 93 pages/min), scraped 229765 items (at 1396 items/min)
2019-11-26 00:17:02 [scrapy.extensions.logstats] INFO: Crawled 13245 pages (at 94 pages/min), scraped 231151 items (at 1386 items/min)
2019-11-26 00:18:02 [scrapy.extensions.logstats] INFO: Crawled 13340 pages (at 95 pages/min), scraped 232546 items (at 1395 items/min)
2019-11-26 00:19:02 [scrapy.extensions.logstats] INFO: Crawled 13434 pages (at 94 pages/min), scraped 233832 items (at 1286 items/min)
2019-11-26 00:20:02 [scrapy.extensions.logstats] INFO: Crawled 13528 pages (at 94 pages/min), scraped 235186 items (at 1354 items/min)
2019-11-26 00:21:02 [scrapy.extensions.logstats] INFO: Crawled 13628 pages (at 100 pages/min), scraped 236344 items (at 1158 items/min)
2019-11-26 00:22:02 [scrapy.extensions.logstats] INFO: Crawled 13723 pages (at 95 pages/min), scraped 237714 items (at 1370 items/min)
2019-11-26 00:23:02 [scrapy.extensions.logstats] INFO: Crawled 13816 pages (at 93 pages/min), scraped 239286 items (at 1572 items/min)
2019-11-26 00:24:02 [scrapy.extensions.logstats] INFO: Crawled 13909 pages (at 93 pages/min), scraped 240869 items (at 1583 items/min)
2019-11-26 00:25:02 [scrapy.extensions.logstats] INFO: Crawled 14004 pages (at 95 pages/min), scraped 242329 items (at 1460 items/min)
2019-11-26 00:26:02 [scrapy.extensions.logstats] INFO: Crawled 14096 pages (at 92 pages/min), scraped 243765 items (at 1436 items/min)
2019-11-26 00:27:02 [scrapy.extensions.logstats] INFO: Crawled 14193 pages (at 97 pages/min), scraped 245109 items (at 1344 items/min)
2019-11-26 00:28:02 [scrapy.extensions.logstats] INFO: Crawled 14285 pages (at 92 pages/min), scraped 246529 items (at 1420 items/min)
2019-11-26 00:29:02 [scrapy.extensions.logstats] INFO: Crawled 14379 pages (at 94 pages/min), scraped 248004 items (at 1475 items/min)
2019-11-26 00:30:02 [scrapy.extensions.logstats] INFO: Crawled 14474 pages (at 95 pages/min), scraped 249496 items (at 1492 items/min)
2019-11-26 00:31:02 [scrapy.extensions.logstats] INFO: Crawled 14568 pages (at 94 pages/min), scraped 251028 items (at 1532 items/min)
2019-11-26 00:32:02 [scrapy.extensions.logstats] INFO: Crawled 14662 pages (at 94 pages/min), scraped 252594 items (at 1566 items/min)
2019-11-26 00:33:02 [scrapy.extensions.logstats] INFO: Crawled 14755 pages (at 93 pages/min), scraped 254170 items (at 1576 items/min)
2019-11-26 00:34:02 [scrapy.extensions.logstats] INFO: Crawled 14851 pages (at 96 pages/min), scraped 255561 items (at 1391 items/min)
2019-11-26 00:35:02 [scrapy.extensions.logstats] INFO: Crawled 14945 pages (at 94 pages/min), scraped 256993 items (at 1432 items/min)
2019-11-26 00:36:02 [scrapy.extensions.logstats] INFO: Crawled 15039 pages (at 94 pages/min), scraped 258481 items (at 1488 items/min)
2019-11-26 00:37:02 [scrapy.extensions.logstats] INFO: Crawled 15131 pages (at 92 pages/min), scraped 260025 items (at 1544 items/min)
2019-11-26 00:38:02 [scrapy.extensions.logstats] INFO: Crawled 15224 pages (at 93 pages/min), scraped 261648 items (at 1623 items/min)
2019-11-26 00:39:02 [scrapy.extensions.logstats] INFO: Crawled 15318 pages (at 94 pages/min), scraped 263205 items (at 1557 items/min)
2019-11-26 00:40:02 [scrapy.extensions.logstats] INFO: Crawled 15412 pages (at 94 pages/min), scraped 264722 items (at 1517 items/min)
2019-11-26 00:41:02 [scrapy.extensions.logstats] INFO: Crawled 15508 pages (at 96 pages/min), scraped 266273 items (at 1551 items/min)
2019-11-26 00:42:02 [scrapy.extensions.logstats] INFO: Crawled 15603 pages (at 95 pages/min), scraped 267773 items (at 1500 items/min)
2019-11-26 00:43:02 [scrapy.extensions.logstats] INFO: Crawled 15698 pages (at 95 pages/min), scraped 269269 items (at 1496 items/min)
2019-11-26 00:44:02 [scrapy.extensions.logstats] INFO: Crawled 15791 pages (at 93 pages/min), scraped 270905 items (at 1636 items/min)
2019-11-26 00:45:02 [scrapy.extensions.logstats] INFO: Crawled 15883 pages (at 92 pages/min), scraped 272407 items (at 1502 items/min)
2019-11-26 00:46:02 [scrapy.extensions.logstats] INFO: Crawled 15976 pages (at 93 pages/min), scraped 273993 items (at 1586 items/min)
2019-11-26 00:47:02 [scrapy.extensions.logstats] INFO: Crawled 16068 pages (at 92 pages/min), scraped 275599 items (at 1606 items/min)
2019-11-26 00:48:02 [scrapy.extensions.logstats] INFO: Crawled 16158 pages (at 90 pages/min), scraped 277154 items (at 1555 items/min)
2019-11-26 00:49:02 [scrapy.extensions.logstats] INFO: Crawled 16252 pages (at 94 pages/min), scraped 278878 items (at 1724 items/min)
2019-11-26 00:50:02 [scrapy.extensions.logstats] INFO: Crawled 16346 pages (at 94 pages/min), scraped 280447 items (at 1569 items/min)
2019-11-26 00:51:02 [scrapy.extensions.logstats] INFO: Crawled 16441 pages (at 95 pages/min), scraped 281927 items (at 1480 items/min)
2019-11-26 00:52:02 [scrapy.extensions.logstats] INFO: Crawled 16536 pages (at 95 pages/min), scraped 283482 items (at 1555 items/min)
2019-11-26 00:53:02 [scrapy.extensions.logstats] INFO: Crawled 16630 pages (at 94 pages/min), scraped 285047 items (at 1565 items/min)
2019-11-26 00:54:02 [scrapy.extensions.logstats] INFO: Crawled 16726 pages (at 96 pages/min), scraped 286557 items (at 1510 items/min)
2019-11-26 00:55:02 [scrapy.extensions.logstats] INFO: Crawled 16821 pages (at 95 pages/min), scraped 288001 items (at 1444 items/min)
2019-11-26 00:56:02 [scrapy.extensions.logstats] INFO: Crawled 16915 pages (at 94 pages/min), scraped 289549 items (at 1548 items/min)
2019-11-26 00:57:02 [scrapy.extensions.logstats] INFO: Crawled 17008 pages (at 93 pages/min), scraped 291084 items (at 1535 items/min)
2019-11-26 00:58:02 [scrapy.extensions.logstats] INFO: Crawled 17101 pages (at 93 pages/min), scraped 292647 items (at 1563 items/min)
2019-11-26 00:59:02 [scrapy.extensions.logstats] INFO: Crawled 17193 pages (at 92 pages/min), scraped 294258 items (at 1611 items/min)
2019-11-26 01:00:02 [scrapy.extensions.logstats] INFO: Crawled 17282 pages (at 89 pages/min), scraped 295944 items (at 1686 items/min)
2019-11-26 01:01:02 [scrapy.extensions.logstats] INFO: Crawled 17372 pages (at 90 pages/min), scraped 297542 items (at 1598 items/min)
2019-11-26 01:02:02 [scrapy.extensions.logstats] INFO: Crawled 17461 pages (at 89 pages/min), scraped 299199 items (at 1657 items/min)
2019-11-26 01:03:02 [scrapy.extensions.logstats] INFO: Crawled 17553 pages (at 92 pages/min), scraped 300848 items (at 1649 items/min)
2019-11-26 01:04:02 [scrapy.extensions.logstats] INFO: Crawled 17645 pages (at 92 pages/min), scraped 302523 items (at 1675 items/min)
2019-11-26 01:05:02 [scrapy.extensions.logstats] INFO: Crawled 17737 pages (at 92 pages/min), scraped 304182 items (at 1659 items/min)
2019-11-26 01:06:02 [scrapy.extensions.logstats] INFO: Crawled 17834 pages (at 97 pages/min), scraped 305643 items (at 1461 items/min)
2019-11-26 01:07:02 [scrapy.extensions.logstats] INFO: Crawled 17930 pages (at 96 pages/min), scraped 307064 items (at 1421 items/min)
2019-11-26 01:08:02 [scrapy.extensions.logstats] INFO: Crawled 18023 pages (at 93 pages/min), scraped 308552 items (at 1488 items/min)
2019-11-26 01:09:02 [scrapy.extensions.logstats] INFO: Crawled 18117 pages (at 94 pages/min), scraped 310028 items (at 1476 items/min)
2019-11-26 01:10:02 [scrapy.extensions.logstats] INFO: Crawled 18212 pages (at 95 pages/min), scraped 311486 items (at 1458 items/min)
2019-11-26 01:11:02 [scrapy.extensions.logstats] INFO: Crawled 18309 pages (at 97 pages/min), scraped 312933 items (at 1447 items/min)
2019-11-26 01:12:02 [scrapy.extensions.logstats] INFO: Crawled 18404 pages (at 95 pages/min), scraped 314441 items (at 1508 items/min)
2019-11-26 01:13:02 [scrapy.extensions.logstats] INFO: Crawled 18498 pages (at 94 pages/min), scraped 315933 items (at 1492 items/min)
2019-11-26 01:14:02 [scrapy.extensions.logstats] INFO: Crawled 18594 pages (at 96 pages/min), scraped 317431 items (at 1498 items/min)
2019-11-26 01:15:02 [scrapy.extensions.logstats] INFO: Crawled 18689 pages (at 95 pages/min), scraped 318918 items (at 1487 items/min)
2019-11-26 01:16:02 [scrapy.extensions.logstats] INFO: Crawled 18781 pages (at 92 pages/min), scraped 320524 items (at 1606 items/min)
2019-11-26 01:17:02 [scrapy.extensions.logstats] INFO: Crawled 18875 pages (at 94 pages/min), scraped 322211 items (at 1687 items/min)
2019-11-26 01:18:02 [scrapy.extensions.logstats] INFO: Crawled 18965 pages (at 90 pages/min), scraped 323851 items (at 1640 items/min)
2019-11-26 01:19:02 [scrapy.extensions.logstats] INFO: Crawled 19058 pages (at 93 pages/min), scraped 325552 items (at 1701 items/min)
2019-11-26 01:20:02 [scrapy.extensions.logstats] INFO: Crawled 19152 pages (at 94 pages/min), scraped 327209 items (at 1657 items/min)
2019-11-26 01:21:02 [scrapy.extensions.logstats] INFO: Crawled 19246 pages (at 94 pages/min), scraped 328940 items (at 1731 items/min)
2019-11-26 01:22:02 [scrapy.extensions.logstats] INFO: Crawled 19339 pages (at 93 pages/min), scraped 330629 items (at 1689 items/min)
2019-11-26 01:23:02 [scrapy.extensions.logstats] INFO: Crawled 19432 pages (at 93 pages/min), scraped 332304 items (at 1675 items/min)
2019-11-26 01:24:02 [scrapy.extensions.logstats] INFO: Crawled 19526 pages (at 94 pages/min), scraped 333965 items (at 1661 items/min)
2019-11-26 01:25:02 [scrapy.extensions.logstats] INFO: Crawled 19618 pages (at 92 pages/min), scraped 335722 items (at 1757 items/min)
2019-11-26 01:26:02 [scrapy.extensions.logstats] INFO: Crawled 19710 pages (at 92 pages/min), scraped 337429 items (at 1707 items/min)
2019-11-26 01:27:02 [scrapy.extensions.logstats] INFO: Crawled 19801 pages (at 91 pages/min), scraped 339184 items (at 1755 items/min)
2019-11-26 01:28:02 [scrapy.extensions.logstats] INFO: Crawled 19892 pages (at 91 pages/min), scraped 340908 items (at 1724 items/min)
2019-11-26 01:29:02 [scrapy.extensions.logstats] INFO: Crawled 19983 pages (at 91 pages/min), scraped 342718 items (at 1810 items/min)
2019-11-26 01:30:02 [scrapy.extensions.logstats] INFO: Crawled 20076 pages (at 93 pages/min), scraped 344526 items (at 1808 items/min)
2019-11-26 01:31:02 [scrapy.extensions.logstats] INFO: Crawled 20167 pages (at 91 pages/min), scraped 346269 items (at 1743 items/min)
2019-11-26 01:32:02 [scrapy.extensions.logstats] INFO: Crawled 20260 pages (at 93 pages/min), scraped 348008 items (at 1739 items/min)
2019-11-26 01:33:02 [scrapy.extensions.logstats] INFO: Crawled 20355 pages (at 95 pages/min), scraped 349643 items (at 1635 items/min)
2019-11-26 01:34:02 [scrapy.extensions.logstats] INFO: Crawled 20448 pages (at 93 pages/min), scraped 351405 items (at 1762 items/min)
2019-11-26 01:35:02 [scrapy.extensions.logstats] INFO: Crawled 20546 pages (at 98 pages/min), scraped 352780 items (at 1375 items/min)
2019-11-26 01:36:02 [scrapy.extensions.logstats] INFO: Crawled 20640 pages (at 94 pages/min), scraped 354415 items (at 1635 items/min)
2019-11-26 01:37:02 [scrapy.extensions.logstats] INFO: Crawled 20733 pages (at 93 pages/min), scraped 356198 items (at 1783 items/min)
2019-11-26 01:38:02 [scrapy.extensions.logstats] INFO: Crawled 20827 pages (at 94 pages/min), scraped 357837 items (at 1639 items/min)
2019-11-26 01:39:02 [scrapy.extensions.logstats] INFO: Crawled 20920 pages (at 93 pages/min), scraped 359612 items (at 1775 items/min)
2019-11-26 01:40:02 [scrapy.extensions.logstats] INFO: Crawled 21013 pages (at 93 pages/min), scraped 361375 items (at 1763 items/min)
2019-11-26 01:41:02 [scrapy.extensions.logstats] INFO: Crawled 21104 pages (at 91 pages/min), scraped 363134 items (at 1759 items/min)
2019-11-26 01:42:02 [scrapy.extensions.logstats] INFO: Crawled 21196 pages (at 92 pages/min), scraped 364940 items (at 1806 items/min)
2019-11-26 01:43:02 [scrapy.extensions.logstats] INFO: Crawled 21289 pages (at 93 pages/min), scraped 366709 items (at 1769 items/min)
2019-11-26 01:44:02 [scrapy.extensions.logstats] INFO: Crawled 21381 pages (at 92 pages/min), scraped 368432 items (at 1723 items/min)
2019-11-26 01:45:02 [scrapy.extensions.logstats] INFO: Crawled 21475 pages (at 94 pages/min), scraped 370211 items (at 1779 items/min)
2019-11-26 01:46:02 [scrapy.extensions.logstats] INFO: Crawled 21566 pages (at 91 pages/min), scraped 372010 items (at 1799 items/min)
2019-11-26 01:47:02 [scrapy.extensions.logstats] INFO: Crawled 21659 pages (at 93 pages/min), scraped 373782 items (at 1772 items/min)
2019-11-26 01:48:02 [scrapy.extensions.logstats] INFO: Crawled 21750 pages (at 91 pages/min), scraped 375527 items (at 1745 items/min)
2019-11-26 01:49:02 [scrapy.extensions.logstats] INFO: Crawled 21842 pages (at 92 pages/min), scraped 377303 items (at 1776 items/min)
2019-11-26 01:50:02 [scrapy.extensions.logstats] INFO: Crawled 21935 pages (at 93 pages/min), scraped 379068 items (at 1765 items/min)
2019-11-26 01:51:02 [scrapy.extensions.logstats] INFO: Crawled 22027 pages (at 92 pages/min), scraped 380849 items (at 1781 items/min)
2019-11-26 01:52:02 [scrapy.extensions.logstats] INFO: Crawled 22120 pages (at 93 pages/min), scraped 382608 items (at 1759 items/min)
2019-11-26 01:53:02 [scrapy.extensions.logstats] INFO: Crawled 22213 pages (at 93 pages/min), scraped 384357 items (at 1749 items/min)
2019-11-26 01:54:02 [scrapy.extensions.logstats] INFO: Crawled 22307 pages (at 94 pages/min), scraped 386158 items (at 1801 items/min)
2019-11-26 01:55:02 [scrapy.extensions.logstats] INFO: Crawled 22399 pages (at 92 pages/min), scraped 387927 items (at 1769 items/min)
2019-11-26 01:56:02 [scrapy.extensions.logstats] INFO: Crawled 22493 pages (at 94 pages/min), scraped 389726 items (at 1799 items/min)
2019-11-26 01:57:02 [scrapy.extensions.logstats] INFO: Crawled 22584 pages (at 91 pages/min), scraped 391489 items (at 1763 items/min)
2019-11-26 01:58:02 [scrapy.extensions.logstats] INFO: Crawled 22679 pages (at 95 pages/min), scraped 393201 items (at 1712 items/min)
2019-11-26 01:59:02 [scrapy.extensions.logstats] INFO: Crawled 22769 pages (at 90 pages/min), scraped 394954 items (at 1753 items/min)
2019-11-26 02:00:02 [scrapy.extensions.logstats] INFO: Crawled 22861 pages (at 92 pages/min), scraped 396754 items (at 1800 items/min)
2019-11-26 02:01:02 [scrapy.extensions.logstats] INFO: Crawled 22952 pages (at 91 pages/min), scraped 398546 items (at 1792 items/min)
2019-11-26 02:02:02 [scrapy.extensions.logstats] INFO: Crawled 23044 pages (at 92 pages/min), scraped 400349 items (at 1803 items/min)
2019-11-26 02:03:02 [scrapy.extensions.logstats] INFO: Crawled 23135 pages (at 91 pages/min), scraped 402164 items (at 1815 items/min)
2019-11-26 02:04:02 [scrapy.extensions.logstats] INFO: Crawled 23227 pages (at 92 pages/min), scraped 404024 items (at 1860 items/min)
2019-11-26 02:05:02 [scrapy.extensions.logstats] INFO: Crawled 23319 pages (at 92 pages/min), scraped 405834 items (at 1810 items/min)
2019-11-26 02:06:02 [scrapy.extensions.logstats] INFO: Crawled 23412 pages (at 93 pages/min), scraped 407605 items (at 1771 items/min)
2019-11-26 02:07:02 [scrapy.extensions.logstats] INFO: Crawled 23506 pages (at 94 pages/min), scraped 409485 items (at 1880 items/min)
2019-11-26 02:08:02 [scrapy.extensions.logstats] INFO: Crawled 23599 pages (at 93 pages/min), scraped 411345 items (at 1860 items/min)
2019-11-26 02:09:02 [scrapy.extensions.logstats] INFO: Crawled 23690 pages (at 91 pages/min), scraped 413141 items (at 1796 items/min)
2019-11-26 02:10:02 [scrapy.extensions.logstats] INFO: Crawled 23782 pages (at 92 pages/min), scraped 415001 items (at 1860 items/min)
2019-11-26 02:11:02 [scrapy.extensions.logstats] INFO: Crawled 23874 pages (at 92 pages/min), scraped 416841 items (at 1840 items/min)
2019-11-26 02:12:02 [scrapy.extensions.logstats] INFO: Crawled 23966 pages (at 92 pages/min), scraped 418681 items (at 1840 items/min)
2019-11-26 02:13:02 [scrapy.extensions.logstats] INFO: Crawled 24059 pages (at 93 pages/min), scraped 420541 items (at 1860 items/min)
2019-11-26 02:14:02 [scrapy.extensions.logstats] INFO: Crawled 24152 pages (at 93 pages/min), scraped 422401 items (at 1860 items/min)
2019-11-26 02:15:02 [scrapy.extensions.logstats] INFO: Crawled 24245 pages (at 93 pages/min), scraped 424261 items (at 1860 items/min)
2019-11-26 02:16:02 [scrapy.extensions.logstats] INFO: Crawled 24337 pages (at 92 pages/min), scraped 426090 items (at 1829 items/min)
2019-11-26 02:17:02 [scrapy.extensions.logstats] INFO: Crawled 24426 pages (at 89 pages/min), scraped 427870 items (at 1780 items/min)
2019-11-26 02:18:02 [scrapy.extensions.logstats] INFO: Crawled 24516 pages (at 90 pages/min), scraped 429670 items (at 1800 items/min)
2019-11-26 02:19:02 [scrapy.extensions.logstats] INFO: Crawled 24608 pages (at 92 pages/min), scraped 431510 items (at 1840 items/min)
2019-11-26 02:20:02 [scrapy.extensions.logstats] INFO: Crawled 24700 pages (at 92 pages/min), scraped 433350 items (at 1840 items/min)
2019-11-26 02:21:02 [scrapy.extensions.logstats] INFO: Crawled 24794 pages (at 94 pages/min), scraped 435230 items (at 1880 items/min)
2019-11-26 02:22:02 [scrapy.extensions.logstats] INFO: Crawled 24888 pages (at 94 pages/min), scraped 437110 items (at 1880 items/min)
2019-11-26 02:23:02 [scrapy.extensions.logstats] INFO: Crawled 24980 pages (at 92 pages/min), scraped 438950 items (at 1840 items/min)
2019-11-26 02:24:02 [scrapy.extensions.logstats] INFO: Crawled 25073 pages (at 93 pages/min), scraped 440810 items (at 1860 items/min)
2019-11-26 02:25:02 [scrapy.extensions.logstats] INFO: Crawled 25166 pages (at 93 pages/min), scraped 442670 items (at 1860 items/min)
2019-11-26 02:26:02 [scrapy.extensions.logstats] INFO: Crawled 25259 pages (at 93 pages/min), scraped 444530 items (at 1860 items/min)
2019-11-26 02:27:02 [scrapy.extensions.logstats] INFO: Crawled 25351 pages (at 92 pages/min), scraped 446370 items (at 1840 items/min)
2019-11-26 02:28:02 [scrapy.extensions.logstats] INFO: Crawled 25442 pages (at 91 pages/min), scraped 448190 items (at 1820 items/min)
2019-11-26 02:29:02 [scrapy.extensions.logstats] INFO: Crawled 25536 pages (at 94 pages/min), scraped 450070 items (at 1880 items/min)
2019-11-26 02:30:02 [scrapy.extensions.logstats] INFO: Crawled 25630 pages (at 94 pages/min), scraped 451930 items (at 1860 items/min)
2019-11-26 02:31:02 [scrapy.extensions.logstats] INFO: Crawled 25722 pages (at 92 pages/min), scraped 453775 items (at 1845 items/min)
2019-11-26 02:32:02 [scrapy.extensions.logstats] INFO: Crawled 25815 pages (at 93 pages/min), scraped 455650 items (at 1875 items/min)
2019-11-26 02:33:02 [scrapy.extensions.logstats] INFO: Crawled 25908 pages (at 93 pages/min), scraped 457510 items (at 1860 items/min)
2019-11-26 02:34:02 [scrapy.extensions.logstats] INFO: Crawled 26000 pages (at 92 pages/min), scraped 459350 items (at 1840 items/min)
2019-11-26 02:35:02 [scrapy.extensions.logstats] INFO: Crawled 26093 pages (at 93 pages/min), scraped 461210 items (at 1860 items/min)
2019-11-26 02:36:02 [scrapy.extensions.logstats] INFO: Crawled 26184 pages (at 91 pages/min), scraped 463030 items (at 1820 items/min)
2019-11-26 02:37:02 [scrapy.extensions.logstats] INFO: Crawled 26276 pages (at 92 pages/min), scraped 464850 items (at 1820 items/min)
2019-11-26 02:38:02 [scrapy.extensions.logstats] INFO: Crawled 26367 pages (at 91 pages/min), scraped 466689 items (at 1839 items/min)
2019-11-26 02:39:02 [scrapy.extensions.logstats] INFO: Crawled 26460 pages (at 93 pages/min), scraped 468549 items (at 1860 items/min)
2019-11-26 02:40:02 [scrapy.extensions.logstats] INFO: Crawled 26554 pages (at 94 pages/min), scraped 470414 items (at 1865 items/min)
2019-11-26 02:41:02 [scrapy.extensions.logstats] INFO: Crawled 26646 pages (at 92 pages/min), scraped 472269 items (at 1855 items/min)
2019-11-26 02:42:02 [scrapy.extensions.logstats] INFO: Crawled 26739 pages (at 93 pages/min), scraped 474129 items (at 1860 items/min)
2019-11-26 02:43:02 [scrapy.extensions.logstats] INFO: Crawled 26833 pages (at 94 pages/min), scraped 475989 items (at 1860 items/min)
2019-11-26 02:44:02 [scrapy.extensions.logstats] INFO: Crawled 26926 pages (at 93 pages/min), scraped 477849 items (at 1860 items/min)
2019-11-26 02:45:02 [scrapy.extensions.logstats] INFO: Crawled 27019 pages (at 93 pages/min), scraped 479718 items (at 1869 items/min)
2019-11-26 02:46:02 [scrapy.extensions.logstats] INFO: Crawled 27112 pages (at 93 pages/min), scraped 481586 items (at 1868 items/min)
2019-11-26 02:47:02 [scrapy.extensions.logstats] INFO: Crawled 27205 pages (at 93 pages/min), scraped 483428 items (at 1842 items/min)
2019-11-26 02:48:02 [scrapy.extensions.logstats] INFO: Crawled 27295 pages (at 90 pages/min), scraped 485228 items (at 1800 items/min)
2019-11-26 02:49:02 [scrapy.extensions.logstats] INFO: Crawled 27387 pages (at 92 pages/min), scraped 487059 items (at 1831 items/min)
2019-11-26 02:50:02 [scrapy.extensions.logstats] INFO: Crawled 27480 pages (at 93 pages/min), scraped 488898 items (at 1839 items/min)
2019-11-26 02:51:02 [scrapy.extensions.logstats] INFO: Crawled 27572 pages (at 92 pages/min), scraped 490738 items (at 1840 items/min)
2019-11-26 02:52:02 [scrapy.extensions.logstats] INFO: Crawled 27664 pages (at 92 pages/min), scraped 492598 items (at 1860 items/min)
2019-11-26 02:53:02 [scrapy.extensions.logstats] INFO: Crawled 27757 pages (at 93 pages/min), scraped 494438 items (at 1840 items/min)
2019-11-26 02:54:02 [scrapy.extensions.logstats] INFO: Crawled 27849 pages (at 92 pages/min), scraped 496278 items (at 1840 items/min)
2019-11-26 02:55:02 [scrapy.extensions.logstats] INFO: Crawled 27938 pages (at 89 pages/min), scraped 498076 items (at 1798 items/min)
2019-11-26 02:56:02 [scrapy.extensions.logstats] INFO: Crawled 28031 pages (at 93 pages/min), scraped 499916 items (at 1840 items/min)
2019-11-26 02:57:02 [scrapy.extensions.logstats] INFO: Crawled 28123 pages (at 92 pages/min), scraped 501776 items (at 1860 items/min)
2019-11-26 02:58:02 [scrapy.extensions.logstats] INFO: Crawled 28214 pages (at 91 pages/min), scraped 503596 items (at 1820 items/min)
2019-11-26 02:59:02 [scrapy.extensions.logstats] INFO: Crawled 28307 pages (at 93 pages/min), scraped 505456 items (at 1860 items/min)
2019-11-26 03:00:02 [scrapy.extensions.logstats] INFO: Crawled 28400 pages (at 93 pages/min), scraped 507315 items (at 1859 items/min)
2019-11-26 03:01:02 [scrapy.extensions.logstats] INFO: Crawled 28493 pages (at 93 pages/min), scraped 509151 items (at 1836 items/min)
2019-11-26 03:02:02 [scrapy.extensions.logstats] INFO: Crawled 28587 pages (at 94 pages/min), scraped 511020 items (at 1869 items/min)
2019-11-26 03:03:02 [scrapy.extensions.logstats] INFO: Crawled 28680 pages (at 93 pages/min), scraped 512871 items (at 1851 items/min)
2019-11-26 03:04:02 [scrapy.extensions.logstats] INFO: Crawled 28775 pages (at 95 pages/min), scraped 514738 items (at 1867 items/min)
2019-11-26 03:05:02 [scrapy.extensions.logstats] INFO: Crawled 28870 pages (at 95 pages/min), scraped 516586 items (at 1848 items/min)
2019-11-26 03:06:02 [scrapy.extensions.logstats] INFO: Crawled 28965 pages (at 95 pages/min), scraped 518483 items (at 1897 items/min)
2019-11-26 03:07:02 [scrapy.extensions.logstats] INFO: Crawled 29057 pages (at 92 pages/min), scraped 520325 items (at 1842 items/min)
2019-11-26 03:08:02 [scrapy.extensions.logstats] INFO: Crawled 29145 pages (at 88 pages/min), scraped 522056 items (at 1731 items/min)
2019-11-26 03:09:02 [scrapy.extensions.logstats] INFO: Crawled 29240 pages (at 95 pages/min), scraped 523970 items (at 1914 items/min)
2019-11-26 03:10:02 [scrapy.extensions.logstats] INFO: Crawled 29334 pages (at 94 pages/min), scraped 525855 items (at 1885 items/min)
2019-11-26 03:11:02 [scrapy.extensions.logstats] INFO: Crawled 29426 pages (at 92 pages/min), scraped 527695 items (at 1840 items/min)
2019-11-26 03:12:02 [scrapy.extensions.logstats] INFO: Crawled 29518 pages (at 92 pages/min), scraped 529535 items (at 1840 items/min)
2019-11-26 03:13:02 [scrapy.extensions.logstats] INFO: Crawled 29610 pages (at 92 pages/min), scraped 531372 items (at 1837 items/min)
2019-11-26 03:14:02 [scrapy.extensions.logstats] INFO: Crawled 29703 pages (at 93 pages/min), scraped 533232 items (at 1860 items/min)
2019-11-26 03:15:02 [scrapy.extensions.logstats] INFO: Crawled 29797 pages (at 94 pages/min), scraped 535112 items (at 1880 items/min)
2019-11-26 03:16:02 [scrapy.extensions.logstats] INFO: Crawled 29891 pages (at 94 pages/min), scraped 536987 items (at 1875 items/min)
2019-11-26 03:17:02 [scrapy.extensions.logstats] INFO: Crawled 29985 pages (at 94 pages/min), scraped 538847 items (at 1860 items/min)
2019-11-26 03:18:02 [scrapy.extensions.logstats] INFO: Crawled 30077 pages (at 92 pages/min), scraped 540707 items (at 1860 items/min)
2019-11-26 03:19:02 [scrapy.extensions.logstats] INFO: Crawled 30169 pages (at 92 pages/min), scraped 542527 items (at 1820 items/min)
2019-11-26 03:20:02 [scrapy.extensions.logstats] INFO: Crawled 30263 pages (at 94 pages/min), scraped 544407 items (at 1880 items/min)
2019-11-26 03:21:02 [scrapy.extensions.logstats] INFO: Crawled 30356 pages (at 93 pages/min), scraped 546286 items (at 1879 items/min)
2019-11-26 03:22:02 [scrapy.extensions.logstats] INFO: Crawled 30451 pages (at 95 pages/min), scraped 548174 items (at 1888 items/min)
2019-11-26 03:23:02 [scrapy.extensions.logstats] INFO: Crawled 30543 pages (at 92 pages/min), scraped 550019 items (at 1845 items/min)
2019-11-26 03:24:02 [scrapy.extensions.logstats] INFO: Crawled 30633 pages (at 90 pages/min), scraped 551816 items (at 1797 items/min)
2019-11-26 03:25:02 [scrapy.extensions.logstats] INFO: Crawled 30724 pages (at 91 pages/min), scraped 553616 items (at 1800 items/min)
2019-11-26 03:26:02 [scrapy.extensions.logstats] INFO: Crawled 30816 pages (at 92 pages/min), scraped 555474 items (at 1858 items/min)
2019-11-26 03:27:02 [scrapy.extensions.logstats] INFO: Crawled 30909 pages (at 93 pages/min), scraped 557334 items (at 1860 items/min)
2019-11-26 03:28:02 [scrapy.extensions.logstats] INFO: Crawled 31005 pages (at 96 pages/min), scraped 559250 items (at 1916 items/min)
2019-11-26 03:29:02 [scrapy.extensions.logstats] INFO: Crawled 31096 pages (at 91 pages/min), scraped 561069 items (at 1819 items/min)
2019-11-26 03:30:02 [scrapy.extensions.logstats] INFO: Crawled 31188 pages (at 92 pages/min), scraped 562909 items (at 1840 items/min)
2019-11-26 03:31:02 [scrapy.extensions.logstats] INFO: Crawled 31280 pages (at 92 pages/min), scraped 564749 items (at 1840 items/min)
2019-11-26 03:32:02 [scrapy.extensions.logstats] INFO: Crawled 31372 pages (at 92 pages/min), scraped 566589 items (at 1840 items/min)
2019-11-26 03:33:02 [scrapy.extensions.logstats] INFO: Crawled 31465 pages (at 93 pages/min), scraped 568449 items (at 1860 items/min)
2019-11-26 03:34:02 [scrapy.extensions.logstats] INFO: Crawled 31560 pages (at 95 pages/min), scraped 570329 items (at 1880 items/min)
2019-11-26 03:35:02 [scrapy.extensions.logstats] INFO: Crawled 31653 pages (at 93 pages/min), scraped 572209 items (at 1880 items/min)
2019-11-26 03:36:02 [scrapy.extensions.logstats] INFO: Crawled 31746 pages (at 93 pages/min), scraped 574049 items (at 1840 items/min)
2019-11-26 03:37:02 [scrapy.extensions.logstats] INFO: Crawled 31839 pages (at 93 pages/min), scraped 575929 items (at 1880 items/min)
2019-11-26 03:38:02 [scrapy.extensions.logstats] INFO: Crawled 31931 pages (at 92 pages/min), scraped 577729 items (at 1800 items/min)
2019-11-26 03:39:02 [scrapy.extensions.logstats] INFO: Crawled 32026 pages (at 95 pages/min), scraped 579544 items (at 1815 items/min)
2019-11-26 03:40:02 [scrapy.extensions.logstats] INFO: Crawled 32118 pages (at 92 pages/min), scraped 581404 items (at 1860 items/min)
2019-11-26 03:41:02 [scrapy.extensions.logstats] INFO: Crawled 32210 pages (at 92 pages/min), scraped 583244 items (at 1840 items/min)
2019-11-26 03:42:02 [scrapy.extensions.logstats] INFO: Crawled 32305 pages (at 95 pages/min), scraped 585144 items (at 1900 items/min)
2019-11-26 03:43:02 [scrapy.extensions.logstats] INFO: Crawled 32398 pages (at 93 pages/min), scraped 587004 items (at 1860 items/min)
2019-11-26 03:44:02 [scrapy.extensions.logstats] INFO: Crawled 32487 pages (at 89 pages/min), scraped 588784 items (at 1780 items/min)
2019-11-26 03:45:02 [scrapy.extensions.logstats] INFO: Crawled 32579 pages (at 92 pages/min), scraped 590624 items (at 1840 items/min)
2019-11-26 03:46:02 [scrapy.extensions.logstats] INFO: Crawled 32673 pages (at 94 pages/min), scraped 592504 items (at 1880 items/min)
2019-11-26 03:47:02 [scrapy.extensions.logstats] INFO: Crawled 32769 pages (at 96 pages/min), scraped 594424 items (at 1920 items/min)
2019-11-26 03:48:02 [scrapy.extensions.logstats] INFO: Crawled 32860 pages (at 91 pages/min), scraped 596223 items (at 1799 items/min)
2019-11-26 03:49:02 [scrapy.extensions.logstats] INFO: Crawled 32954 pages (at 94 pages/min), scraped 598121 items (at 1898 items/min)
2019-11-26 03:50:02 [scrapy.extensions.logstats] INFO: Crawled 33047 pages (at 93 pages/min), scraped 599967 items (at 1846 items/min)
2019-11-26 03:51:02 [scrapy.extensions.logstats] INFO: Crawled 33140 pages (at 93 pages/min), scraped 601838 items (at 1871 items/min)
2019-11-26 03:52:02 [scrapy.extensions.logstats] INFO: Crawled 33232 pages (at 92 pages/min), scraped 603678 items (at 1840 items/min)
2019-11-26 03:53:02 [scrapy.extensions.logstats] INFO: Crawled 33325 pages (at 93 pages/min), scraped 605538 items (at 1860 items/min)
2019-11-26 03:54:02 [scrapy.extensions.logstats] INFO: Crawled 33418 pages (at 93 pages/min), scraped 607395 items (at 1857 items/min)
2019-11-26 03:55:02 [scrapy.extensions.logstats] INFO: Crawled 33512 pages (at 94 pages/min), scraped 609273 items (at 1878 items/min)
2019-11-26 03:56:02 [scrapy.extensions.logstats] INFO: Crawled 33603 pages (at 91 pages/min), scraped 611093 items (at 1820 items/min)
2019-11-26 03:57:02 [scrapy.extensions.logstats] INFO: Crawled 33694 pages (at 91 pages/min), scraped 612888 items (at 1795 items/min)
2019-11-26 03:58:02 [scrapy.extensions.logstats] INFO: Crawled 33786 pages (at 92 pages/min), scraped 614739 items (at 1851 items/min)
2019-11-26 03:59:02 [scrapy.extensions.logstats] INFO: Crawled 33878 pages (at 92 pages/min), scraped 616586 items (at 1847 items/min)
2019-11-26 04:00:02 [scrapy.extensions.logstats] INFO: Crawled 33973 pages (at 95 pages/min), scraped 618465 items (at 1879 items/min)
2019-11-26 04:01:02 [scrapy.extensions.logstats] INFO: Crawled 34066 pages (at 93 pages/min), scraped 620345 items (at 1880 items/min)
2019-11-26 04:02:02 [scrapy.extensions.logstats] INFO: Crawled 34159 pages (at 93 pages/min), scraped 622184 items (at 1839 items/min)
2019-11-26 04:03:02 [scrapy.extensions.logstats] INFO: Crawled 34252 pages (at 93 pages/min), scraped 624063 items (at 1879 items/min)
2019-11-26 04:04:02 [scrapy.extensions.logstats] INFO: Crawled 34347 pages (at 95 pages/min), scraped 625960 items (at 1897 items/min)
2019-11-26 04:05:02 [scrapy.extensions.logstats] INFO: Crawled 34441 pages (at 94 pages/min), scraped 627839 items (at 1879 items/min)
2019-11-26 04:06:02 [scrapy.extensions.logstats] INFO: Crawled 34538 pages (at 97 pages/min), scraped 629759 items (at 1920 items/min)
2019-11-26 04:07:02 [scrapy.extensions.logstats] INFO: Crawled 34634 pages (at 96 pages/min), scraped 631699 items (at 1940 items/min)
2019-11-26 04:08:02 [scrapy.extensions.logstats] INFO: Crawled 34726 pages (at 92 pages/min), scraped 633539 items (at 1840 items/min)
2019-11-26 04:09:02 [scrapy.extensions.logstats] INFO: Crawled 34820 pages (at 94 pages/min), scraped 635404 items (at 1865 items/min)
2019-11-26 04:10:02 [scrapy.extensions.logstats] INFO: Crawled 34915 pages (at 95 pages/min), scraped 637304 items (at 1900 items/min)
2019-11-26 04:11:02 [scrapy.extensions.logstats] INFO: Crawled 35010 pages (at 95 pages/min), scraped 639204 items (at 1900 items/min)
2019-11-26 04:12:02 [scrapy.extensions.logstats] INFO: Crawled 35105 pages (at 95 pages/min), scraped 641084 items (at 1880 items/min)
2019-11-26 04:13:02 [scrapy.extensions.logstats] INFO: Crawled 35199 pages (at 94 pages/min), scraped 642984 items (at 1900 items/min)
2019-11-26 04:14:02 [scrapy.extensions.logstats] INFO: Crawled 35295 pages (at 96 pages/min), scraped 644885 items (at 1901 items/min)
2019-11-26 04:15:02 [scrapy.extensions.logstats] INFO: Crawled 35391 pages (at 96 pages/min), scraped 646824 items (at 1939 items/min)
2019-11-26 04:16:02 [scrapy.extensions.logstats] INFO: Crawled 35487 pages (at 96 pages/min), scraped 648742 items (at 1918 items/min)
2019-11-26 04:17:02 [scrapy.extensions.logstats] INFO: Crawled 35584 pages (at 97 pages/min), scraped 650681 items (at 1939 items/min)
2019-11-26 04:18:02 [scrapy.extensions.logstats] INFO: Crawled 35679 pages (at 95 pages/min), scraped 652581 items (at 1900 items/min)
2019-11-26 04:19:02 [scrapy.extensions.logstats] INFO: Crawled 35775 pages (at 96 pages/min), scraped 654501 items (at 1920 items/min)
2019-11-26 04:20:02 [scrapy.extensions.logstats] INFO: Crawled 35870 pages (at 95 pages/min), scraped 656401 items (at 1900 items/min)
2019-11-26 04:21:02 [scrapy.extensions.logstats] INFO: Crawled 35966 pages (at 96 pages/min), scraped 658321 items (at 1920 items/min)
2019-11-26 04:22:02 [scrapy.extensions.logstats] INFO: Crawled 36061 pages (at 95 pages/min), scraped 660213 items (at 1892 items/min)
2019-11-26 04:23:02 [scrapy.extensions.logstats] INFO: Crawled 36156 pages (at 95 pages/min), scraped 662114 items (at 1901 items/min)
2019-11-26 04:24:02 [scrapy.extensions.logstats] INFO: Crawled 36253 pages (at 97 pages/min), scraped 664054 items (at 1940 items/min)
2019-11-26 04:25:02 [scrapy.extensions.logstats] INFO: Crawled 36351 pages (at 98 pages/min), scraped 666014 items (at 1960 items/min)
2019-11-26 04:26:02 [scrapy.extensions.logstats] INFO: Crawled 36447 pages (at 96 pages/min), scraped 667934 items (at 1920 items/min)
2019-11-26 04:27:02 [scrapy.extensions.logstats] INFO: Crawled 36541 pages (at 94 pages/min), scraped 669814 items (at 1880 items/min)
2019-11-26 04:28:02 [scrapy.extensions.logstats] INFO: Crawled 36634 pages (at 93 pages/min), scraped 671674 items (at 1860 items/min)
2019-11-26 04:29:02 [scrapy.extensions.logstats] INFO: Crawled 36730 pages (at 96 pages/min), scraped 673574 items (at 1900 items/min)
2019-11-26 04:30:02 [scrapy.extensions.logstats] INFO: Crawled 36825 pages (at 95 pages/min), scraped 675491 items (at 1917 items/min)
2019-11-26 04:31:02 [scrapy.extensions.logstats] INFO: Crawled 36921 pages (at 96 pages/min), scraped 677405 items (at 1914 items/min)
2019-11-26 04:32:02 [scrapy.extensions.logstats] INFO: Crawled 37016 pages (at 95 pages/min), scraped 679294 items (at 1889 items/min)
2019-11-26 04:33:02 [scrapy.extensions.logstats] INFO: Crawled 37108 pages (at 92 pages/min), scraped 681154 items (at 1860 items/min)
2019-11-26 04:34:02 [scrapy.extensions.logstats] INFO: Crawled 37203 pages (at 95 pages/min), scraped 683034 items (at 1880 items/min)
2019-11-26 04:35:02 [scrapy.extensions.logstats] INFO: Crawled 37295 pages (at 92 pages/min), scraped 684894 items (at 1860 items/min)
2019-11-26 04:36:02 [scrapy.extensions.logstats] INFO: Crawled 37388 pages (at 93 pages/min), scraped 686754 items (at 1860 items/min)
2019-11-26 04:37:02 [scrapy.extensions.logstats] INFO: Crawled 37481 pages (at 93 pages/min), scraped 688614 items (at 1860 items/min)
2019-11-26 04:38:02 [scrapy.extensions.logstats] INFO: Crawled 37575 pages (at 94 pages/min), scraped 690489 items (at 1875 items/min)
2019-11-26 04:39:02 [scrapy.extensions.logstats] INFO: Crawled 37671 pages (at 96 pages/min), scraped 692409 items (at 1920 items/min)
2019-11-26 04:40:02 [scrapy.extensions.logstats] INFO: Crawled 37766 pages (at 95 pages/min), scraped 694309 items (at 1900 items/min)
2019-11-26 04:41:02 [scrapy.extensions.logstats] INFO: Crawled 37860 pages (at 94 pages/min), scraped 696187 items (at 1878 items/min)
2019-11-26 04:42:02 [scrapy.extensions.logstats] INFO: Crawled 37956 pages (at 96 pages/min), scraped 698107 items (at 1920 items/min)
2019-11-26 04:43:02 [scrapy.extensions.logstats] INFO: Crawled 38051 pages (at 95 pages/min), scraped 699983 items (at 1876 items/min)
2019-11-26 04:44:02 [scrapy.extensions.logstats] INFO: Crawled 38148 pages (at 97 pages/min), scraped 701923 items (at 1940 items/min)
2019-11-26 04:45:02 [scrapy.extensions.logstats] INFO: Crawled 38244 pages (at 96 pages/min), scraped 703824 items (at 1901 items/min)
2019-11-26 04:46:02 [scrapy.extensions.logstats] INFO: Crawled 38341 pages (at 97 pages/min), scraped 705763 items (at 1939 items/min)
2019-11-26 04:47:02 [scrapy.extensions.logstats] INFO: Crawled 38436 pages (at 95 pages/min), scraped 707683 items (at 1920 items/min)
2019-11-26 04:48:02 [scrapy.extensions.logstats] INFO: Crawled 38530 pages (at 94 pages/min), scraped 709563 items (at 1880 items/min)
2019-11-26 04:49:02 [scrapy.extensions.logstats] INFO: Crawled 38627 pages (at 97 pages/min), scraped 711502 items (at 1939 items/min)
2019-11-26 04:50:02 [scrapy.extensions.logstats] INFO: Crawled 38723 pages (at 96 pages/min), scraped 713421 items (at 1919 items/min)
2019-11-26 04:51:02 [scrapy.extensions.logstats] INFO: Crawled 38818 pages (at 95 pages/min), scraped 715301 items (at 1880 items/min)
2019-11-26 04:52:02 [scrapy.extensions.logstats] INFO: Crawled 38915 pages (at 97 pages/min), scraped 717261 items (at 1960 items/min)
2019-11-26 04:53:02 [scrapy.extensions.logstats] INFO: Crawled 39011 pages (at 96 pages/min), scraped 719170 items (at 1909 items/min)
2019-11-26 04:54:02 [scrapy.extensions.logstats] INFO: Crawled 39106 pages (at 95 pages/min), scraped 721078 items (at 1908 items/min)
2019-11-26 04:55:02 [scrapy.extensions.logstats] INFO: Crawled 39201 pages (at 95 pages/min), scraped 722961 items (at 1883 items/min)
2019-11-26 04:56:02 [scrapy.extensions.logstats] INFO: Crawled 39298 pages (at 97 pages/min), scraped 724920 items (at 1959 items/min)
2019-11-26 04:57:02 [scrapy.extensions.logstats] INFO: Crawled 39393 pages (at 95 pages/min), scraped 726820 items (at 1900 items/min)
2019-11-26 04:58:02 [scrapy.extensions.logstats] INFO: Crawled 39486 pages (at 93 pages/min), scraped 728676 items (at 1856 items/min)
2019-11-26 04:59:02 [scrapy.extensions.logstats] INFO: Crawled 39581 pages (at 95 pages/min), scraped 730560 items (at 1884 items/min)
2019-11-26 05:00:02 [scrapy.extensions.logstats] INFO: Crawled 39676 pages (at 95 pages/min), scraped 732440 items (at 1880 items/min)
2019-11-26 05:01:02 [scrapy.extensions.logstats] INFO: Crawled 39772 pages (at 96 pages/min), scraped 734369 items (at 1929 items/min)
2019-11-26 05:02:02 [scrapy.extensions.logstats] INFO: Crawled 39868 pages (at 96 pages/min), scraped 736289 items (at 1920 items/min)
2019-11-26 05:03:02 [scrapy.extensions.logstats] INFO: Crawled 39963 pages (at 95 pages/min), scraped 738189 items (at 1900 items/min)
2019-11-26 05:04:02 [scrapy.extensions.logstats] INFO: Crawled 40059 pages (at 96 pages/min), scraped 740109 items (at 1920 items/min)
2019-11-26 05:05:02 [scrapy.extensions.logstats] INFO: Crawled 40154 pages (at 95 pages/min), scraped 742009 items (at 1900 items/min)
2019-11-26 05:06:02 [scrapy.extensions.logstats] INFO: Crawled 40250 pages (at 96 pages/min), scraped 743929 items (at 1920 items/min)
2019-11-26 05:07:02 [scrapy.extensions.logstats] INFO: Crawled 40346 pages (at 96 pages/min), scraped 745830 items (at 1901 items/min)
2019-11-26 05:08:02 [scrapy.extensions.logstats] INFO: Crawled 40442 pages (at 96 pages/min), scraped 747769 items (at 1939 items/min)
2019-11-26 05:09:02 [scrapy.extensions.logstats] INFO: Crawled 40538 pages (at 96 pages/min), scraped 749682 items (at 1913 items/min)
2019-11-26 05:10:02 [scrapy.extensions.logstats] INFO: Crawled 40635 pages (at 97 pages/min), scraped 751605 items (at 1923 items/min)
2019-11-26 05:11:02 [scrapy.extensions.logstats] INFO: Crawled 40730 pages (at 95 pages/min), scraped 753505 items (at 1900 items/min)
2019-11-26 05:12:02 [scrapy.extensions.logstats] INFO: Crawled 40824 pages (at 94 pages/min), scraped 755385 items (at 1880 items/min)
2019-11-26 05:13:02 [scrapy.extensions.logstats] INFO: Crawled 40919 pages (at 95 pages/min), scraped 757285 items (at 1900 items/min)
2019-11-26 05:14:02 [scrapy.extensions.logstats] INFO: Crawled 41016 pages (at 97 pages/min), scraped 759225 items (at 1940 items/min)
2019-11-26 05:15:02 [scrapy.extensions.logstats] INFO: Crawled 41113 pages (at 97 pages/min), scraped 761165 items (at 1940 items/min)
2019-11-26 05:16:02 [scrapy.extensions.logstats] INFO: Crawled 41210 pages (at 97 pages/min), scraped 763085 items (at 1920 items/min)
2019-11-26 05:17:02 [scrapy.extensions.logstats] INFO: Crawled 41306 pages (at 96 pages/min), scraped 765025 items (at 1940 items/min)
2019-11-26 05:18:02 [scrapy.extensions.logstats] INFO: Crawled 41400 pages (at 94 pages/min), scraped 766885 items (at 1860 items/min)
2019-11-26 05:19:02 [scrapy.extensions.logstats] INFO: Crawled 41497 pages (at 97 pages/min), scraped 768845 items (at 1960 items/min)
2019-11-26 05:20:02 [scrapy.extensions.logstats] INFO: Crawled 41594 pages (at 97 pages/min), scraped 770785 items (at 1940 items/min)
2019-11-26 05:21:02 [scrapy.extensions.logstats] INFO: Crawled 41690 pages (at 96 pages/min), scraped 772705 items (at 1920 items/min)
2019-11-26 05:22:02 [scrapy.extensions.logstats] INFO: Crawled 41787 pages (at 97 pages/min), scraped 774645 items (at 1940 items/min)
2019-11-26 05:23:02 [scrapy.extensions.logstats] INFO: Crawled 41882 pages (at 95 pages/min), scraped 776545 items (at 1900 items/min)
2019-11-26 05:24:02 [scrapy.extensions.logstats] INFO: Crawled 41979 pages (at 97 pages/min), scraped 778485 items (at 1940 items/min)
2019-11-26 05:25:02 [scrapy.extensions.logstats] INFO: Crawled 42075 pages (at 96 pages/min), scraped 780405 items (at 1920 items/min)
2019-11-26 05:26:02 [scrapy.extensions.logstats] INFO: Crawled 42168 pages (at 93 pages/min), scraped 782265 items (at 1860 items/min)
2019-11-26 05:27:02 [scrapy.extensions.logstats] INFO: Crawled 42261 pages (at 93 pages/min), scraped 784125 items (at 1860 items/min)
2019-11-26 05:28:02 [scrapy.extensions.logstats] INFO: Crawled 42356 pages (at 95 pages/min), scraped 786025 items (at 1900 items/min)
2019-11-26 05:29:02 [scrapy.extensions.logstats] INFO: Crawled 42454 pages (at 98 pages/min), scraped 787971 items (at 1946 items/min)
2019-11-26 05:30:02 [scrapy.extensions.logstats] INFO: Crawled 42550 pages (at 96 pages/min), scraped 789905 items (at 1934 items/min)
2019-11-26 05:31:02 [scrapy.extensions.logstats] INFO: Crawled 42646 pages (at 96 pages/min), scraped 791805 items (at 1900 items/min)
2019-11-26 05:32:02 [scrapy.extensions.logstats] INFO: Crawled 42742 pages (at 96 pages/min), scraped 793745 items (at 1940 items/min)
2019-11-26 05:33:02 [scrapy.extensions.logstats] INFO: Crawled 42839 pages (at 97 pages/min), scraped 795665 items (at 1920 items/min)
2019-11-26 05:34:02 [scrapy.extensions.logstats] INFO: Crawled 42934 pages (at 95 pages/min), scraped 797585 items (at 1920 items/min)
2019-11-26 05:35:02 [scrapy.extensions.logstats] INFO: Crawled 43031 pages (at 97 pages/min), scraped 799525 items (at 1940 items/min)
2019-11-26 05:36:02 [scrapy.extensions.logstats] INFO: Crawled 43127 pages (at 96 pages/min), scraped 801445 items (at 1920 items/min)
2019-11-26 05:37:02 [scrapy.extensions.logstats] INFO: Crawled 43222 pages (at 95 pages/min), scraped 803345 items (at 1900 items/min)
2019-11-26 05:38:02 [scrapy.extensions.logstats] INFO: Crawled 43318 pages (at 96 pages/min), scraped 805265 items (at 1920 items/min)
2019-11-26 05:39:02 [scrapy.extensions.logstats] INFO: Crawled 43413 pages (at 95 pages/min), scraped 807165 items (at 1900 items/min)
2019-11-26 05:40:02 [scrapy.extensions.logstats] INFO: Crawled 43511 pages (at 98 pages/min), scraped 809125 items (at 1960 items/min)
2019-11-26 05:41:02 [scrapy.extensions.logstats] INFO: Crawled 43608 pages (at 97 pages/min), scraped 811065 items (at 1940 items/min)
2019-11-26 05:42:02 [scrapy.extensions.logstats] INFO: Crawled 43705 pages (at 97 pages/min), scraped 813005 items (at 1940 items/min)
2019-11-26 05:43:02 [scrapy.extensions.logstats] INFO: Crawled 43801 pages (at 96 pages/min), scraped 814923 items (at 1918 items/min)
2019-11-26 05:44:02 [scrapy.extensions.logstats] INFO: Crawled 43898 pages (at 97 pages/min), scraped 816865 items (at 1942 items/min)
2019-11-26 05:45:02 [scrapy.extensions.logstats] INFO: Crawled 43995 pages (at 97 pages/min), scraped 818804 items (at 1939 items/min)
2019-11-26 05:46:02 [scrapy.extensions.logstats] INFO: Crawled 44092 pages (at 97 pages/min), scraped 820724 items (at 1920 items/min)
2019-11-26 05:47:02 [scrapy.extensions.logstats] INFO: Crawled 44187 pages (at 95 pages/min), scraped 822644 items (at 1920 items/min)
2019-11-26 05:48:02 [scrapy.extensions.logstats] INFO: Crawled 44283 pages (at 96 pages/min), scraped 824564 items (at 1920 items/min)
2019-11-26 05:49:02 [scrapy.extensions.logstats] INFO: Crawled 44381 pages (at 98 pages/min), scraped 826524 items (at 1960 items/min)
2019-11-26 05:50:02 [scrapy.extensions.logstats] INFO: Crawled 44476 pages (at 95 pages/min), scraped 828424 items (at 1900 items/min)
2019-11-26 05:51:02 [scrapy.extensions.logstats] INFO: Crawled 44573 pages (at 97 pages/min), scraped 830361 items (at 1937 items/min)
2019-11-26 05:52:02 [scrapy.extensions.logstats] INFO: Crawled 44670 pages (at 97 pages/min), scraped 832301 items (at 1940 items/min)
2019-11-26 05:53:02 [scrapy.extensions.logstats] INFO: Crawled 44767 pages (at 97 pages/min), scraped 834241 items (at 1940 items/min)
2019-11-26 05:54:02 [scrapy.extensions.logstats] INFO: Crawled 44864 pages (at 97 pages/min), scraped 836181 items (at 1940 items/min)
2019-11-26 05:55:02 [scrapy.extensions.logstats] INFO: Crawled 44960 pages (at 96 pages/min), scraped 838101 items (at 1920 items/min)
2019-11-26 05:56:02 [scrapy.extensions.logstats] INFO: Crawled 45056 pages (at 96 pages/min), scraped 840001 items (at 1900 items/min)
2019-11-26 05:57:02 [scrapy.extensions.logstats] INFO: Crawled 45152 pages (at 96 pages/min), scraped 841921 items (at 1920 items/min)
2019-11-26 05:58:02 [scrapy.extensions.logstats] INFO: Crawled 45249 pages (at 97 pages/min), scraped 843881 items (at 1960 items/min)
2019-11-26 05:59:02 [scrapy.extensions.logstats] INFO: Crawled 45346 pages (at 97 pages/min), scraped 845801 items (at 1920 items/min)
2019-11-26 06:00:02 [scrapy.extensions.logstats] INFO: Crawled 45443 pages (at 97 pages/min), scraped 847761 items (at 1960 items/min)
2019-11-26 06:01:02 [scrapy.extensions.logstats] INFO: Crawled 45539 pages (at 96 pages/min), scraped 849681 items (at 1920 items/min)
2019-11-26 06:02:02 [scrapy.extensions.logstats] INFO: Crawled 45636 pages (at 97 pages/min), scraped 851620 items (at 1939 items/min)
2019-11-26 06:03:02 [scrapy.extensions.logstats] INFO: Crawled 45732 pages (at 96 pages/min), scraped 853532 items (at 1912 items/min)
2019-11-26 06:04:02 [scrapy.extensions.logstats] INFO: Crawled 45828 pages (at 96 pages/min), scraped 855452 items (at 1920 items/min)
2019-11-26 06:05:02 [scrapy.extensions.logstats] INFO: Crawled 45925 pages (at 97 pages/min), scraped 857372 items (at 1920 items/min)
2019-11-26 06:06:02 [scrapy.extensions.logstats] INFO: Crawled 46021 pages (at 96 pages/min), scraped 859312 items (at 1940 items/min)
2019-11-26 06:07:02 [scrapy.extensions.logstats] INFO: Crawled 46118 pages (at 97 pages/min), scraped 861252 items (at 1940 items/min)
2019-11-26 06:08:02 [scrapy.extensions.logstats] INFO: Crawled 46214 pages (at 96 pages/min), scraped 863172 items (at 1920 items/min)
2019-11-26 06:09:02 [scrapy.extensions.logstats] INFO: Crawled 46309 pages (at 95 pages/min), scraped 865072 items (at 1900 items/min)
2019-11-26 06:10:02 [scrapy.extensions.logstats] INFO: Crawled 46404 pages (at 95 pages/min), scraped 866952 items (at 1880 items/min)
2019-11-26 06:11:02 [scrapy.extensions.logstats] INFO: Crawled 46500 pages (at 96 pages/min), scraped 868892 items (at 1940 items/min)
2019-11-26 06:12:02 [scrapy.extensions.logstats] INFO: Crawled 46596 pages (at 96 pages/min), scraped 870807 items (at 1915 items/min)
2019-11-26 06:13:02 [scrapy.extensions.logstats] INFO: Crawled 46691 pages (at 95 pages/min), scraped 872702 items (at 1895 items/min)
2019-11-26 06:14:02 [scrapy.extensions.logstats] INFO: Crawled 46786 pages (at 95 pages/min), scraped 874602 items (at 1900 items/min)
2019-11-26 06:15:02 [scrapy.extensions.logstats] INFO: Crawled 46882 pages (at 96 pages/min), scraped 876502 items (at 1900 items/min)
2019-11-26 06:16:02 [scrapy.extensions.logstats] INFO: Crawled 46977 pages (at 95 pages/min), scraped 878422 items (at 1920 items/min)
2019-11-26 06:17:02 [scrapy.extensions.logstats] INFO: Crawled 47071 pages (at 94 pages/min), scraped 880302 items (at 1880 items/min)
2019-11-26 06:18:02 [scrapy.extensions.logstats] INFO: Crawled 47167 pages (at 96 pages/min), scraped 882152 items (at 1850 items/min)
2019-11-26 06:19:02 [scrapy.extensions.logstats] INFO: Crawled 47265 pages (at 98 pages/min), scraped 884096 items (at 1944 items/min)
2019-11-26 06:20:02 [scrapy.extensions.logstats] INFO: Crawled 47362 pages (at 97 pages/min), scraped 886017 items (at 1921 items/min)
2019-11-26 06:21:02 [scrapy.extensions.logstats] INFO: Crawled 47458 pages (at 96 pages/min), scraped 887956 items (at 1939 items/min)
2019-11-26 06:22:02 [scrapy.extensions.logstats] INFO: Crawled 47555 pages (at 97 pages/min), scraped 889896 items (at 1940 items/min)
2019-11-26 06:23:02 [scrapy.extensions.logstats] INFO: Crawled 47653 pages (at 98 pages/min), scraped 891856 items (at 1960 items/min)
2019-11-26 06:24:02 [scrapy.extensions.logstats] INFO: Crawled 47750 pages (at 97 pages/min), scraped 893796 items (at 1940 items/min)
2019-11-26 06:25:02 [scrapy.extensions.logstats] INFO: Crawled 47846 pages (at 96 pages/min), scraped 895696 items (at 1900 items/min)
2019-11-26 06:26:02 [scrapy.extensions.logstats] INFO: Crawled 47939 pages (at 93 pages/min), scraped 897576 items (at 1880 items/min)
2019-11-26 06:27:02 [scrapy.extensions.logstats] INFO: Crawled 48034 pages (at 95 pages/min), scraped 899476 items (at 1900 items/min)
2019-11-26 06:28:02 [scrapy.extensions.logstats] INFO: Crawled 48130 pages (at 96 pages/min), scraped 901396 items (at 1920 items/min)
2019-11-26 06:29:02 [scrapy.extensions.logstats] INFO: Crawled 48226 pages (at 96 pages/min), scraped 903316 items (at 1920 items/min)
2019-11-26 06:30:02 [scrapy.extensions.logstats] INFO: Crawled 48322 pages (at 96 pages/min), scraped 905236 items (at 1920 items/min)
2019-11-26 06:31:02 [scrapy.extensions.logstats] INFO: Crawled 48417 pages (at 95 pages/min), scraped 907136 items (at 1900 items/min)
2019-11-26 06:32:02 [scrapy.extensions.logstats] INFO: Crawled 48511 pages (at 94 pages/min), scraped 909016 items (at 1880 items/min)
2019-11-26 06:33:02 [scrapy.extensions.logstats] INFO: Crawled 48609 pages (at 98 pages/min), scraped 910956 items (at 1940 items/min)
2019-11-26 06:34:02 [scrapy.extensions.logstats] INFO: Crawled 48705 pages (at 96 pages/min), scraped 912896 items (at 1940 items/min)
2019-11-26 06:35:02 [scrapy.extensions.logstats] INFO: Crawled 48802 pages (at 97 pages/min), scraped 914836 items (at 1940 items/min)
2019-11-26 06:36:02 [scrapy.extensions.logstats] INFO: Crawled 48900 pages (at 98 pages/min), scraped 916776 items (at 1940 items/min)
2019-11-26 06:37:02 [scrapy.extensions.logstats] INFO: Crawled 48994 pages (at 94 pages/min), scraped 918676 items (at 1900 items/min)
2019-11-26 06:38:02 [scrapy.extensions.logstats] INFO: Crawled 49089 pages (at 95 pages/min), scraped 920576 items (at 1900 items/min)
2019-11-26 06:39:02 [scrapy.extensions.logstats] INFO: Crawled 49185 pages (at 96 pages/min), scraped 922496 items (at 1920 items/min)
2019-11-26 06:40:02 [scrapy.extensions.logstats] INFO: Crawled 49280 pages (at 95 pages/min), scraped 924396 items (at 1900 items/min)
2019-11-26 06:41:02 [scrapy.extensions.logstats] INFO: Crawled 49376 pages (at 96 pages/min), scraped 926316 items (at 1920 items/min)
2019-11-26 06:42:02 [scrapy.extensions.logstats] INFO: Crawled 49473 pages (at 97 pages/min), scraped 928253 items (at 1937 items/min)
2019-11-26 06:43:02 [scrapy.extensions.logstats] INFO: Crawled 49569 pages (at 96 pages/min), scraped 930174 items (at 1921 items/min)
2019-11-26 06:44:02 [scrapy.extensions.logstats] INFO: Crawled 49663 pages (at 94 pages/min), scraped 932054 items (at 1880 items/min)
2019-11-26 06:45:02 [scrapy.extensions.logstats] INFO: Crawled 49764 pages (at 101 pages/min), scraped 934074 items (at 2020 items/min)
2019-11-26 06:46:02 [scrapy.extensions.logstats] INFO: Crawled 49866 pages (at 102 pages/min), scraped 936114 items (at 2040 items/min)
2019-11-26 06:47:02 [scrapy.extensions.logstats] INFO: Crawled 49967 pages (at 101 pages/min), scraped 938134 items (at 2020 items/min)
2019-11-26 06:48:02 [scrapy.extensions.logstats] INFO: Crawled 50067 pages (at 100 pages/min), scraped 940134 items (at 2000 items/min)
2019-11-26 06:49:02 [scrapy.extensions.logstats] INFO: Crawled 50169 pages (at 102 pages/min), scraped 942174 items (at 2040 items/min)
2019-11-26 06:50:02 [scrapy.extensions.logstats] INFO: Crawled 50267 pages (at 98 pages/min), scraped 944134 items (at 1960 items/min)
2019-11-26 06:51:02 [scrapy.extensions.logstats] INFO: Crawled 50362 pages (at 95 pages/min), scraped 946033 items (at 1899 items/min)
2019-11-26 06:52:02 [scrapy.extensions.logstats] INFO: Crawled 50456 pages (at 94 pages/min), scraped 947913 items (at 1880 items/min)
2019-11-26 06:53:02 [scrapy.extensions.logstats] INFO: Crawled 50552 pages (at 96 pages/min), scraped 949822 items (at 1909 items/min)
2019-11-26 06:54:02 [scrapy.extensions.logstats] INFO: Crawled 50646 pages (at 94 pages/min), scraped 951710 items (at 1888 items/min)
2019-11-26 06:55:02 [scrapy.extensions.logstats] INFO: Crawled 50741 pages (at 95 pages/min), scraped 953590 items (at 1880 items/min)
2019-11-26 06:56:02 [scrapy.extensions.logstats] INFO: Crawled 50836 pages (at 95 pages/min), scraped 955510 items (at 1920 items/min)
2019-11-26 06:57:02 [scrapy.extensions.logstats] INFO: Crawled 50933 pages (at 97 pages/min), scraped 957450 items (at 1940 items/min)
2019-11-26 06:58:02 [scrapy.extensions.logstats] INFO: Crawled 51026 pages (at 93 pages/min), scraped 959310 items (at 1860 items/min)
2019-11-26 06:59:02 [scrapy.extensions.logstats] INFO: Crawled 51123 pages (at 97 pages/min), scraped 961250 items (at 1940 items/min)
2019-11-26 07:00:02 [scrapy.extensions.logstats] INFO: Crawled 51219 pages (at 96 pages/min), scraped 963170 items (at 1920 items/min)
2019-11-26 07:01:02 [scrapy.extensions.logstats] INFO: Crawled 51316 pages (at 97 pages/min), scraped 965090 items (at 1920 items/min)
2019-11-26 07:02:02 [scrapy.extensions.logstats] INFO: Crawled 51412 pages (at 96 pages/min), scraped 967010 items (at 1920 items/min)
2019-11-26 07:03:02 [scrapy.extensions.logstats] INFO: Crawled 51508 pages (at 96 pages/min), scraped 968950 items (at 1940 items/min)
2019-11-26 07:04:02 [scrapy.extensions.logstats] INFO: Crawled 51605 pages (at 97 pages/min), scraped 970870 items (at 1920 items/min)
2019-11-26 07:05:02 [scrapy.extensions.logstats] INFO: Crawled 51700 pages (at 95 pages/min), scraped 972790 items (at 1920 items/min)
2019-11-26 07:06:02 [scrapy.extensions.logstats] INFO: Crawled 51797 pages (at 97 pages/min), scraped 974730 items (at 1940 items/min)
2019-11-26 07:07:02 [scrapy.extensions.logstats] INFO: Crawled 51891 pages (at 94 pages/min), scraped 976610 items (at 1880 items/min)
2019-11-26 07:08:02 [scrapy.extensions.logstats] INFO: Crawled 51985 pages (at 94 pages/min), scraped 978490 items (at 1880 items/min)
2019-11-26 07:09:02 [scrapy.extensions.logstats] INFO: Crawled 52078 pages (at 93 pages/min), scraped 980350 items (at 1860 items/min)
2019-11-26 07:10:02 [scrapy.extensions.logstats] INFO: Crawled 52173 pages (at 95 pages/min), scraped 982250 items (at 1900 items/min)
2019-11-26 07:11:02 [scrapy.extensions.logstats] INFO: Crawled 52268 pages (at 95 pages/min), scraped 984150 items (at 1900 items/min)
2019-11-26 07:12:02 [scrapy.extensions.logstats] INFO: Crawled 52362 pages (at 94 pages/min), scraped 986030 items (at 1880 items/min)
2019-11-26 07:13:02 [scrapy.extensions.logstats] INFO: Crawled 52458 pages (at 96 pages/min), scraped 987946 items (at 1916 items/min)
2019-11-26 07:14:02 [scrapy.extensions.logstats] INFO: Crawled 52554 pages (at 96 pages/min), scraped 989866 items (at 1920 items/min)
2019-11-26 07:15:02 [scrapy.extensions.logstats] INFO: Crawled 52650 pages (at 96 pages/min), scraped 991766 items (at 1900 items/min)
2019-11-26 07:16:02 [scrapy.extensions.logstats] INFO: Crawled 52747 pages (at 97 pages/min), scraped 993706 items (at 1940 items/min)
2019-11-26 07:17:02 [scrapy.extensions.logstats] INFO: Crawled 52842 pages (at 95 pages/min), scraped 995623 items (at 1917 items/min)
2019-11-26 07:18:02 [scrapy.extensions.logstats] INFO: Crawled 52937 pages (at 95 pages/min), scraped 997506 items (at 1883 items/min)
2019-11-26 07:19:02 [scrapy.extensions.logstats] INFO: Crawled 53032 pages (at 95 pages/min), scraped 999426 items (at 1920 items/min)
2019-11-26 07:20:02 [scrapy.extensions.logstats] INFO: Crawled 53129 pages (at 97 pages/min), scraped 1001366 items (at 1940 items/min)
2019-11-26 07:21:02 [scrapy.extensions.logstats] INFO: Crawled 53224 pages (at 95 pages/min), scraped 1003266 items (at 1900 items/min)
2019-11-26 07:22:02 [scrapy.extensions.logstats] INFO: Crawled 53321 pages (at 97 pages/min), scraped 1005206 items (at 1940 items/min)
2019-11-26 07:23:02 [scrapy.extensions.logstats] INFO: Crawled 53417 pages (at 96 pages/min), scraped 1007126 items (at 1920 items/min)
2019-11-26 07:24:02 [scrapy.extensions.logstats] INFO: Crawled 53515 pages (at 98 pages/min), scraped 1009067 items (at 1941 items/min)
2019-11-26 07:25:02 [scrapy.extensions.logstats] INFO: Crawled 53610 pages (at 95 pages/min), scraped 1010986 items (at 1919 items/min)
2019-11-26 07:26:02 [scrapy.extensions.logstats] INFO: Crawled 53706 pages (at 96 pages/min), scraped 1012906 items (at 1920 items/min)
2019-11-26 07:27:02 [scrapy.extensions.logstats] INFO: Crawled 53800 pages (at 94 pages/min), scraped 1014786 items (at 1880 items/min)
2019-11-26 07:28:02 [scrapy.extensions.logstats] INFO: Crawled 53895 pages (at 95 pages/min), scraped 1016686 items (at 1900 items/min)
2019-11-26 07:29:02 [scrapy.extensions.logstats] INFO: Crawled 53991 pages (at 96 pages/min), scraped 1018606 items (at 1920 items/min)
2019-11-26 07:30:02 [scrapy.extensions.logstats] INFO: Crawled 54086 pages (at 95 pages/min), scraped 1020486 items (at 1880 items/min)
2019-11-26 07:31:02 [scrapy.extensions.logstats] INFO: Crawled 54180 pages (at 94 pages/min), scraped 1022386 items (at 1900 items/min)
2019-11-26 07:32:02 [scrapy.extensions.logstats] INFO: Crawled 54277 pages (at 97 pages/min), scraped 1024308 items (at 1922 items/min)
2019-11-26 07:33:02 [scrapy.extensions.logstats] INFO: Crawled 54374 pages (at 97 pages/min), scraped 1026266 items (at 1958 items/min)
2019-11-26 07:34:02 [scrapy.extensions.logstats] INFO: Crawled 54469 pages (at 95 pages/min), scraped 1028166 items (at 1900 items/min)
2019-11-26 07:35:02 [scrapy.extensions.logstats] INFO: Crawled 54564 pages (at 95 pages/min), scraped 1030066 items (at 1900 items/min)
2019-11-26 07:36:02 [scrapy.extensions.logstats] INFO: Crawled 54662 pages (at 98 pages/min), scraped 1032026 items (at 1960 items/min)
2019-11-26 07:37:02 [scrapy.extensions.logstats] INFO: Crawled 54757 pages (at 95 pages/min), scraped 1033926 items (at 1900 items/min)
2019-11-26 07:38:02 [scrapy.extensions.logstats] INFO: Crawled 54853 pages (at 96 pages/min), scraped 1035846 items (at 1920 items/min)
2019-11-26 07:39:02 [scrapy.extensions.logstats] INFO: Crawled 54950 pages (at 97 pages/min), scraped 1037786 items (at 1940 items/min)
2019-11-26 07:40:02 [scrapy.extensions.logstats] INFO: Crawled 55047 pages (at 97 pages/min), scraped 1039726 items (at 1940 items/min)
2019-11-26 07:41:02 [scrapy.extensions.logstats] INFO: Crawled 55144 pages (at 97 pages/min), scraped 1041655 items (at 1929 items/min)
2019-11-26 07:42:02 [scrapy.extensions.logstats] INFO: Crawled 55240 pages (at 96 pages/min), scraped 1043586 items (at 1931 items/min)
2019-11-26 07:43:02 [scrapy.extensions.logstats] INFO: Crawled 55338 pages (at 98 pages/min), scraped 1045546 items (at 1960 items/min)
2019-11-26 07:44:02 [scrapy.extensions.logstats] INFO: Crawled 55435 pages (at 97 pages/min), scraped 1047475 items (at 1929 items/min)
2019-11-26 07:45:02 [scrapy.extensions.logstats] INFO: Crawled 55530 pages (at 95 pages/min), scraped 1049386 items (at 1911 items/min)
2019-11-26 07:46:02 [scrapy.extensions.logstats] INFO: Crawled 55625 pages (at 95 pages/min), scraped 1051267 items (at 1881 items/min)
2019-11-26 07:47:02 [scrapy.extensions.logstats] INFO: Crawled 55721 pages (at 96 pages/min), scraped 1053186 items (at 1919 items/min)
2019-11-26 07:48:02 [scrapy.extensions.logstats] INFO: Crawled 55816 pages (at 95 pages/min), scraped 1055106 items (at 1920 items/min)
2019-11-26 07:49:02 [scrapy.extensions.logstats] INFO: Crawled 55913 pages (at 97 pages/min), scraped 1057027 items (at 1921 items/min)
2019-11-26 07:50:02 [scrapy.extensions.logstats] INFO: Crawled 56009 pages (at 96 pages/min), scraped 1058966 items (at 1939 items/min)
2019-11-26 07:51:02 [scrapy.extensions.logstats] INFO: Crawled 56106 pages (at 97 pages/min), scraped 1060886 items (at 1920 items/min)
2019-11-26 07:52:02 [scrapy.extensions.logstats] INFO: Crawled 56202 pages (at 96 pages/min), scraped 1062817 items (at 1931 items/min)
2019-11-26 07:53:02 [scrapy.extensions.logstats] INFO: Crawled 56299 pages (at 97 pages/min), scraped 1064766 items (at 1949 items/min)
2019-11-26 07:54:02 [scrapy.extensions.logstats] INFO: Crawled 56400 pages (at 101 pages/min), scraped 1066773 items (at 2007 items/min)
2019-11-26 07:55:02 [scrapy.extensions.logstats] INFO: Crawled 56499 pages (at 99 pages/min), scraped 1068766 items (at 1993 items/min)
2019-11-26 07:56:02 [scrapy.extensions.logstats] INFO: Crawled 56598 pages (at 99 pages/min), scraped 1070746 items (at 1980 items/min)
2019-11-26 07:57:02 [scrapy.extensions.logstats] INFO: Crawled 56699 pages (at 101 pages/min), scraped 1072766 items (at 2020 items/min)
2019-11-26 07:58:02 [scrapy.extensions.logstats] INFO: Crawled 56800 pages (at 101 pages/min), scraped 1074786 items (at 2020 items/min)
2019-11-26 07:59:02 [scrapy.extensions.logstats] INFO: Crawled 56896 pages (at 96 pages/min), scraped 1076706 items (at 1920 items/min)
2019-11-26 08:00:02 [scrapy.extensions.logstats] INFO: Crawled 56996 pages (at 100 pages/min), scraped 1078706 items (at 2000 items/min)
2019-11-26 08:01:02 [scrapy.extensions.logstats] INFO: Crawled 57096 pages (at 100 pages/min), scraped 1080706 items (at 2000 items/min)
2019-11-26 08:02:02 [scrapy.extensions.logstats] INFO: Crawled 57197 pages (at 101 pages/min), scraped 1082726 items (at 2020 items/min)
2019-11-26 08:03:02 [scrapy.extensions.logstats] INFO: Crawled 57297 pages (at 100 pages/min), scraped 1084706 items (at 1980 items/min)
2019-11-26 08:04:02 [scrapy.extensions.logstats] INFO: Crawled 57395 pages (at 98 pages/min), scraped 1086683 items (at 1977 items/min)
2019-11-26 08:05:02 [scrapy.extensions.logstats] INFO: Crawled 57494 pages (at 99 pages/min), scraped 1088658 items (at 1975 items/min)
2019-11-26 08:06:02 [scrapy.extensions.logstats] INFO: Crawled 57595 pages (at 101 pages/min), scraped 1090673 items (at 2015 items/min)
2019-11-26 08:07:02 [scrapy.extensions.logstats] INFO: Crawled 57693 pages (at 98 pages/min), scraped 1092623 items (at 1950 items/min)
2019-11-26 08:08:02 [scrapy.extensions.logstats] INFO: Crawled 57791 pages (at 98 pages/min), scraped 1094583 items (at 1960 items/min)
2019-11-26 08:09:02 [scrapy.extensions.logstats] INFO: Crawled 57891 pages (at 100 pages/min), scraped 1096583 items (at 2000 items/min)
2019-11-26 08:10:02 [scrapy.extensions.logstats] INFO: Crawled 57991 pages (at 100 pages/min), scraped 1098563 items (at 1980 items/min)
2019-11-26 08:11:02 [scrapy.extensions.logstats] INFO: Crawled 58090 pages (at 99 pages/min), scraped 1100563 items (at 2000 items/min)
2019-11-26 08:12:02 [scrapy.extensions.logstats] INFO: Crawled 58191 pages (at 101 pages/min), scraped 1102583 items (at 2020 items/min)
2019-11-26 08:13:02 [scrapy.extensions.logstats] INFO: Crawled 58293 pages (at 102 pages/min), scraped 1104623 items (at 2040 items/min)
2019-11-26 08:14:02 [scrapy.extensions.logstats] INFO: Crawled 58393 pages (at 100 pages/min), scraped 1106623 items (at 2000 items/min)
2019-11-26 08:15:02 [scrapy.extensions.logstats] INFO: Crawled 58494 pages (at 101 pages/min), scraped 1108643 items (at 2020 items/min)
2019-11-26 08:16:02 [scrapy.extensions.logstats] INFO: Crawled 58595 pages (at 101 pages/min), scraped 1110663 items (at 2020 items/min)
2019-11-26 08:17:02 [scrapy.extensions.logstats] INFO: Crawled 58696 pages (at 101 pages/min), scraped 1112676 items (at 2013 items/min)
2019-11-26 08:18:02 [scrapy.extensions.logstats] INFO: Crawled 58794 pages (at 98 pages/min), scraped 1114643 items (at 1967 items/min)
2019-11-26 08:19:02 [scrapy.extensions.logstats] INFO: Crawled 58894 pages (at 100 pages/min), scraped 1116624 items (at 1981 items/min)
2019-11-26 08:20:02 [scrapy.extensions.logstats] INFO: Crawled 58994 pages (at 100 pages/min), scraped 1118598 items (at 1974 items/min)
2019-11-26 08:21:02 [scrapy.extensions.logstats] INFO: Crawled 59096 pages (at 102 pages/min), scraped 1120619 items (at 2021 items/min)
2019-11-26 08:22:02 [scrapy.extensions.logstats] INFO: Crawled 59194 pages (at 98 pages/min), scraped 1122598 items (at 1979 items/min)
2019-11-26 08:23:02 [scrapy.extensions.logstats] INFO: Crawled 59296 pages (at 102 pages/min), scraped 1124638 items (at 2040 items/min)
2019-11-26 08:24:02 [scrapy.extensions.logstats] INFO: Crawled 59395 pages (at 99 pages/min), scraped 1126618 items (at 1980 items/min)
2019-11-26 08:25:02 [scrapy.extensions.logstats] INFO: Crawled 59494 pages (at 99 pages/min), scraped 1128578 items (at 1960 items/min)
2019-11-26 08:26:02 [scrapy.extensions.logstats] INFO: Crawled 59593 pages (at 99 pages/min), scraped 1130578 items (at 2000 items/min)
2019-11-26 08:27:02 [scrapy.extensions.logstats] INFO: Crawled 59693 pages (at 100 pages/min), scraped 1132578 items (at 2000 items/min)
2019-11-26 08:28:02 [scrapy.extensions.logstats] INFO: Crawled 59792 pages (at 99 pages/min), scraped 1134552 items (at 1974 items/min)
2019-11-26 08:28:35 [scrapy.core.engine] INFO: Closing spider (finished)
2019-11-26 08:28:35 [scrapy.statscollectors] INFO: Dumping Scrapy stats:
{'downloader/request_bytes': 58165039,
 'downloader/request_count': 59847,
 'downloader/request_method_count/GET': 59847,
 'downloader/response_bytes': 745187837,
 'downloader/response_count': 59847,
 'downloader/response_status_count/200': 59847,
 'dupefilter/filtered': 1,
 'elapsed_time_seconds': 38732.95927,
 'finish_reason': 'finished',
 'finish_time': datetime.datetime(2019, 11, 26, 0, 28, 35, 226800),
 'item_scraped_count': 1135630,
 'log_count/INFO': 655,
 'memusage/max': 78233600,
 'memusage/startup': 56655872,
 'request_depth_max': 59847,
 'response_received_count': 59847,
 'scheduler/dequeued': 59847,
 'scheduler/dequeued/memory': 59847,
 'scheduler/enqueued': 59847,
 'scheduler/enqueued/memory': 59847,
 'start_time': datetime.datetime(2019, 11, 25, 13, 43, 2, 267530)}
2019-11-26 08:28:35 [scrapy.core.engine] INFO: Spider closed (finished)
