2019-11-25 16:02:17 [scrapy.utils.log] INFO: Scrapy 1.8.0 started (bot: TweetScraper)
2019-11-25 16:02:17 [scrapy.utils.log] INFO: Versions: lxml 4.4.1.0, libxml2 2.9.9, cssselect 1.1.0, parsel 1.5.2, w3lib 1.21.0, Twisted 19.10.0, Python 3.6.8 (default, Oct  7 2019, 12:59:55) - [GCC 8.3.0], pyOpenSSL 19.1.0 (OpenSSL 1.1.1d  10 Sep 2019), cryptography 2.8, Platform Linux-4.15.0-70-generic-x86_64-with-Ubuntu-18.04-bionic
2019-11-25 16:02:17 [scrapy.crawler] INFO: Overridden settings: {'BOT_NAME': 'TweetScraper', 'LOG_LEVEL': 'INFO', 'NEWSPIDER_MODULE': 'TweetScraper.spiders', 'SPIDER_MODULES': ['TweetScraper.spiders'], 'USER_AGENT': 'TweetScraper'}
2019-11-25 16:02:17 [scrapy.extensions.telnet] INFO: Telnet Password: 1e223212d10be945
2019-11-25 16:02:18 [scrapy.middleware] INFO: Enabled extensions:
['scrapy.extensions.corestats.CoreStats',
 'scrapy.extensions.telnet.TelnetConsole',
 'scrapy.extensions.memusage.MemoryUsage',
 'scrapy.extensions.logstats.LogStats']
2019-11-25 16:02:18 [scrapy.middleware] INFO: Enabled downloader middlewares:
['scrapy.downloadermiddlewares.httpauth.HttpAuthMiddleware',
 'scrapy.downloadermiddlewares.downloadtimeout.DownloadTimeoutMiddleware',
 'scrapy.downloadermiddlewares.defaultheaders.DefaultHeadersMiddleware',
 'scrapy.downloadermiddlewares.useragent.UserAgentMiddleware',
 'scrapy.downloadermiddlewares.retry.RetryMiddleware',
 'scrapy.downloadermiddlewares.redirect.MetaRefreshMiddleware',
 'scrapy.downloadermiddlewares.httpcompression.HttpCompressionMiddleware',
 'scrapy.downloadermiddlewares.redirect.RedirectMiddleware',
 'scrapy.downloadermiddlewares.cookies.CookiesMiddleware',
 'scrapy.downloadermiddlewares.httpproxy.HttpProxyMiddleware',
 'scrapy.downloadermiddlewares.stats.DownloaderStats']
2019-11-25 16:02:18 [scrapy.middleware] INFO: Enabled spider middlewares:
['scrapy.spidermiddlewares.httperror.HttpErrorMiddleware',
 'scrapy.spidermiddlewares.offsite.OffsiteMiddleware',
 'scrapy.spidermiddlewares.referer.RefererMiddleware',
 'scrapy.spidermiddlewares.urllength.UrlLengthMiddleware',
 'scrapy.spidermiddlewares.depth.DepthMiddleware']
2019-11-25 16:02:18 [scrapy.middleware] INFO: Enabled item pipelines:
['TweetScraper.pipelines.SaveToFilePipeline']
2019-11-25 16:02:18 [scrapy.core.engine] INFO: Spider opened
2019-11-25 16:02:18 [scrapy.extensions.logstats] INFO: Crawled 0 pages (at 0 pages/min), scraped 0 items (at 0 items/min)
2019-11-25 16:02:18 [scrapy.extensions.telnet] INFO: Telnet console listening on 127.0.0.1:6023
2019-11-25 16:03:18 [scrapy.extensions.logstats] INFO: Crawled 89 pages (at 89 pages/min), scraped 1636 items (at 1636 items/min)
2019-11-25 16:04:18 [scrapy.extensions.logstats] INFO: Crawled 178 pages (at 89 pages/min), scraped 3294 items (at 1658 items/min)
2019-11-25 16:05:18 [scrapy.extensions.logstats] INFO: Crawled 267 pages (at 89 pages/min), scraped 4987 items (at 1693 items/min)
2019-11-25 16:06:18 [scrapy.extensions.logstats] INFO: Crawled 357 pages (at 90 pages/min), scraped 6532 items (at 1545 items/min)
2019-11-25 16:06:32 [scrapy.crawler] INFO: Received SIGTERM, shutting down gracefully. Send again to force 
2019-11-25 16:06:32 [scrapy.core.engine] INFO: Closing spider (shutdown)
2019-11-25 16:06:32 [scrapy.statscollectors] INFO: Dumping Scrapy stats:
{'downloader/request_bytes': 368195,
 'downloader/request_count': 378,
 'downloader/request_method_count/GET': 378,
 'downloader/response_bytes': 6841221,
 'downloader/response_count': 378,
 'downloader/response_status_count/200': 378,
 'elapsed_time_seconds': 254.191047,
 'finish_reason': 'shutdown',
 'finish_time': datetime.datetime(2019, 11, 25, 8, 6, 32, 623082),
 'item_scraped_count': 6943,
 'log_count/INFO': 15,
 'memusage/max': 71737344,
 'memusage/startup': 56406016,
 'request_depth_max': 378,
 'response_received_count': 378,
 'scheduler/dequeued': 378,
 'scheduler/dequeued/memory': 378,
 'scheduler/enqueued': 379,
 'scheduler/enqueued/memory': 379,
 'start_time': datetime.datetime(2019, 11, 25, 8, 2, 18, 432035)}
2019-11-25 16:06:32 [scrapy.core.engine] INFO: Spider closed (shutdown)
