nohup: ignoring input
2019-11-25 16:21:06 [scrapy.utils.log] INFO: Scrapy 1.8.0 started (bot: TweetScraper)
2019-11-25 16:21:06 [scrapy.utils.log] INFO: Versions: lxml 4.4.1.0, libxml2 2.9.9, cssselect 1.1.0, parsel 1.5.2, w3lib 1.21.0, Twisted 19.10.0, Python 3.6.8 (default, Oct  7 2019, 12:59:55) - [GCC 8.3.0], pyOpenSSL 19.1.0 (OpenSSL 1.1.1d  10 Sep 2019), cryptography 2.8, Platform Linux-4.15.0-70-generic-x86_64-with-Ubuntu-18.04-bionic
2019-11-25 16:21:06 [scrapy.crawler] INFO: Overridden settings: {'BOT_NAME': 'TweetScraper', 'LOG_LEVEL': 'INFO', 'NEWSPIDER_MODULE': 'TweetScraper.spiders', 'SPIDER_MODULES': ['TweetScraper.spiders'], 'USER_AGENT': 'TweetScraper'}
2019-11-25 16:21:06 [scrapy.extensions.telnet] INFO: Telnet Password: 520e16c0e0ade8a6
2019-11-25 16:21:06 [scrapy.middleware] INFO: Enabled extensions:
['scrapy.extensions.corestats.CoreStats',
 'scrapy.extensions.telnet.TelnetConsole',
 'scrapy.extensions.memusage.MemoryUsage',
 'scrapy.extensions.logstats.LogStats']
2019-11-25 16:21:06 [scrapy.middleware] INFO: Enabled downloader middlewares:
['scrapy.downloadermiddlewares.httpauth.HttpAuthMiddleware',
 'scrapy.downloadermiddlewares.downloadtimeout.DownloadTimeoutMiddleware',
 'scrapy.downloadermiddlewares.defaultheaders.DefaultHeadersMiddleware',
 'scrapy.downloadermiddlewares.useragent.UserAgentMiddleware',
 'scrapy.downloadermiddlewares.retry.RetryMiddleware',
 'scrapy.downloadermiddlewares.redirect.MetaRefreshMiddleware',
 'scrapy.downloadermiddlewares.httpcompression.HttpCompressionMiddleware',
 'scrapy.downloadermiddlewares.redirect.RedirectMiddleware',
 'scrapy.downloadermiddlewares.cookies.CookiesMiddleware',
 'scrapy.downloadermiddlewares.httpproxy.HttpProxyMiddleware',
 'scrapy.downloadermiddlewares.stats.DownloaderStats']
2019-11-25 16:21:06 [scrapy.middleware] INFO: Enabled spider middlewares:
['scrapy.spidermiddlewares.httperror.HttpErrorMiddleware',
 'scrapy.spidermiddlewares.offsite.OffsiteMiddleware',
 'scrapy.spidermiddlewares.referer.RefererMiddleware',
 'scrapy.spidermiddlewares.urllength.UrlLengthMiddleware',
 'scrapy.spidermiddlewares.depth.DepthMiddleware']
2019-11-25 16:21:07 [scrapy.middleware] INFO: Enabled item pipelines:
['TweetScraper.pipelines.SaveToFilePipeline']
2019-11-25 16:21:07 [scrapy.core.engine] INFO: Spider opened
2019-11-25 16:21:07 [scrapy.extensions.logstats] INFO: Crawled 0 pages (at 0 pages/min), scraped 0 items (at 0 items/min)
2019-11-25 16:21:07 [scrapy.extensions.telnet] INFO: Telnet console listening on 127.0.0.1:6027
2019-11-25 16:22:07 [scrapy.extensions.logstats] INFO: Crawled 87 pages (at 87 pages/min), scraped 1732 items (at 1732 items/min)
2019-11-25 16:23:07 [scrapy.extensions.logstats] INFO: Crawled 173 pages (at 86 pages/min), scraped 3451 items (at 1719 items/min)
2019-11-25 16:24:07 [scrapy.extensions.logstats] INFO: Crawled 258 pages (at 85 pages/min), scraped 5151 items (at 1700 items/min)
2019-11-25 16:25:07 [scrapy.extensions.logstats] INFO: Crawled 336 pages (at 78 pages/min), scraped 6689 items (at 1538 items/min)
2019-11-25 16:26:07 [scrapy.extensions.logstats] INFO: Crawled 408 pages (at 72 pages/min), scraped 8110 items (at 1421 items/min)
2019-11-25 16:27:07 [scrapy.extensions.logstats] INFO: Crawled 484 pages (at 76 pages/min), scraped 9614 items (at 1504 items/min)
2019-11-25 16:28:07 [scrapy.extensions.logstats] INFO: Crawled 568 pages (at 84 pages/min), scraped 11294 items (at 1680 items/min)
2019-11-25 16:29:07 [scrapy.extensions.logstats] INFO: Crawled 654 pages (at 86 pages/min), scraped 12993 items (at 1699 items/min)
2019-11-25 16:30:07 [scrapy.extensions.logstats] INFO: Crawled 739 pages (at 85 pages/min), scraped 14712 items (at 1719 items/min)
2019-11-25 16:31:07 [scrapy.extensions.logstats] INFO: Crawled 826 pages (at 87 pages/min), scraped 16432 items (at 1720 items/min)
2019-11-25 16:32:07 [scrapy.extensions.logstats] INFO: Crawled 913 pages (at 87 pages/min), scraped 18188 items (at 1756 items/min)
2019-11-25 16:33:07 [scrapy.extensions.logstats] INFO: Crawled 999 pages (at 86 pages/min), scraped 19888 items (at 1700 items/min)
2019-11-25 16:34:07 [scrapy.extensions.logstats] INFO: Crawled 1084 pages (at 85 pages/min), scraped 21608 items (at 1720 items/min)
2019-11-25 16:35:07 [scrapy.extensions.logstats] INFO: Crawled 1169 pages (at 85 pages/min), scraped 23304 items (at 1696 items/min)
2019-11-25 16:36:07 [scrapy.extensions.logstats] INFO: Crawled 1254 pages (at 85 pages/min), scraped 25008 items (at 1704 items/min)
2019-11-25 16:37:07 [scrapy.extensions.logstats] INFO: Crawled 1341 pages (at 87 pages/min), scraped 26729 items (at 1721 items/min)
2019-11-25 16:38:07 [scrapy.extensions.logstats] INFO: Crawled 1427 pages (at 86 pages/min), scraped 28404 items (at 1675 items/min)
2019-11-25 16:39:07 [scrapy.extensions.logstats] INFO: Crawled 1512 pages (at 85 pages/min), scraped 30104 items (at 1700 items/min)
2019-11-25 16:40:07 [scrapy.extensions.logstats] INFO: Crawled 1599 pages (at 87 pages/min), scraped 31812 items (at 1708 items/min)
2019-11-25 16:41:07 [scrapy.extensions.logstats] INFO: Crawled 1688 pages (at 89 pages/min), scraped 33503 items (at 1691 items/min)
2019-11-25 16:42:07 [scrapy.extensions.logstats] INFO: Crawled 1774 pages (at 86 pages/min), scraped 35168 items (at 1665 items/min)
2019-11-25 16:43:07 [scrapy.extensions.logstats] INFO: Crawled 1863 pages (at 89 pages/min), scraped 36857 items (at 1689 items/min)
2019-11-25 16:44:07 [scrapy.extensions.logstats] INFO: Crawled 1953 pages (at 90 pages/min), scraped 38606 items (at 1749 items/min)
2019-11-25 16:45:07 [scrapy.extensions.logstats] INFO: Crawled 2042 pages (at 89 pages/min), scraped 40347 items (at 1741 items/min)
2019-11-25 16:46:07 [scrapy.extensions.logstats] INFO: Crawled 2131 pages (at 89 pages/min), scraped 42127 items (at 1780 items/min)
2019-11-25 16:47:07 [scrapy.extensions.logstats] INFO: Crawled 2222 pages (at 91 pages/min), scraped 43947 items (at 1820 items/min)
2019-11-25 16:48:07 [scrapy.extensions.logstats] INFO: Crawled 2314 pages (at 92 pages/min), scraped 45787 items (at 1840 items/min)
2019-11-25 16:49:07 [scrapy.extensions.logstats] INFO: Crawled 2406 pages (at 92 pages/min), scraped 47615 items (at 1828 items/min)
2019-11-25 16:50:07 [scrapy.extensions.logstats] INFO: Crawled 2499 pages (at 93 pages/min), scraped 49466 items (at 1851 items/min)
2019-11-25 16:51:07 [scrapy.extensions.logstats] INFO: Crawled 2590 pages (at 91 pages/min), scraped 51289 items (at 1823 items/min)
2019-11-25 16:52:07 [scrapy.extensions.logstats] INFO: Crawled 2684 pages (at 94 pages/min), scraped 53055 items (at 1766 items/min)
2019-11-25 16:53:07 [scrapy.extensions.logstats] INFO: Crawled 2776 pages (at 92 pages/min), scraped 54764 items (at 1709 items/min)
2019-11-25 16:54:07 [scrapy.extensions.logstats] INFO: Crawled 2869 pages (at 93 pages/min), scraped 56469 items (at 1705 items/min)
2019-11-25 16:55:07 [scrapy.extensions.logstats] INFO: Crawled 2962 pages (at 93 pages/min), scraped 58276 items (at 1807 items/min)
2019-11-25 16:56:07 [scrapy.extensions.logstats] INFO: Crawled 3054 pages (at 92 pages/min), scraped 60057 items (at 1781 items/min)
2019-11-25 16:57:07 [scrapy.extensions.logstats] INFO: Crawled 3144 pages (at 90 pages/min), scraped 61848 items (at 1791 items/min)
2019-11-25 16:58:07 [scrapy.extensions.logstats] INFO: Crawled 3235 pages (at 91 pages/min), scraped 63668 items (at 1820 items/min)
2019-11-25 16:59:07 [scrapy.extensions.logstats] INFO: Crawled 3327 pages (at 92 pages/min), scraped 65495 items (at 1827 items/min)
2019-11-25 17:00:07 [scrapy.extensions.logstats] INFO: Crawled 3419 pages (at 92 pages/min), scraped 67335 items (at 1840 items/min)
2019-11-25 17:01:07 [scrapy.extensions.logstats] INFO: Crawled 3511 pages (at 92 pages/min), scraped 69171 items (at 1836 items/min)
2019-11-25 17:02:07 [scrapy.extensions.logstats] INFO: Crawled 3603 pages (at 92 pages/min), scraped 70965 items (at 1794 items/min)
2019-11-25 17:03:07 [scrapy.extensions.logstats] INFO: Crawled 3695 pages (at 92 pages/min), scraped 72823 items (at 1858 items/min)
2019-11-25 17:04:07 [scrapy.extensions.logstats] INFO: Crawled 3788 pages (at 93 pages/min), scraped 74680 items (at 1857 items/min)
2019-11-25 17:05:07 [scrapy.extensions.logstats] INFO: Crawled 3880 pages (at 92 pages/min), scraped 76498 items (at 1818 items/min)
2019-11-25 17:06:07 [scrapy.extensions.logstats] INFO: Crawled 3972 pages (at 92 pages/min), scraped 78355 items (at 1857 items/min)
2019-11-25 17:07:07 [scrapy.extensions.logstats] INFO: Crawled 4064 pages (at 92 pages/min), scraped 80195 items (at 1840 items/min)
2019-11-25 17:08:07 [scrapy.extensions.logstats] INFO: Crawled 4156 pages (at 92 pages/min), scraped 82035 items (at 1840 items/min)
2019-11-25 17:09:07 [scrapy.extensions.logstats] INFO: Crawled 4248 pages (at 92 pages/min), scraped 83875 items (at 1840 items/min)
2019-11-25 17:10:07 [scrapy.extensions.logstats] INFO: Crawled 4342 pages (at 94 pages/min), scraped 85750 items (at 1875 items/min)
2019-11-25 17:11:07 [scrapy.extensions.logstats] INFO: Crawled 4436 pages (at 94 pages/min), scraped 87613 items (at 1863 items/min)
2019-11-25 17:12:07 [scrapy.extensions.logstats] INFO: Crawled 4529 pages (at 93 pages/min), scraped 89489 items (at 1876 items/min)
2019-11-25 17:13:07 [scrapy.extensions.logstats] INFO: Crawled 4622 pages (at 93 pages/min), scraped 91349 items (at 1860 items/min)
2019-11-25 17:14:07 [scrapy.extensions.logstats] INFO: Crawled 4716 pages (at 94 pages/min), scraped 93229 items (at 1880 items/min)
2019-11-25 17:15:07 [scrapy.extensions.logstats] INFO: Crawled 4809 pages (at 93 pages/min), scraped 95089 items (at 1860 items/min)
2019-11-25 17:16:07 [scrapy.extensions.logstats] INFO: Crawled 4901 pages (at 92 pages/min), scraped 96926 items (at 1837 items/min)
2019-11-25 17:17:07 [scrapy.extensions.logstats] INFO: Crawled 4995 pages (at 94 pages/min), scraped 98809 items (at 1883 items/min)
2019-11-25 17:18:07 [scrapy.extensions.logstats] INFO: Crawled 5090 pages (at 95 pages/min), scraped 100689 items (at 1880 items/min)
2019-11-25 17:19:07 [scrapy.extensions.logstats] INFO: Crawled 5185 pages (at 95 pages/min), scraped 102609 items (at 1920 items/min)
2019-11-25 17:20:07 [scrapy.extensions.logstats] INFO: Crawled 5280 pages (at 95 pages/min), scraped 104509 items (at 1900 items/min)
2019-11-25 17:21:07 [scrapy.extensions.logstats] INFO: Crawled 5375 pages (at 95 pages/min), scraped 106409 items (at 1900 items/min)
2019-11-25 17:22:07 [scrapy.extensions.logstats] INFO: Crawled 5471 pages (at 96 pages/min), scraped 108313 items (at 1904 items/min)
2019-11-25 17:23:07 [scrapy.extensions.logstats] INFO: Crawled 5566 pages (at 95 pages/min), scraped 110229 items (at 1916 items/min)
2019-11-25 17:24:07 [scrapy.extensions.logstats] INFO: Crawled 5659 pages (at 93 pages/min), scraped 112089 items (at 1860 items/min)
2019-11-25 17:25:07 [scrapy.extensions.logstats] INFO: Crawled 5755 pages (at 96 pages/min), scraped 114009 items (at 1920 items/min)
2019-11-25 17:26:07 [scrapy.extensions.logstats] INFO: Crawled 5851 pages (at 96 pages/min), scraped 115909 items (at 1900 items/min)
2019-11-25 17:27:07 [scrapy.extensions.logstats] INFO: Crawled 5942 pages (at 91 pages/min), scraped 117729 items (at 1820 items/min)
2019-11-25 17:28:07 [scrapy.extensions.logstats] INFO: Crawled 6036 pages (at 94 pages/min), scraped 119610 items (at 1881 items/min)
2019-11-25 17:29:07 [scrapy.extensions.logstats] INFO: Crawled 6130 pages (at 94 pages/min), scraped 121506 items (at 1896 items/min)
2019-11-25 17:30:07 [scrapy.extensions.logstats] INFO: Crawled 6224 pages (at 94 pages/min), scraped 123365 items (at 1859 items/min)
2019-11-25 17:31:07 [scrapy.extensions.logstats] INFO: Crawled 6318 pages (at 94 pages/min), scraped 125263 items (at 1898 items/min)
2019-11-25 17:32:07 [scrapy.extensions.logstats] INFO: Crawled 6413 pages (at 95 pages/min), scraped 127160 items (at 1897 items/min)
2019-11-25 17:33:07 [scrapy.extensions.logstats] INFO: Crawled 6507 pages (at 94 pages/min), scraped 129040 items (at 1880 items/min)
2019-11-25 17:34:07 [scrapy.extensions.logstats] INFO: Crawled 6603 pages (at 96 pages/min), scraped 130960 items (at 1920 items/min)
2019-11-25 17:35:07 [scrapy.extensions.logstats] INFO: Crawled 6701 pages (at 98 pages/min), scraped 132900 items (at 1940 items/min)
2019-11-25 17:36:07 [scrapy.extensions.logstats] INFO: Crawled 6796 pages (at 95 pages/min), scraped 134820 items (at 1920 items/min)
2019-11-25 17:37:07 [scrapy.extensions.logstats] INFO: Crawled 6892 pages (at 96 pages/min), scraped 136740 items (at 1920 items/min)
2019-11-25 17:38:07 [scrapy.extensions.logstats] INFO: Crawled 6991 pages (at 99 pages/min), scraped 138720 items (at 1980 items/min)
2019-11-25 17:39:07 [scrapy.extensions.logstats] INFO: Crawled 7086 pages (at 95 pages/min), scraped 140598 items (at 1878 items/min)
2019-11-25 17:40:07 [scrapy.extensions.logstats] INFO: Crawled 7171 pages (at 85 pages/min), scraped 142298 items (at 1700 items/min)
2019-11-25 17:41:07 [scrapy.extensions.logstats] INFO: Crawled 7255 pages (at 84 pages/min), scraped 143998 items (at 1700 items/min)
2019-11-25 17:42:07 [scrapy.extensions.logstats] INFO: Crawled 7339 pages (at 84 pages/min), scraped 145678 items (at 1680 items/min)
2019-11-25 17:43:07 [scrapy.extensions.logstats] INFO: Crawled 7423 pages (at 84 pages/min), scraped 147338 items (at 1660 items/min)
2019-11-25 17:44:07 [scrapy.extensions.logstats] INFO: Crawled 7507 pages (at 84 pages/min), scraped 149038 items (at 1700 items/min)
2019-11-25 17:45:07 [scrapy.extensions.logstats] INFO: Crawled 7599 pages (at 92 pages/min), scraped 150878 items (at 1840 items/min)
2019-11-25 17:46:07 [scrapy.extensions.logstats] INFO: Crawled 7690 pages (at 91 pages/min), scraped 152686 items (at 1808 items/min)
2019-11-25 17:47:07 [scrapy.extensions.logstats] INFO: Crawled 7781 pages (at 91 pages/min), scraped 154518 items (at 1832 items/min)
2019-11-25 17:48:07 [scrapy.extensions.logstats] INFO: Crawled 7871 pages (at 90 pages/min), scraped 156318 items (at 1800 items/min)
2019-11-25 17:49:07 [scrapy.extensions.logstats] INFO: Crawled 7962 pages (at 91 pages/min), scraped 158138 items (at 1820 items/min)
2019-11-25 17:50:07 [scrapy.extensions.logstats] INFO: Crawled 8053 pages (at 91 pages/min), scraped 159957 items (at 1819 items/min)
2019-11-25 17:51:07 [scrapy.extensions.logstats] INFO: Crawled 8143 pages (at 90 pages/min), scraped 161757 items (at 1800 items/min)
2019-11-25 17:52:07 [scrapy.extensions.logstats] INFO: Crawled 8230 pages (at 87 pages/min), scraped 163480 items (at 1723 items/min)
2019-11-25 17:53:07 [scrapy.extensions.logstats] INFO: Crawled 8318 pages (at 88 pages/min), scraped 165240 items (at 1760 items/min)
2019-11-25 17:54:07 [scrapy.extensions.logstats] INFO: Crawled 8406 pages (at 88 pages/min), scraped 167000 items (at 1760 items/min)
2019-11-25 17:55:07 [scrapy.extensions.logstats] INFO: Crawled 8496 pages (at 90 pages/min), scraped 168800 items (at 1800 items/min)
2019-11-25 17:56:07 [scrapy.extensions.logstats] INFO: Crawled 8585 pages (at 89 pages/min), scraped 170564 items (at 1764 items/min)
2019-11-25 17:57:07 [scrapy.extensions.logstats] INFO: Crawled 8673 pages (at 88 pages/min), scraped 172324 items (at 1760 items/min)
2019-11-25 17:58:07 [scrapy.extensions.logstats] INFO: Crawled 8766 pages (at 93 pages/min), scraped 174164 items (at 1840 items/min)
2019-11-25 17:59:07 [scrapy.extensions.logstats] INFO: Crawled 8855 pages (at 89 pages/min), scraped 175944 items (at 1780 items/min)
2019-11-25 18:00:07 [scrapy.extensions.logstats] INFO: Crawled 8942 pages (at 87 pages/min), scraped 177704 items (at 1760 items/min)
2019-11-25 18:01:07 [scrapy.extensions.logstats] INFO: Crawled 9032 pages (at 90 pages/min), scraped 179504 items (at 1800 items/min)
2019-11-25 18:02:07 [scrapy.extensions.logstats] INFO: Crawled 9120 pages (at 88 pages/min), scraped 181264 items (at 1760 items/min)
2019-11-25 18:03:07 [scrapy.extensions.logstats] INFO: Crawled 9209 pages (at 89 pages/min), scraped 183044 items (at 1780 items/min)
2019-11-25 18:04:07 [scrapy.extensions.logstats] INFO: Crawled 9300 pages (at 91 pages/min), scraped 184864 items (at 1820 items/min)
2019-11-25 18:05:07 [scrapy.extensions.logstats] INFO: Crawled 9388 pages (at 88 pages/min), scraped 186604 items (at 1740 items/min)
2019-11-25 18:06:07 [scrapy.extensions.logstats] INFO: Crawled 9473 pages (at 85 pages/min), scraped 188324 items (at 1720 items/min)
2019-11-25 18:07:07 [scrapy.extensions.logstats] INFO: Crawled 9559 pages (at 86 pages/min), scraped 190044 items (at 1720 items/min)
2019-11-25 18:08:07 [scrapy.extensions.logstats] INFO: Crawled 9648 pages (at 89 pages/min), scraped 191824 items (at 1780 items/min)
2019-11-25 18:09:07 [scrapy.extensions.logstats] INFO: Crawled 9736 pages (at 88 pages/min), scraped 193564 items (at 1740 items/min)
2019-11-25 18:10:07 [scrapy.extensions.logstats] INFO: Crawled 9825 pages (at 89 pages/min), scraped 195364 items (at 1800 items/min)
2019-11-25 18:11:07 [scrapy.extensions.logstats] INFO: Crawled 9913 pages (at 88 pages/min), scraped 197124 items (at 1760 items/min)
2019-11-25 18:12:07 [scrapy.extensions.logstats] INFO: Crawled 10001 pages (at 88 pages/min), scraped 198864 items (at 1740 items/min)
2019-11-25 18:13:07 [scrapy.extensions.logstats] INFO: Crawled 10088 pages (at 87 pages/min), scraped 200613 items (at 1749 items/min)
2019-11-25 18:14:07 [scrapy.extensions.logstats] INFO: Crawled 10177 pages (at 89 pages/min), scraped 202381 items (at 1768 items/min)
2019-11-25 18:15:07 [scrapy.extensions.logstats] INFO: Crawled 10263 pages (at 86 pages/min), scraped 204121 items (at 1740 items/min)
2019-11-25 18:16:07 [scrapy.extensions.logstats] INFO: Crawled 10352 pages (at 89 pages/min), scraped 205881 items (at 1760 items/min)
2019-11-25 18:17:07 [scrapy.extensions.logstats] INFO: Crawled 10441 pages (at 89 pages/min), scraped 207681 items (at 1800 items/min)
2019-11-25 18:18:07 [scrapy.extensions.logstats] INFO: Crawled 10530 pages (at 89 pages/min), scraped 209461 items (at 1780 items/min)
2019-11-25 18:19:07 [scrapy.extensions.logstats] INFO: Crawled 10618 pages (at 88 pages/min), scraped 211221 items (at 1760 items/min)
2019-11-25 18:20:07 [scrapy.extensions.logstats] INFO: Crawled 10707 pages (at 89 pages/min), scraped 213001 items (at 1780 items/min)
2019-11-25 18:21:07 [scrapy.extensions.logstats] INFO: Crawled 10795 pages (at 88 pages/min), scraped 214756 items (at 1755 items/min)
2019-11-25 18:22:07 [scrapy.extensions.logstats] INFO: Crawled 10883 pages (at 88 pages/min), scraped 216516 items (at 1760 items/min)
2019-11-25 18:23:07 [scrapy.extensions.logstats] INFO: Crawled 10971 pages (at 88 pages/min), scraped 218276 items (at 1760 items/min)
2019-11-25 18:24:07 [scrapy.extensions.logstats] INFO: Crawled 11060 pages (at 89 pages/min), scraped 220025 items (at 1749 items/min)
2019-11-25 18:25:07 [scrapy.extensions.logstats] INFO: Crawled 11149 pages (at 89 pages/min), scraped 221805 items (at 1780 items/min)
2019-11-25 18:26:07 [scrapy.extensions.logstats] INFO: Crawled 11237 pages (at 88 pages/min), scraped 223565 items (at 1760 items/min)
2019-11-25 18:27:07 [scrapy.extensions.logstats] INFO: Crawled 11327 pages (at 90 pages/min), scraped 225365 items (at 1800 items/min)
2019-11-25 18:28:07 [scrapy.extensions.logstats] INFO: Crawled 11416 pages (at 89 pages/min), scraped 227145 items (at 1780 items/min)
2019-11-25 18:29:07 [scrapy.extensions.logstats] INFO: Crawled 11506 pages (at 90 pages/min), scraped 228932 items (at 1787 items/min)
2019-11-25 18:30:07 [scrapy.extensions.logstats] INFO: Crawled 11594 pages (at 88 pages/min), scraped 230693 items (at 1761 items/min)
2019-11-25 18:31:07 [scrapy.extensions.logstats] INFO: Crawled 11683 pages (at 89 pages/min), scraped 232467 items (at 1774 items/min)
2019-11-25 18:32:07 [scrapy.extensions.logstats] INFO: Crawled 11772 pages (at 89 pages/min), scraped 234236 items (at 1769 items/min)
2019-11-25 18:33:07 [scrapy.extensions.logstats] INFO: Crawled 11861 pages (at 89 pages/min), scraped 236007 items (at 1771 items/min)
2019-11-25 18:34:07 [scrapy.extensions.logstats] INFO: Crawled 11948 pages (at 87 pages/min), scraped 237734 items (at 1727 items/min)
2019-11-25 18:35:07 [scrapy.extensions.logstats] INFO: Crawled 12036 pages (at 88 pages/min), scraped 239490 items (at 1756 items/min)
2019-11-25 18:36:07 [scrapy.extensions.logstats] INFO: Crawled 12124 pages (at 88 pages/min), scraped 241243 items (at 1753 items/min)
2019-11-25 18:37:07 [scrapy.extensions.logstats] INFO: Crawled 12212 pages (at 88 pages/min), scraped 243003 items (at 1760 items/min)
2019-11-25 18:38:07 [scrapy.extensions.logstats] INFO: Crawled 12300 pages (at 88 pages/min), scraped 244762 items (at 1759 items/min)
2019-11-25 18:39:07 [scrapy.extensions.logstats] INFO: Crawled 12389 pages (at 89 pages/min), scraped 246518 items (at 1756 items/min)
2019-11-25 18:40:07 [scrapy.extensions.logstats] INFO: Crawled 12478 pages (at 89 pages/min), scraped 248318 items (at 1800 items/min)
2019-11-25 18:41:07 [scrapy.extensions.logstats] INFO: Crawled 12567 pages (at 89 pages/min), scraped 250077 items (at 1759 items/min)
2019-11-25 18:42:07 [scrapy.extensions.logstats] INFO: Crawled 12657 pages (at 90 pages/min), scraped 251886 items (at 1809 items/min)
2019-11-25 18:43:07 [scrapy.extensions.logstats] INFO: Crawled 12745 pages (at 88 pages/min), scraped 253637 items (at 1751 items/min)
2019-11-25 18:44:07 [scrapy.extensions.logstats] INFO: Crawled 12835 pages (at 90 pages/min), scraped 255419 items (at 1782 items/min)
2019-11-25 18:45:07 [scrapy.extensions.logstats] INFO: Crawled 12925 pages (at 90 pages/min), scraped 257196 items (at 1777 items/min)
2019-11-25 18:46:07 [scrapy.extensions.logstats] INFO: Crawled 13017 pages (at 92 pages/min), scraped 259024 items (at 1828 items/min)
2019-11-25 18:47:07 [scrapy.extensions.logstats] INFO: Crawled 13105 pages (at 88 pages/min), scraped 260748 items (at 1724 items/min)
2019-11-25 18:48:07 [scrapy.extensions.logstats] INFO: Crawled 13196 pages (at 91 pages/min), scraped 262513 items (at 1765 items/min)
2019-11-25 18:49:07 [scrapy.extensions.logstats] INFO: Crawled 13285 pages (at 89 pages/min), scraped 264266 items (at 1753 items/min)
2019-11-25 18:50:07 [scrapy.extensions.logstats] INFO: Crawled 13376 pages (at 91 pages/min), scraped 266030 items (at 1764 items/min)
2019-11-25 18:51:07 [scrapy.extensions.logstats] INFO: Crawled 13468 pages (at 92 pages/min), scraped 267725 items (at 1695 items/min)
2019-11-25 18:52:07 [scrapy.extensions.logstats] INFO: Crawled 13554 pages (at 86 pages/min), scraped 269422 items (at 1697 items/min)
2019-11-25 18:53:07 [scrapy.extensions.logstats] INFO: Crawled 13643 pages (at 89 pages/min), scraped 271194 items (at 1772 items/min)
2019-11-25 18:54:07 [scrapy.extensions.logstats] INFO: Crawled 13731 pages (at 88 pages/min), scraped 272931 items (at 1737 items/min)
2019-11-25 18:55:07 [scrapy.extensions.logstats] INFO: Crawled 13818 pages (at 87 pages/min), scraped 274688 items (at 1757 items/min)
2019-11-25 18:56:07 [scrapy.extensions.logstats] INFO: Crawled 13907 pages (at 89 pages/min), scraped 276460 items (at 1772 items/min)
2019-11-25 18:57:07 [scrapy.extensions.logstats] INFO: Crawled 13994 pages (at 87 pages/min), scraped 278199 items (at 1739 items/min)
2019-11-25 18:58:07 [scrapy.extensions.logstats] INFO: Crawled 14083 pages (at 89 pages/min), scraped 279974 items (at 1775 items/min)
2019-11-25 18:59:07 [scrapy.extensions.logstats] INFO: Crawled 14172 pages (at 89 pages/min), scraped 281738 items (at 1764 items/min)
2019-11-25 19:00:07 [scrapy.extensions.logstats] INFO: Crawled 14261 pages (at 89 pages/min), scraped 283517 items (at 1779 items/min)
2019-11-25 19:01:07 [scrapy.extensions.logstats] INFO: Crawled 14350 pages (at 89 pages/min), scraped 285277 items (at 1760 items/min)
2019-11-25 19:02:07 [scrapy.extensions.logstats] INFO: Crawled 14438 pages (at 88 pages/min), scraped 287057 items (at 1780 items/min)
2019-11-25 19:03:07 [scrapy.extensions.logstats] INFO: Crawled 14528 pages (at 90 pages/min), scraped 288853 items (at 1796 items/min)
2019-11-25 19:04:07 [scrapy.extensions.logstats] INFO: Crawled 14619 pages (at 91 pages/min), scraped 290666 items (at 1813 items/min)
2019-11-25 19:05:07 [scrapy.extensions.logstats] INFO: Crawled 14709 pages (at 90 pages/min), scraped 292433 items (at 1767 items/min)
2019-11-25 19:06:07 [scrapy.extensions.logstats] INFO: Crawled 14799 pages (at 90 pages/min), scraped 294228 items (at 1795 items/min)
2019-11-25 19:07:07 [scrapy.extensions.logstats] INFO: Crawled 14890 pages (at 91 pages/min), scraped 296048 items (at 1820 items/min)
2019-11-25 19:08:07 [scrapy.extensions.logstats] INFO: Crawled 14983 pages (at 93 pages/min), scraped 297871 items (at 1823 items/min)
2019-11-25 19:09:07 [scrapy.extensions.logstats] INFO: Crawled 15074 pages (at 91 pages/min), scraped 299690 items (at 1819 items/min)
2019-11-25 19:10:07 [scrapy.extensions.logstats] INFO: Crawled 15164 pages (at 90 pages/min), scraped 301480 items (at 1790 items/min)
2019-11-25 19:11:07 [scrapy.extensions.logstats] INFO: Crawled 15253 pages (at 89 pages/min), scraped 303249 items (at 1769 items/min)
2019-11-25 19:11:31 [scrapy.core.engine] INFO: Closing spider (finished)
2019-11-25 19:11:31 [scrapy.statscollectors] INFO: Dumping Scrapy stats:
{'downloader/request_bytes': 14797426,
 'downloader/request_count': 15292,
 'downloader/request_method_count/GET': 15292,
 'downloader/response_bytes': 212600708,
 'downloader/response_count': 15292,
 'downloader/response_status_count/200': 15292,
 'dupefilter/filtered': 1,
 'elapsed_time_seconds': 10224.686476,
 'finish_reason': 'finished',
 'finish_time': datetime.datetime(2019, 11, 25, 11, 11, 31, 725780),
 'item_scraped_count': 303970,
 'log_count/INFO': 180,
 'memusage/max': 73728000,
 'memusage/startup': 56680448,
 'request_depth_max': 15292,
 'response_received_count': 15292,
 'scheduler/dequeued': 15292,
 'scheduler/dequeued/memory': 15292,
 'scheduler/enqueued': 15292,
 'scheduler/enqueued/memory': 15292,
 'start_time': datetime.datetime(2019, 11, 25, 8, 21, 7, 39304)}
2019-11-25 19:11:31 [scrapy.core.engine] INFO: Spider closed (finished)
